
> libreollama@0.1.0 type-check
> tsc --noEmit

src/__tests__/task-deletion-integration.test.ts(9,5): error TS2322: Type 'never[]' is not assignable to type 'Record<string, UnifiedTask>'.
  Index signature for type 'string' is missing in type 'never[]'.
src/__tests__/task-deletion-integration.test.ts(30,17): error TS2349: This expression is not callable.
  Type 'UnifiedTask' has no call signatures.
src/__tests__/task-deletion-integration.test.ts(36,37): error TS2349: This expression is not callable.
  Type 'UnifiedTask' has no call signatures.
src/__tests__/task-deletion-integration.test.ts(36,42): error TS7006: Parameter 't' implicitly has an 'any' type.
src/__tests__/task-deletion-integration.test.ts(66,17): error TS2349: This expression is not callable.
  Type 'UnifiedTask' has no call signatures.
src/__tests__/task-deletion-integration.test.ts(70,7): error TS2353: Object literal may only specify known properties, and 'metadata' does not exist in type 'Partial<Omit<UnifiedTask, "id" | "syncState">>'.
src/__tests__/task-deletion-integration.test.ts(77,45): error TS2349: This expression is not callable.
  Type 'UnifiedTask' has no call signatures.
src/__tests__/task-deletion-integration.test.ts(77,50): error TS7006: Parameter 't' implicitly has an 'any' type.
src/__tests__/task-deletion-integration.test.ts(83,7): error TS2353: Object literal may only specify known properties, and 'metadata' does not exist in type 'Partial<Omit<UnifiedTask, "id" | "syncState">>'.
src/__tests__/task-deletion-integration.test.ts(90,43): error TS2349: This expression is not callable.
  Type 'UnifiedTask' has no call signatures.
src/__tests__/task-deletion-integration.test.ts(90,48): error TS7006: Parameter 't' implicitly has an 'any' type.
src/app/pages/__tests__/TasksAsanaClean.metadata.test.ts(8,5): error TS2322: Type 'never[]' is not assignable to type 'Record<string, UnifiedTask>'.
  Index signature for type 'string' is missing in type 'never[]'.
src/app/pages/__tests__/TasksAsanaClean.metadata.test.ts(28,17): error TS2349: This expression is not callable.
  Type 'UnifiedTask' has no call signatures.
src/app/pages/__tests__/TasksAsanaClean.metadata.test.ts(35,7): error TS2353: Object literal may only specify known properties, and 'metadata' does not exist in type 'Partial<Omit<UnifiedTask, "id" | "syncState">>'.
src/app/pages/__tests__/TasksAsanaClean.metadata.test.ts(50,37): error TS2349: This expression is not callable.
  Type 'UnifiedTask' has no call signatures.
src/app/pages/__tests__/TasksAsanaClean.metadata.test.ts(50,42): error TS7006: Parameter 't' implicitly has an 'any' type.
src/app/pages/__tests__/TasksAsanaClean.metadata.test.ts(71,17): error TS2349: This expression is not callable.
  Type 'UnifiedTask' has no call signatures.
src/app/pages/__tests__/TasksAsanaClean.metadata.test.ts(76,7): error TS2353: Object literal may only specify known properties, and 'metadata' does not exist in type 'Partial<Omit<UnifiedTask, "id" | "syncState">>'.
src/app/pages/__tests__/TasksAsanaClean.metadata.test.ts(83,37): error TS2349: This expression is not callable.
  Type 'UnifiedTask' has no call signatures.
src/app/pages/__tests__/TasksAsanaClean.metadata.test.ts(83,42): error TS7006: Parameter 't' implicitly has an 'any' type.
src/app/pages/calendar/components/AsanaEventModal.tsx(3,38): error TS2307: Cannot find module '../types' or its corresponding type declarations.
src/app/pages/calendar/components/AsanaEventModal.tsx(104,46): error TS7006: Parameter 'cal' implicitly has an 'any' type.
src/app/pages/calendar/components/AsanaTaskItem.tsx(90,14): error TS2367: This comparison appears to be unintentional because the types '"high" | "medium" | "low" | "none"' and '"normal"' have no overlap.
src/app/pages/calendar/components/AsanaTaskModal.tsx(160,50): error TS2339: Property 'label' does not exist on type '{ fontFamily: string; h1: { fontSize: string; fontWeight: number; letterSpacing: string; lineHeight: number; color: string; }; h2: { fontSize: string; fontWeight: number; letterSpacing: string; lineHeight: number; color: string; }; body: { ...; }; small: { ...; }; }'.
src/app/pages/calendar/components/AsanaTaskModal.tsx(175,50): error TS2339: Property 'label' does not exist on type '{ fontFamily: string; h1: { fontSize: string; fontWeight: number; letterSpacing: string; lineHeight: number; color: string; }; h2: { fontSize: string; fontWeight: number; letterSpacing: string; lineHeight: number; color: string; }; body: { ...; }; small: { ...; }; }'.
src/app/pages/calendar/components/AsanaTaskModal.tsx(191,52): error TS2339: Property 'label' does not exist on type '{ fontFamily: string; h1: { fontSize: string; fontWeight: number; letterSpacing: string; lineHeight: number; color: string; }; h2: { fontSize: string; fontWeight: number; letterSpacing: string; lineHeight: number; color: string; }; body: { ...; }; small: { ...; }; }'.
src/app/pages/calendar/components/AsanaTaskModal.tsx(204,52): error TS2339: Property 'label' does not exist on type '{ fontFamily: string; h1: { fontSize: string; fontWeight: number; letterSpacing: string; lineHeight: number; color: string; }; h2: { fontSize: string; fontWeight: number; letterSpacing: string; lineHeight: number; color: string; }; body: { ...; }; small: { ...; }; }'.
src/app/pages/calendar/components/AsanaTaskModal.tsx(222,50): error TS2339: Property 'label' does not exist on type '{ fontFamily: string; h1: { fontSize: string; fontWeight: number; letterSpacing: string; lineHeight: number; color: string; }; h2: { fontSize: string; fontWeight: number; letterSpacing: string; lineHeight: number; color: string; }; body: { ...; }; small: { ...; }; }'.
src/app/pages/calendar/components/AsanaTaskModal.tsx(282,50): error TS2339: Property 'label' does not exist on type '{ fontFamily: string; h1: { fontSize: string; fontWeight: number; letterSpacing: string; lineHeight: number; color: string; }; h2: { fontSize: string; fontWeight: number; letterSpacing: string; lineHeight: number; color: string; }; body: { ...; }; small: { ...; }; }'.
src/app/pages/calendar/components/CalendarEventComponents.tsx(3,45): error TS2307: Cannot find module './CalendarEventContentWrapper' or its corresponding type declarations.
src/app/pages/calendar/components/CalendarTaskSidebarEnhanced.tsx(103,19): error TS7053: Element implicitly has an 'any' type because expression of type '"high" | "medium" | "low" | "none" | "normal"' can't be used to index type '{ urgent: number; high: number; normal: number; low: number; }'.
  Property 'medium' does not exist on type '{ urgent: number; high: number; normal: number; low: number; }'.
src/app/pages/calendar/components/CalendarTaskSidebarEnhanced.tsx(103,66): error TS7053: Element implicitly has an 'any' type because expression of type '"high" | "medium" | "low" | "none" | "normal"' can't be used to index type '{ urgent: number; high: number; normal: number; low: number; }'.
  Property 'medium' does not exist on type '{ urgent: number; high: number; normal: number; low: number; }'.
src/app/pages/calendar/components/CalendarTaskSidebarEnhanced.tsx(180,9): error TS2322: Type '"high" | "low" | "normal" | "urgent" | undefined' is not assignable to type '"high" | "medium" | "low" | "none" | undefined'.
  Type '"normal"' is not assignable to type '"high" | "medium" | "low" | "none" | undefined'.
src/app/pages/calendar/components/CalendarTaskSidebarEnhanced.tsx(459,15): error TS2322: Type '(data: { title: string; notes?: string; due?: string; priority?: "low" | "normal" | "high" | "urgent"; labels?: string[]; }) => Promise<void>' is not assignable to type '(data: { title: string; notes?: string | undefined; due?: string | undefined; priority?: "high" | "medium" | "low" | "none" | undefined; labels?: string[] | undefined; }) => Promise<void>'.
  Types of parameters 'data' and 'data' are incompatible.
    Type '{ title: string; notes?: string | undefined; due?: string | undefined; priority?: "high" | "medium" | "low" | "none" | undefined; labels?: string[] | undefined; }' is not assignable to type '{ title: string; notes?: string | undefined; due?: string | undefined; priority?: "high" | "low" | "normal" | "urgent" | undefined; labels?: string[] | undefined; }'.
      Types of property 'priority' are incompatible.
        Type '"high" | "medium" | "low" | "none" | undefined' is not assignable to type '"high" | "low" | "normal" | "urgent" | undefined'.
          Type '"medium"' is not assignable to type '"high" | "low" | "normal" | "urgent" | undefined'.
src/app/pages/calendar/components/CalendarTaskSidebarEnhanced.tsx(555,106): error TS2339: Property 'labels' does not exist on type 'GoogleTask'.
src/app/pages/calendar/components/CalendarTaskSidebarEnhanced.tsx(555,121): error TS2339: Property 'labels' does not exist on type 'GoogleTask'.
src/app/pages/calendar/components/CalendarTaskSidebarEnhanced.tsx(572,35): error TS2339: Property 'labels' does not exist on type 'GoogleTask'.
src/app/pages/calendar/components/CalendarTaskSidebarEnhanced.tsx(572,50): error TS2339: Property 'labels' does not exist on type 'GoogleTask'.
src/app/pages/calendar/components/CalendarTaskSidebarEnhanced.tsx(574,39): error TS2339: Property 'labels' does not exist on type 'GoogleTask'.
src/app/pages/calendar/components/CalendarTaskSidebarEnhanced.tsx(574,63): error TS7006: Parameter 'label' implicitly has an 'any' type.
src/app/pages/calendar/components/CalendarTaskSidebarEnhanced.tsx(574,70): error TS7006: Parameter 'index' implicitly has an 'any' type.
src/app/pages/calendar/components/CalendarTaskSidebarEnhanced.tsx(587,39): error TS2339: Property 'labels' does not exist on type 'GoogleTask'.
src/app/pages/calendar/components/CalendarTaskSidebarEnhanced.tsx(588,82): error TS2339: Property 'labels' does not exist on type 'GoogleTask'.
src/app/pages/calendar/components/dnd/DraggableTask.tsx(4,28): error TS2307: Cannot find module '../../../../types/google' or its corresponding type declarations.
src/app/pages/calendar/components/TaskContextMenu.tsx(4,37): error TS2307: Cannot find module '../types' or its corresponding type declarations.
src/app/pages/calendar/hooks/useCalendarEventHandlers.ts(95,15): error TS2345: Argument of type 'CalendarView' is not assignable to parameter of type 'SetStateAction<CalendarView>'.
  Type '"work_week"' is not assignable to type 'SetStateAction<CalendarView>'.
src/app/pages/calendar/hooks/useCalendarEventHandlers.ts(133,18): error TS2339: Property 'googleId' does not exist on type 'UnifiedTask'.
src/app/pages/calendar/hooks/useCalendarEventHandlers.ts(172,18): error TS2339: Property 'googleId' does not exist on type 'UnifiedTask'.
src/app/pages/calendar/hooks/useCalendarEventHandlers.ts(191,18): error TS2339: Property 'googleId' does not exist on type 'UnifiedTask'.
src/app/pages/calendar/hooks/useCalendarEventHandlers.ts(206,57): error TS2339: Property 'googleId' does not exist on type 'UnifiedTask'.
src/app/pages/calendar/hooks/useCalendarEventHandlers.ts(222,57): error TS2339: Property 'googleId' does not exist on type 'UnifiedTask'.
src/app/pages/calendar/hooks/useCalendarEventHandlers.ts(225,36): error TS2322: Type 'string' is not assignable to type '"high" | "medium" | "low" | "none" | undefined'.
src/app/pages/calendar/hooks/useCalendarOperations.ts(6,31): error TS2307: Cannot find module '../types' or its corresponding type declarations.
src/app/pages/calendar/hooks/useCalendarOperations.ts(89,19): error TS2339: Property 'allDay' does not exist on type 'GoogleCalendarEvent'.
src/app/pages/calendar/hooks/useCalendarOperations.ts(101,69): error TS2339: Property 'recurringEventId' does not exist on type 'GoogleCalendarEvent'.
src/app/pages/calendar/hooks/useCalendarOperations.ts(138,11): error TS2322: Type 'Date' is not assignable to type 'string'.
src/app/pages/calendar/hooks/useCalendarOperations.ts(139,11): error TS2322: Type 'string | Date' is not assignable to type 'string'.
  Type 'Date' is not assignable to type 'string'.
src/app/pages/calendar/hooks/useCalendarOperations.ts(146,11): error TS2322: Type 'Date' is not assignable to type 'string'.
src/app/pages/calendar/hooks/useCalendarOperations.ts(147,11): error TS2322: Type 'string | Date' is not assignable to type 'string'.
  Type 'Date' is not assignable to type 'string'.
src/app/pages/calendar/hooks/useCalendarOperations.ts(151,25): error TS2339: Property 'getHours' does not exist on type 'string'.
src/app/pages/calendar/hooks/useCalendarOperations.ts(151,55): error TS2339: Property 'getMinutes' does not exist on type 'string'.
src/app/pages/calendar/hooks/useCalendarOperations.ts(152,23): error TS2339: Property 'getHours' does not exist on type 'string'.
src/app/pages/calendar/hooks/useCalendarOperations.ts(152,51): error TS2339: Property 'getMinutes' does not exist on type 'string'.
src/app/pages/calendar/hooks/useCalendarOperations.ts(190,47): error TS1355: A 'const' assertions can only be applied to references to enum members, or string, number, boolean, array, or object literals.
src/app/pages/calendar/hooks/useCalendarOperations.ts(196,29): error TS2339: Property 'calendarId' does not exist on type 'GoogleCalendarEvent'.
src/app/pages/calendar/hooks/useCalendarOperations.ts(197,31): error TS2339: Property 'calendarName' does not exist on type 'GoogleCalendarEvent'.
src/app/pages/calendar/hooks/useCalendarState.ts(3,42): error TS2307: Cannot find module '../types' or its corresponding type declarations.
src/app/pages/CalendarCustom.tsx(182,15): error TS2554: Expected 2 arguments, but got 1.
src/app/pages/CalendarCustom.tsx(477,34): error TS2339: Property 'labels' does not exist on type 'GoogleTask'.
src/app/pages/CalendarCustom.tsx(478,36): error TS2339: Property 'columnId' does not exist on type 'GoogleTask'.
src/app/pages/CalendarCustom.tsx(501,26): error TS7006: Parameter 'eventData' implicitly has an 'any' type.
src/app/pages/CalendarCustom.tsx(522,28): error TS7006: Parameter 'eventId' implicitly has an 'any' type.
src/app/pages/Projects.tsx(390,9): error TS2322: Type '{ isOpen: boolean; onClose: () => void; onConfirm: () => Promise<void>; title: string; message: string; confirmText: string; cancelText: string; isDestructive: boolean; }' is not assignable to type 'IntrinsicAttributes & ConfirmDialogProps'.
  Property 'isDestructive' does not exist on type 'IntrinsicAttributes & ConfirmDialogProps'.
src/app/pages/Settings.tsx(213,48): error TS2349: This expression is not callable.
  Type 'GmailAccount' has no call signatures.
src/app/pages/Settings.tsx(213,53): error TS7006: Parameter 'acc' implicitly has an 'any' type.
src/app/pages/Settings.tsx(619,34): error TS2304: Cannot find name 'Trash2'.
src/app/pages/Settings.tsx(701,25): error TS2322: Type 'void' is not assignable to type 'ReactNode'.
src/app/pages/Settings.tsx(1240,50): error TS2349: This expression is not callable.
  Type 'GmailAccount' has no call signatures.
src/app/pages/Settings.tsx(1240,55): error TS7006: Parameter 'acc' implicitly has an 'any' type.
src/app/pages/TasksAsanaClean.tsx(418,9): error TS2322: Type 'void' is not assignable to type 'ReactNode'.
src/app/pages/TasksAsanaClean.tsx(423,13): error TS2322: Type '(listId: string, listTitle: string) => void' is not assignable to type '(listId: string) => void'.
  Target signature provides too few arguments. Expected 2 or more, but got 1.
src/app/pages/TasksAsanaClean.tsx(436,13): error TS2322: Type '(taskId: string) => void' is not assignable to type '(task: UnifiedTask, columnId: string) => void'.
  Types of parameters 'taskId' and 'task' are incompatible.
    Type 'UnifiedTask' is not assignable to type 'string'.
src/app/pages/TasksAsanaClean.tsx(534,19): error TS2322: Type '"danger"' is not assignable to type '"default" | "primary" | "ghost" | "secondary" | "outline" | "destructive" | undefined'.
src/archived/components/tasks/AsanaKanbanBoard.tsx(4,44): error TS2307: Cannot find module '../../stores/useKanbanStore' or its corresponding type declarations.
src/archived/components/tasks/AsanaKanbanBoard.tsx(5,37): error TS2307: Cannot find module '../../stores/googleTasksStore' or its corresponding type declarations.
src/archived/components/tasks/AsanaKanbanBoard.tsx(7,63): error TS2307: Cannot find module '../../constants/asanaDesignSystem' or its corresponding type declarations.
src/archived/components/tasks/AsanaKanbanBoard.tsx(59,39): error TS7006: Parameter 'column' implicitly has an 'any' type.
src/archived/components/tasks/AsanaKanbanBoard.tsx(59,47): error TS7006: Parameter 'index' implicitly has an 'any' type.
src/archived/components/tasks/AsanaKanbanBoard.tsx(68,35): error TS7006: Parameter 'c' implicitly has an 'any' type.
src/archived/components/tasks/AsanaKanbanBoard.tsx(69,39): error TS7006: Parameter 't' implicitly has an 'any' type.
src/archived/components/tasks/AsanaKanbanBoard.tsx(146,32): error TS7006: Parameter 'column' implicitly has an 'any' type.
src/archived/components/tasks/AsanaTaskModal.tsx(3,28): error TS2307: Cannot find module '../../stores/useKanbanStore' or its corresponding type declarations.
src/archived/components/tasks/AsanaTaskModal.tsx(4,33): error TS2307: Cannot find module '../../constants/asanaDesignSystem' or its corresponding type declarations.
src/archived/components/tasks/DraggableTaskCard.tsx(4,28): error TS2307: Cannot find module '../../stores/useKanbanStore' or its corresponding type declarations.
src/archived/components/tasks/DraggableTaskCard.tsx(5,49): error TS2307: Cannot find module '../../constants/asanaDesignSystem' or its corresponding type declarations.
src/archived/components/tasks/DraggableTaskCard.tsx(208,48): error TS7006: Parameter 'st' implicitly has an 'any' type.
src/archived/components/tasks/DroppableColumn.tsx(4,32): error TS2307: Cannot find module '../../stores/useKanbanStore' or its corresponding type declarations.
src/archived/components/tasks/DroppableColumn.tsx(6,33): error TS2307: Cannot find module '../../constants/asanaDesignSystem' or its corresponding type declarations.
src/archived/components/tasks/DroppableColumn.tsx(7,28): error TS2307: Cannot find module '../../stores/useKanbanStore' or its corresponding type declarations.
src/archived/components/tasks/DroppableColumn.tsx(331,41): error TS7006: Parameter 'label' implicitly has an 'any' type.
src/archived/components/tasks/KanbanBoard.tsx(3,15): error TS2305: Module '"@caldwell619/react-kanban"' has no exported member 'ColumnType'.
src/archived/components/tasks/KanbanBoard.tsx(3,27): error TS2305: Module '"@caldwell619/react-kanban"' has no exported member 'CardType'.
src/archived/components/tasks/KanbanBoard.tsx(4,31): error TS2307: Cannot find module '../../api/googleTasksApi' or its corresponding type declarations.
src/archived/components/tasks/KanbanBoard.tsx(5,65): error TS2307: Cannot find module '../../hooks/useGoogleTasks' or its corresponding type declarations.
src/archived/components/tasks/KanbanBoard.tsx(6,38): error TS2307: Cannot find module '../../stores/useTaskMetadataStore' or its corresponding type declarations.
src/archived/components/tasks/KanbanBoard.tsx(7,23): error TS2307: Cannot find module '../ui/badge' or its corresponding type declarations.
src/archived/components/tasks/KanbanBoard.tsx(9,20): error TS2307: Cannot find module '../../lib/utils' or its corresponding type declarations.
src/archived/components/tasks/KanbanBoard.tsx(45,31): error TS7006: Parameter 'label' implicitly has an 'any' type.
src/archived/components/tasks/KanbanBoard.tsx(45,38): error TS7006: Parameter 'index' implicitly has an 'any' type.
src/archived/components/tasks/KanbanBoard.tsx(61,71): error TS7053: Element implicitly has an 'any' type because expression of type 'any' can't be used to index type '{ urgent: string; high: string; normal: string; low: string; }'.
src/archived/components/tasks/KanbanBoard.tsx(70,37): error TS7006: Parameter 'st' implicitly has an 'any' type.
src/archived/components/tasks/KanbanBoard.tsx(146,9): error TS2322: Type '{ columns: Record<string, ColumnType<CardType>>; }' is not assignable to type 'KanbanBoard<Card>'.
  Types of property 'columns' are incompatible.
    Type 'Record<string, ColumnType<CardType>>' is missing the following properties from type 'Column<Card>[]': length, pop, push, concat, and 29 more.
src/archived/components/tasks/KanbanBoard.tsx(149,41): error TS2339: Property 'metadata' does not exist on type 'Card'.
src/archived/components/tasks/KanbanBoard.tsx(158,30): error TS7006: Parameter 'column' implicitly has an 'any' type.
src/archived/components/tasks/SimpleKanbanBoard.tsx(2,31): error TS2307: Cannot find module '../../api/googleTasksApi' or its corresponding type declarations.
src/archived/components/tasks/SimpleKanbanBoard.tsx(3,65): error TS2307: Cannot find module '../../hooks/useGoogleTasks' or its corresponding type declarations.
src/archived/components/tasks/SimpleKanbanBoard.tsx(4,23): error TS2307: Cannot find module '../ui/badge' or its corresponding type declarations.
src/archived/components/tasks/SimpleKanbanBoard.tsx(6,20): error TS2307: Cannot find module '../../lib/utils' or its corresponding type declarations.
src/archived/components/tasks/SimpleKanbanBoard.tsx(188,39): error TS7006: Parameter 'label' implicitly has an 'any' type.
src/archived/components/tasks/SimpleKanbanBoard.tsx(188,46): error TS7006: Parameter 'index' implicitly has an 'any' type.
src/archived/hooks/old-task-system/useGoogleTasks.archived.ts(2,22): error TS2307: Cannot find module '../api/googleTasksApi' or its corresponding type declarations.
src/archived/hooks/old-task-system/useGoogleTasks.archived.ts(3,37): error TS2307: Cannot find module '../stores/googleTasksStore' or its corresponding type declarations.
src/archived/hooks/old-task-system/useGoogleTasks.archived.ts(4,38): error TS2307: Cannot find module '../stores/taskMetadataStore' or its corresponding type declarations.
src/archived/hooks/old-task-system/useGoogleTasks.archived.ts(5,31): error TS2307: Cannot find module '../api/googleTasksApi' or its corresponding type declarations.
src/archived/hooks/old-task-system/useGoogleTasks.archived.ts(17,44): error TS7006: Parameter 'state' implicitly has an 'any' type.
src/archived/hooks/old-task-system/useGoogleTasks.archived.ts(32,40): error TS7006: Parameter 'state' implicitly has an 'any' type.
src/archived/hooks/old-task-system/useGoogleTasks.archived.ts(49,39): error TS7006: Parameter 'state' implicitly has an 'any' type.
src/archived/hooks/old-task-system/useGoogleTasks.archived.ts(66,42): error TS7006: Parameter 'state' implicitly has an 'any' type.
src/archived/hooks/old-task-system/useGoogleTasks.archived.ts(91,42): error TS7006: Parameter 'state' implicitly has an 'any' type.
src/archived/hooks/old-task-system/useGoogleTasks.archived.ts(92,47): error TS7006: Parameter 'state' implicitly has an 'any' type.
src/archived/hooks/old-task-system/useGoogleTasks.archived.ts(110,42): error TS7006: Parameter 'state' implicitly has an 'any' type.
src/archived/hooks/old-task-system/useGoogleTasks.archived.ts(181,36): error TS7006: Parameter 'state' implicitly has an 'any' type.
src/archived/hooks/old-task-system/useGoogleTasks.archived.ts(182,35): error TS7006: Parameter 't' implicitly has an 'any' type.
src/archived/hooks/old-task-system/useGoogleTasks.archived.ts(185,41): error TS7006: Parameter 'state' implicitly has an 'any' type.
src/archived/hooks/old-task-system/useGoogleTasks.archived.ts(196,48): error TS7006: Parameter 'state' implicitly has an 'any' type.
src/archived/hooks/old-task-system/useGoogleTasks.archived.ts(197,48): error TS7006: Parameter 'state' implicitly has an 'any' type.
src/archived/hooks/old-task-system/useGoogleTasks.archived.ts(209,41): error TS7006: Parameter 'state' implicitly has an 'any' type.
src/archived/hooks/old-task-system/useGoogleTasks.archived.ts(213,5): error TS18046: 'meta' is of type 'unknown'.
src/archived/hooks/old-task-system/useGoogleTasks.archived.ts(213,26): error TS7006: Parameter 'label' implicitly has an 'any' type.
src/archived/kanban-modals/CreateTaskModal.tsx(2,37): error TS2307: Cannot find module '../ui' or its corresponding type declarations.
src/archived/kanban-modals/CreateTaskModal.tsx(12,62): error TS2694: Namespace '"C:/Projects/LibreOllama/src/stores/unifiedTaskStore.types"' has no exported member 'TaskMetadata'.
src/archived/kanban-modals/CreateTaskModal.tsx(28,90): error TS2694: Namespace '"C:/Projects/LibreOllama/src/stores/unifiedTaskStore.types"' has no exported member 'TaskMetadata'.
src/archived/kanban-modals/CreateTaskModal.tsx(198,48): error TS7006: Parameter 'prev' implicitly has an 'any' type.
src/archived/kanban-modals/CreateTaskModal.tsx(224,32): error TS7006: Parameter 'e' implicitly has an 'any' type.
src/archived/kanban-modals/CreateTaskModal.tsx(228,33): error TS7006: Parameter 'e' implicitly has an 'any' type.
src/archived/kanban-modals/CreateTaskModal.tsx(232,39): error TS7006: Parameter 'prev' implicitly has an 'any' type.
src/archived/kanban-modals/CreateTaskModal.tsx(247,37): error TS7006: Parameter 'prev' implicitly has an 'any' type.
src/archived/kanban-modals/CreateTaskModal.tsx(262,43): error TS7006: Parameter 'label' implicitly has an 'any' type.
src/archived/kanban-modals/CreateTaskModal.tsx(262,50): error TS7006: Parameter 'index' implicitly has an 'any' type.
src/archived/kanban-modals/CreateTaskModal.tsx(270,54): error TS7006: Parameter 'prev' implicitly has an 'any' type.
src/archived/kanban-modals/CreateTaskModal.tsx(272,56): error TS7006: Parameter 'l' implicitly has an 'any' type.
src/archived/kanban-modals/CreateTaskModal.tsx(299,33): error TS7006: Parameter 'e' implicitly has an 'any' type.
src/archived/kanban-modals/CreateTaskModal.tsx(305,39): error TS7006: Parameter 'prev' implicitly has an 'any' type.
src/archived/kanban-modals/CreateTaskModal.tsx(322,31): error TS7006: Parameter 'e' implicitly has an 'any' type.
src/archived/kanban-modals/CreateTaskModal.tsx(326,37): error TS7006: Parameter 'prev' implicitly has an 'any' type.
src/archived/kanban-modals/CreateTaskModal.tsx(345,45): error TS7006: Parameter 'subtask' implicitly has an 'any' type.
src/archived/kanban-modals/CreateTaskModal.tsx(345,54): error TS7006: Parameter 'index' implicitly has an 'any' type.
src/archived/kanban-modals/CreateTaskModal.tsx(350,56): error TS7006: Parameter 'prev' implicitly has an 'any' type.
src/archived/kanban-modals/CreateTaskModal.tsx(352,57): error TS7006: Parameter 'st' implicitly has an 'any' type.
src/archived/kanban-modals/CreateTaskModal.tsx(365,56): error TS7006: Parameter 'prev' implicitly has an 'any' type.
src/archived/kanban-modals/CreateTaskModal.tsx(367,57): error TS7006: Parameter 'st' implicitly has an 'any' type.
src/archived/kanban-modals/CreateTaskModal.tsx(377,54): error TS7006: Parameter 'prev' implicitly has an 'any' type.
src/archived/kanban-modals/CreateTaskModal.tsx(379,60): error TS7006: Parameter 'st' implicitly has an 'any' type.
src/archived/kanban-modals/CreateTaskModal.tsx(406,50): error TS7006: Parameter 'prev' implicitly has an 'any' type.
src/archived/kanban-modals/CreateTaskModal.tsx(434,38): error TS7006: Parameter 'e' implicitly has an 'any' type.
src/archived/kanban-modals/CreateTaskModal.tsx(434,56): error TS7006: Parameter 'prev' implicitly has an 'any' type.
src/archived/kanban-modals/CreateTaskModal.tsx(446,56): error TS7006: Parameter 'prev' implicitly has an 'any' type.
src/archived/kanban-modals/CreateTaskModal.tsx(471,36): error TS7006: Parameter 'e' implicitly has an 'any' type.
src/archived/kanban-modals/CreateTaskModal.tsx(471,54): error TS7006: Parameter 'prev' implicitly has an 'any' type.
src/archived/kanban-modals/EditTaskModal.tsx(9,37): error TS2307: Cannot find module '../ui' or its corresponding type declarations.
src/archived/kanban-modals/EditTaskModal.tsx(40,5): error TS2353: Object literal may only specify known properties, and 'subtasks' does not exist in type 'TaskMetadata | (() => TaskMetadata)'.
src/archived/kanban-modals/EditTaskModal.tsx(63,22): error TS2339: Property 'metadata' does not exist on type 'UnifiedTask'.
src/archived/kanban-modals/EditTaskModal.tsx(64,24): error TS2339: Property 'metadata' does not exist on type 'UnifiedTask'.
src/archived/kanban-modals/EditTaskModal.tsx(65,9): error TS2353: Object literal may only specify known properties, and 'subtasks' does not exist in type 'SetStateAction<TaskMetadata>'.
src/archived/kanban-modals/EditTaskModal.tsx(65,24): error TS2339: Property 'metadata' does not exist on type 'UnifiedTask'.
src/archived/kanban-modals/EditTaskModal.tsx(66,25): error TS2339: Property 'metadata' does not exist on type 'UnifiedTask'.
src/archived/kanban-modals/EditTaskModal.tsx(132,29): error TS18048: 'metadata.labels' is possibly 'undefined'.
src/archived/kanban-modals/EditTaskModal.tsx(135,21): error TS2488: Type 'string[] | undefined' must have a '[Symbol.iterator]()' method that returns an iterator.
src/archived/kanban-modals/EditTaskModal.tsx(145,15): error TS18048: 'prev.labels' is possibly 'undefined'.
src/archived/kanban-modals/EditTaskModal.tsx(154,28): error TS2339: Property 'subtasks' does not exist on type 'TaskMetadata'.
src/archived/kanban-modals/EditTaskModal.tsx(168,22): error TS2339: Property 'subtasks' does not exist on type 'TaskMetadata'.
src/archived/kanban-modals/EditTaskModal.tsx(168,35): error TS7006: Parameter 'subtask' implicitly has an 'any' type.
src/archived/kanban-modals/EditTaskModal.tsx(180,22): error TS2339: Property 'subtasks' does not exist on type 'TaskMetadata'.
src/archived/kanban-modals/EditTaskModal.tsx(180,38): error TS7006: Parameter 'subtask' implicitly has an 'any' type.
src/archived/kanban-modals/EditTaskModal.tsx(316,32): error TS7006: Parameter 'e' implicitly has an 'any' type.
src/archived/kanban-modals/EditTaskModal.tsx(320,33): error TS7006: Parameter 'e' implicitly has an 'any' type.
src/archived/kanban-modals/EditTaskModal.tsx(338,18): error TS18048: 'metadata.labels' is possibly 'undefined'.
src/archived/kanban-modals/EditTaskModal.tsx(340,22): error TS18048: 'metadata.labels' is possibly 'undefined'.
src/archived/kanban-modals/EditTaskModal.tsx(372,32): error TS7006: Parameter 'e' implicitly has an 'any' type.
src/archived/kanban-modals/EditTaskModal.tsx(376,33): error TS7006: Parameter 'e' implicitly has an 'any' type.
src/archived/kanban-modals/EditTaskModal.tsx(394,27): error TS2339: Property 'subtasks' does not exist on type 'TaskMetadata'.
src/archived/kanban-modals/EditTaskModal.tsx(396,31): error TS2339: Property 'subtasks' does not exist on type 'TaskMetadata'.
src/archived/kanban-modals/EditTaskModal.tsx(396,45): error TS7006: Parameter 'subtask' implicitly has an 'any' type.
src/archived/kanban-modals/EditTaskModal.tsx(413,44): error TS2339: Property 'subtasks' does not exist on type 'TaskMetadata'.
src/archived/kanban-modals/EditTaskModal.tsx(413,57): error TS7006: Parameter 'st' implicitly has an 'any' type.
src/archived/kanban-modals/EditTaskModal.tsx(448,39): error TS2339: Property 'recurring' does not exist on type 'TaskMetadata'.
src/archived/kanban-modals/EditTaskModal.tsx(453,41): error TS2339: Property 'recurring' does not exist on type 'TaskMetadata'.
src/archived/kanban-modals/EditTaskModal.tsx(454,40): error TS2339: Property 'recurring' does not exist on type 'TaskMetadata'.
src/archived/kanban-modals/EditTaskModal.tsx(455,39): error TS2339: Property 'recurring' does not exist on type 'TaskMetadata'.
src/archived/kanban-modals/EditTaskModal.tsx(466,27): error TS2339: Property 'recurring' does not exist on type 'TaskMetadata'.
src/archived/kanban-modals/EditTaskModal.tsx(476,43): error TS2339: Property 'recurring' does not exist on type 'TaskMetadata'.
src/archived/kanban-modals/EditTaskModal.tsx(477,38): error TS7006: Parameter 'e' implicitly has an 'any' type.
src/archived/kanban-modals/EditTaskModal.tsx(480,39): error TS2339: Property 'recurring' does not exist on type 'TaskMetadata'.
src/archived/kanban-modals/EditTaskModal.tsx(488,43): error TS2339: Property 'recurring' does not exist on type 'TaskMetadata'.
src/archived/kanban-modals/EditTaskModal.tsx(492,39): error TS2339: Property 'recurring' does not exist on type 'TaskMetadata'.
src/archived/kanban-modals/EditTaskModal.tsx(513,41): error TS2339: Property 'recurring' does not exist on type 'TaskMetadata'.
src/archived/kanban-modals/EditTaskModal.tsx(514,36): error TS7006: Parameter 'e' implicitly has an 'any' type.
src/archived/kanban-modals/EditTaskModal.tsx(517,37): error TS2339: Property 'recurring' does not exist on type 'TaskMetadata'.
src/archived/pages/Tasks.tsx(4,27): error TS2307: Cannot find module '../contexts/HeaderContext' or its corresponding type declarations.
src/archived/pages/Tasks.tsx(7,37): error TS2307: Cannot find module '../../stores/googleTasksStore' or its corresponding type declarations.
src/archived/pages/Tasks.tsx(9,49): error TS2307: Cannot find module '../../services/kanbanGoogleTasksSync' or its corresponding type declarations.
src/archived/pages/Tasks.tsx(10,32): error TS2307: Cannot find module '../../stores/useKanbanStore' or its corresponding type declarations.
src/archived/pages/Tasks.tsx(225,34): error TS7006: Parameter 'c' implicitly has an 'any' type.
src/archived/pages/Tasks.tsx(225,55): error TS7006: Parameter 'task' implicitly has an 'any' type.
src/archived/pages/Tasks.tsx(226,60): error TS7006: Parameter 'c' implicitly has an 'any' type.
src/archived/pages/Tasks.tsx(238,32): error TS7006: Parameter 'column' implicitly has an 'any' type.
src/archived/pages/TasksAsanaClean.unified.archived.tsx(9,27): error TS2307: Cannot find module '../contexts/HeaderContext' or its corresponding type declarations.
src/archived/pages/TasksAsanaClean.unified.archived.tsx(16,31): error TS2305: Module '"../../stores/unifiedTaskStore"' has no exported member 'useFilteredTasks'.
src/archived/pages/TasksAsanaClean.unified.archived.tsx(16,49): error TS2305: Module '"../../stores/unifiedTaskStore"' has no exported member 'useSelectedList'.
src/archived/pages/TasksAsanaClean.unified.archived.tsx(17,39): error TS2307: Cannot find module '../../components/UnifiedStoreMigration' or its corresponding type declarations.
src/archived/pages/TasksAsanaClean.unified.archived.tsx(27,22): error TS2339: Property 'getTask' does not exist on type 'UnifiedTaskStore'.
src/archived/pages/TasksAsanaClean.unified.archived.tsx(32,44): error TS2554: Expected 2 arguments, but got 3.
src/archived/pages/TasksAsanaClean.unified.archived.tsx(38,44): error TS2554: Expected 2 arguments, but got 3.
src/archived/pages/TasksAsanaClean.unified.archived.tsx(93,30): error TS7006: Parameter 'label' implicitly has an 'any' type.
src/archived/pages/TasksAsanaClean.unified.archived.tsx(120,37): error TS7006: Parameter 'st' implicitly has an 'any' type.
src/archived/pages/TasksAsanaClean.unified.archived.tsx(161,17): error TS2339: Property 'syncAll' does not exist on type 'UnifiedTaskStore'.
src/archived/pages/TasksAsanaClean.unified.archived.tsx(174,7): error TS2322: Type '"normal"' is not assignable to type '"high" | "medium" | "low" | "none" | undefined'.
src/archived/pages/TasksAsanaClean.unified.archived.tsx(183,45): error TS2554: Expected 1 arguments, but got 2.
src/archived/pages/TasksAsanaClean.unified.archived.tsx(192,26): error TS2339: Property 'features' does not exist on type 'UnifiedTaskStore'.
src/archived/pages/TasksAsanaClean.unified.archived.tsx(231,28): error TS2339: Property 'searchQuery' does not exist on type 'UnifiedTaskStore'.
src/archived/pages/TasksAsanaClean.unified.archived.tsx(232,38): error TS2339: Property 'setSearchQuery' does not exist on type 'UnifiedTaskStore'.
src/archived/pages/TasksAsanaClean.unified.archived.tsx(238,26): error TS2339: Property 'filterBy' does not exist on type 'UnifiedTaskStore'.
src/archived/pages/TasksAsanaClean.unified.archived.tsx(239,36): error TS2339: Property 'setFilterBy' does not exist on type 'UnifiedTaskStore'.
src/archived/pages/TasksAsanaClean.unified.archived.tsx(240,24): error TS2339: Property 'filterBy' does not exist on type 'UnifiedTaskStore'.
src/archived/pages/TasksAsanaClean.unified.archived.tsx(251,29): error TS2339: Property 'sortBy' does not exist on type 'UnifiedTaskStore'.
src/archived/pages/TasksAsanaClean.unified.archived.tsx(251,51): error TS2339: Property 'sortBy' does not exist on type 'UnifiedTaskStore'.
src/archived/pages/TasksAsanaClean.unified.archived.tsx(254,21): error TS2339: Property 'setSortBy' does not exist on type 'UnifiedTaskStore'.
src/archived/pages/TasksAsanaClean.unified.archived.tsx(282,20): error TS2339: Property 'getOrderedLists' does not exist on type 'UnifiedTaskStore'.
src/archived/pages/TasksAsanaClean.unified.archived.tsx(282,42): error TS7006: Parameter 'list' implicitly has an 'any' type.
src/archived/pages/TasksAsanaClean.unified.archived.tsx(285,38): error TS2339: Property 'selectList' does not exist on type 'UnifiedTaskStore'.
src/archived/pages/TasksAsanaClean.unified.archived.tsx(320,26): error TS7006: Parameter 'task' implicitly has an 'any' type.
src/archived/pages/TasksAsanaClean.unified.archived.tsx(344,14): error TS2551: Property 'lastSyncError' does not exist on type 'UnifiedTaskStore'. Did you mean 'syncErrors'?
src/archived/pages/TasksAsanaClean.unified.archived.tsx(346,30): error TS2551: Property 'lastSyncError' does not exist on type 'UnifiedTaskStore'. Did you mean 'syncErrors'?
src/archived/pages/TasksAsanaClean.unified.archived.tsx(351,14): error TS2339: Property 'features' does not exist on type 'UnifiedTaskStore'.
src/archived/pages/TasksAsanaClean.unified.archived.tsx(355,22): error TS2339: Property 'isOnline' does not exist on type 'UnifiedTaskStore'.
src/archived/pages/TasksAsanaClean.unified.archived.tsx(356,29): error TS2339: Property 'getSyncProgress' does not exist on type 'UnifiedTaskStore'.
src/archived/pages/TasksAsanaClean.unified.archived.tsx(356,62): error TS2339: Property 'getSyncProgress' does not exist on type 'UnifiedTaskStore'.
src/archived/pages/TasksAsanaClean.unified.archived.tsx(359,31): error TS2339: Property 'getPendingSyncTasks' does not exist on type 'UnifiedTaskStore'.
src/archived/pages/TasksAsanaClean.unified.archived.tsx(360,33): error TS2339: Property 'getConflictedTasks' does not exist on type 'UnifiedTaskStore'.
src/archived/pages/TasksIntegrated.tsx(2,27): error TS2307: Cannot find module '../contexts/HeaderContext' or its corresponding type declarations.
src/archived/pages/TasksIntegrated.tsx(4,35): error TS2307: Cannot find module '../../components/tasks/SimpleKanbanBoard' or its corresponding type declarations.
src/archived/pages/TasksIntegrated.tsx(7,37): error TS2307: Cannot find module '../../stores/googleTasksStore' or its corresponding type declarations.
src/archived/pages/TasksIntegrated.tsx(9,38): error TS2307: Cannot find module '../../stores/taskMetadataStore' or its corresponding type declarations.
src/archived/pages/TasksIntegrated.tsx(10,43): error TS2307: Cannot find module '../../hooks/useGoogleTasksIntegration' or its corresponding type declarations.
src/archived/pages/TasksIntegrated.tsx(49,32): error TS7006: Parameter 'label' implicitly has an 'any' type.
src/archived/pages/TasksIntegrated.tsx(115,26): error TS18046: 'taskList' is of type 'unknown'.
src/archived/pages/TasksIntegrated.tsx(115,42): error TS7006: Parameter 'task' implicitly has an 'any' type.
src/archived/pages/TasksIntegrated.tsx(125,72): error TS7006: Parameter 'list' implicitly has an 'any' type.
src/archived/pages/TasksIntegrated.tsx(136,30): error TS18046: 'taskList' is of type 'unknown'.
src/archived/pages/TasksIntegrated.tsx(136,43): error TS7006: Parameter 'task' implicitly has an 'any' type.
src/archived/pages/TasksIntegrated.tsx(248,27): error TS7006: Parameter 'task' implicitly has an 'any' type.
src/archived/pages/TasksIntegrated.tsx(248,33): error TS7006: Parameter 'listId' implicitly has an 'any' type.
src/archived/pages/TasksV2.tsx(2,27): error TS2307: Cannot find module '../contexts/HeaderContext' or its corresponding type declarations.
src/archived/pages/TasksV2.tsx(4,35): error TS2307: Cannot find module '../../components/tasks/SimpleKanbanBoard' or its corresponding type declarations.
src/archived/pages/TasksV2.tsx(9,39): error TS2307: Cannot find module '../../stores/useGoogleTasksStoreV2' or its corresponding type declarations.
src/archived/pages/TasksV2.tsx(29,43): error TS7006: Parameter 'state' implicitly has an 'any' type.
src/archived/pages/TasksV2.tsx(30,42): error TS7006: Parameter 'state' implicitly has an 'any' type.
src/archived/pages/TasksV2.tsx(103,26): error TS18046: 'tasks' is of type 'unknown'.
src/archived/pages/TasksV2.tsx(103,39): error TS7006: Parameter 'task' implicitly has an 'any' type.
src/archived/pages/TasksV2.tsx(195,27): error TS7006: Parameter 'task' implicitly has an 'any' type.
src/archived/pages/TasksV2.tsx(195,33): error TS7006: Parameter 'listId' implicitly has an 'any' type.
src/archived/pages/TasksV2Simple.tsx(2,27): error TS2307: Cannot find module '../contexts/HeaderContext' or its corresponding type declarations.
src/archived/pages/TasksV2Simple.tsx(4,35): error TS2307: Cannot find module '../../components/tasks/SimpleKanbanBoard' or its corresponding type declarations.
src/archived/pages/TasksV2Simple.tsx(7,39): error TS2307: Cannot find module '../../stores/useGoogleTasksStoreV2' or its corresponding type declarations.
src/archived/pages/TasksV2Simple.tsx(8,38): error TS2307: Cannot find module '../../stores/useTaskMetadataStore' or its corresponding type declarations.
src/archived/pages/TasksV2Simple.tsx(24,43): error TS7006: Parameter 'state' implicitly has an 'any' type.
src/archived/pages/TasksV2Simple.tsx(25,42): error TS7006: Parameter 'state' implicitly has an 'any' type.
src/archived/pages/TasksV2Simple.tsx(26,42): error TS7006: Parameter 'state' implicitly has an 'any' type.
src/archived/pages/TasksV2Simple.tsx(70,26): error TS18046: 'tasks' is of type 'unknown'.
src/archived/pages/TasksV2Simple.tsx(70,39): error TS7006: Parameter 'task' implicitly has an 'any' type.
src/archived/pages/TasksV2Simple.tsx(147,27): error TS7006: Parameter 'task' implicitly has an 'any' type.
src/archived/pages/TasksV2Simple.tsx(147,33): error TS7006: Parameter 'listId' implicitly has an 'any' type.
src/archived/services/__tests__/kanbanGoogleTasksSync.simple.test.archived.ts(2,34): error TS2307: Cannot find module '../kanbanGoogleTasksSync' or its corresponding type declarations.
src/archived/services/__tests__/kanbanGoogleTasksSync.test.archived.ts(2,34): error TS2307: Cannot find module '../kanbanGoogleTasksSync' or its corresponding type declarations.
src/archived/services/__tests__/kanbanGoogleTasksSync.test.archived.ts(3,32): error TS2307: Cannot find module '../../stores/useKanbanStore' or its corresponding type declarations.
src/archived/services/__tests__/kanbanGoogleTasksSync.test.archived.ts(4,37): error TS2307: Cannot find module '../../stores/googleTasksStore' or its corresponding type declarations.
src/archived/services/__tests__/kanbanGoogleTasksSync.test.archived.ts(5,38): error TS2307: Cannot find module '../../stores/taskMetadataStore' or its corresponding type declarations.
src/archived/services/kanbanGoogleTasksSync.archived.ts(1,32): error TS2307: Cannot find module '../stores/useKanbanStore' or its corresponding type declarations.
src/archived/services/kanbanGoogleTasksSync.archived.ts(2,37): error TS2307: Cannot find module '../stores/googleTasksStore' or its corresponding type declarations.
src/archived/services/kanbanGoogleTasksSync.archived.ts(3,38): error TS2307: Cannot find module '../stores/taskMetadataStore' or its corresponding type declarations.
src/archived/services/kanbanGoogleTasksSync.archived.ts(4,44): error TS2307: Cannot find module '../types/google' or its corresponding type declarations.
src/archived/services/kanbanGoogleTasksSync.archived.ts(5,42): error TS2307: Cannot find module '../stores/useKanbanStore' or its corresponding type declarations.
src/archived/services/kanbanGoogleTasksSync.archived.ts(6,24): error TS2307: Cannot find module '../core/lib/logger' or its corresponding type declarations.
src/archived/services/kanbanGoogleTasksSync.archived.ts(51,59): error TS7006: Parameter 'c' implicitly has an 'any' type.
src/archived/services/kanbanGoogleTasksSync.archived.ts(55,7): error TS7006: Parameter 'c' implicitly has an 'any' type.
src/archived/services/kanbanGoogleTasksSync.archived.ts(123,58): error TS7006: Parameter 'c' implicitly has an 'any' type.
src/archived/services/kanbanGoogleTasksSync.archived.ts(197,45): error TS7006: Parameter 'c' implicitly has an 'any' type.
src/archived/services/kanbanGoogleTasksSync.archived.ts(310,51): error TS7006: Parameter 't' implicitly has an 'any' type.
src/archived/services/kanbanGoogleTasksSync.archived.ts(312,7): error TS7006: Parameter 't' implicitly has an 'any' type.
src/archived/stores/old-task-system/__tests__/taskMetadataStore.deleted.test.ts(2,38): error TS2307: Cannot find module '../taskMetadataStore' or its corresponding type declarations.
src/archived/stores/old-task-system/__tests__/taskMetadataStore.simple.test.ts(2,38): error TS2307: Cannot find module '../taskMetadataStore' or its corresponding type declarations.
src/archived/stores/old-task-system/__tests__/taskMetadataStore.test.ts(3,38): error TS2307: Cannot find module '../taskMetadataStore' or its corresponding type declarations.
src/archived/stores/old-task-system/__tests__/useKanbanStore.test.archived.ts(3,32): error TS2307: Cannot find module '../useKanbanStore' or its corresponding type declarations.
src/archived/stores/old-task-system/__tests__/useKanbanStore.test.archived.ts(51,43): error TS7006: Parameter 'c' implicitly has an 'any' type.
src/archived/stores/old-task-system/__tests__/useKanbanStore.test.archived.ts(65,9): error TS7034: Variable 'task' implicitly has type 'any' in some locations where its type cannot be determined.
src/archived/stores/old-task-system/__tests__/useKanbanStore.test.archived.ts(74,38): error TS7005: Variable 'task' implicitly has an 'any' type.
src/archived/stores/old-task-system/__tests__/useKanbanStore.test.archived.ts(82,43): error TS7006: Parameter 'c' implicitly has an 'any' type.
src/archived/stores/old-task-system/__tests__/useKanbanStore.test.archived.ts(83,48): error TS7006: Parameter 't' implicitly has an 'any' type.
src/archived/stores/old-task-system/__tests__/useKanbanStore.test.archived.ts(83,62): error TS7005: Variable 'task' implicitly has an 'any' type.
src/archived/stores/old-task-system/__tests__/useKanbanStore.test.archived.ts(96,9): error TS7034: Variable 'task' implicitly has type 'any' in some locations where its type cannot be determined.
src/archived/stores/old-task-system/__tests__/useKanbanStore.test.archived.ts(107,38): error TS7005: Variable 'task' implicitly has an 'any' type.
src/archived/stores/old-task-system/__tests__/useKanbanStore.test.archived.ts(121,9): error TS7034: Variable 'task' implicitly has type 'any' in some locations where its type cannot be determined.
src/archived/stores/old-task-system/__tests__/useKanbanStore.test.archived.ts(130,22): error TS7005: Variable 'task' implicitly has an 'any' type.
src/archived/stores/old-task-system/__tests__/useKanbanStore.test.archived.ts(133,43): error TS7006: Parameter 'c' implicitly has an 'any' type.
src/archived/stores/old-task-system/__tests__/useKanbanStore.test.archived.ts(134,49): error TS7006: Parameter 'c' implicitly has an 'any' type.
src/archived/stores/old-task-system/__tests__/useKanbanStore.test.archived.ts(180,43): error TS7006: Parameter 'c' implicitly has an 'any' type.
src/archived/stores/old-task-system/__tests__/useKanbanStore.test.archived.ts(221,33): error TS7006: Parameter 'c' implicitly has an 'any' type.
src/archived/stores/old-task-system/googleTasksStore.archived.ts(4,75): error TS2307: Cannot find module '../types/google' or its corresponding type declarations.
src/archived/stores/old-task-system/googleTasksStore.archived.ts(5,36): error TS2307: Cannot find module '../services/google/googleTasksService' or its corresponding type declarations.
src/archived/stores/old-task-system/googleTasksStore.archived.ts(6,24): error TS2307: Cannot find module '../core/lib/logger' or its corresponding type declarations.
src/archived/stores/old-task-system/googleTasksStore.archived.ts(7,34): error TS2307: Cannot find module './settingsStore' or its corresponding type declarations.
src/archived/stores/old-task-system/googleTasksStore.archived.ts(8,34): error TS2307: Cannot find module '../features/mail/stores/selectors' or its corresponding type declarations.
src/archived/stores/old-task-system/googleTasksStore.archived.ts(100,74): error TS7006: Parameter 'acc' implicitly has an 'any' type.
src/archived/stores/old-task-system/googleTasksStore.archived.ts(125,100): error TS7006: Parameter 'a' implicitly has an 'any' type.
src/archived/stores/old-task-system/googleTasksStore.archived.ts(149,100): error TS7006: Parameter 'a' implicitly has an 'any' type.
src/archived/stores/old-task-system/googleTasksStore.archived.ts(237,47): error TS7006: Parameter 't' implicitly has an 'any' type.
src/archived/stores/old-task-system/googleTasksStore.archived.ts(263,82): error TS7006: Parameter 't' implicitly has an 'any' type.
src/archived/stores/old-task-system/googleTasksStore.archived.ts(267,59): error TS2307: Cannot find module './taskMetadataStore' or its corresponding type declarations.
src/archived/stores/old-task-system/googleTasksStore.archived.ts(300,49): error TS7006: Parameter 't' implicitly has an 'any' type.
src/archived/stores/old-task-system/googleTasksStore.archived.ts(368,57): error TS7006: Parameter 'list' implicitly has an 'any' type.
src/archived/stores/old-task-system/googleTasksStore.archived.ts(394,58): error TS7006: Parameter 'list' implicitly has an 'any' type.
src/archived/stores/old-task-system/useKanbanStore.archived.ts(3,24): error TS2307: Cannot find module '../core/lib/logger' or its corresponding type declarations.
src/archived/stores/old-task-system/useKanbanStore.archived.ts(4,37): error TS2307: Cannot find module './googleTasksStore' or its corresponding type declarations.
src/archived/stores/old-task-system/useKanbanStore.archived.ts(5,38): error TS2307: Cannot find module './taskMetadataStore' or its corresponding type declarations.
src/archived/stores/old-task-system/useKanbanStore.archived.ts(7,30): error TS2307: Cannot find module './taskMetadataStore' or its corresponding type declarations.
src/archived/stores/old-task-system/useKanbanStore.archived.ts(122,30): error TS2339: Property 'googleTaskId' does not exist on type '{ title: string; notes?: string | undefined; due?: string | undefined; metadata?: any; }'.
src/components/ai/AIOutputModalPro.tsx(78,3): error TS2353: Object literal may only specify known properties, and ''create-task'' does not exist in type 'Record<AIAction, { title: string; icon: ReactNode; color: string; }>'.
src/components/ai/AIOutputModalPro.tsx(227,9): error TS2722: Cannot invoke an object which is possibly 'undefined'.
src/components/ai/AIOutputModalPro.tsx(294,85): error TS2769: No overload matches this call.
  The last overload gave the following error.
    Object literal may only specify known properties, and 'size' does not exist in type 'Partial<unknown> & Attributes'.
src/components/ai/AIOutputModalPro.tsx(380,38): error TS2367: This comparison appears to be unintentional because the types '"translate" | "rewrite-professional" | "rewrite-friendly" | "rewrite-concise" | "rewrite-expanded" | "proofread" | "summarize" | "explain" | "create-list" | "key-points"' and '"ask-custom"' have no overlap.
src/components/ai/AIOutputModalPro.tsx(550,43): error TS2367: This comparison appears to be unintentional because the types '"rewrite-professional" | "rewrite-friendly" | "rewrite-concise" | "rewrite-expanded" | "proofread" | "summarize" | "explain" | "create-list" | "key-points"' and '"ask-custom"' have no overlap.
src/components/ai/AIOutputModalPro.tsx(599,25): error TS2722: Cannot invoke an object which is possibly 'undefined'.
src/components/ai/AIWritingToolsContextMenu.tsx(107,27): error TS2554: Expected 1 arguments, but got 0.
src/components/ai/AIWritingToolsContextMenu.tsx(160,5): error TS2741: Property 'label' is missing in type '{ id: string; separator: true; }' but required in type 'MenuItem'.
src/components/ai/AIWritingToolsContextMenu.tsx(165,5): error TS2741: Property 'label' is missing in type '{ id: string; separator: true; }' but required in type 'MenuItem'.
src/components/ai/AIWritingToolsContextMenu.tsx(168,5): error TS2741: Property 'label' is missing in type '{ id: string; separator: true; }' but required in type 'MenuItem'.
src/components/ai/AIWritingToolsContextMenu.tsx(177,5): error TS2741: Property 'label' is missing in type '{ id: string; separator: true; }' but required in type 'MenuItem'.
src/components/ai/AIWritingToolsContextMenu.tsx(179,5): error TS2741: Property 'label' is missing in type '{ id: string; separator: true; }' but required in type 'MenuItem'.
src/components/ai/AIWritingToolsContextMenu.tsx(192,7): error TS2322: Type 'undefined' is not assignable to type 'Timeout'.
src/components/ai/AIWritingToolsContextMenu.tsx(243,7): error TS2322: Type 'undefined' is not assignable to type 'Timeout'.
src/components/ai/TextSelectionDetector.tsx(31,3): error TS2353: Object literal may only specify known properties, and ''create-task'' does not exist in type 'Record<AIAction, string>'.
src/components/ai/TextSelectionDetector.tsx(68,37): error TS7006: Parameter 'sel' implicitly has an 'any' type.
src/components/ai/TextSelectionDetector.tsx(156,12): error TS2678: Type '"create-task"' is not comparable to type 'AIAction'.
src/components/ai/TextSelectionDetector.tsx(161,12): error TS2678: Type '"create-note"' is not comparable to type 'AIAction'.
src/components/ai/TextSelectionDetector.tsx(485,11): error TS2322: Type '(action: AIAction, text: string) => Promise<void>' is not assignable to type '(action: AIAction, customQuestion?: string | undefined) => void'.
  Types of parameters 'text' and 'customQuestion' are incompatible.
    Type 'string | undefined' is not assignable to type 'string'.
      Type 'undefined' is not assignable to type 'string'.
src/components/kanban/KanbanBoard.tsx(246,15): error TS2322: Type 'FilteredColumn' is not assignable to type 'KanbanColumnType'.
  Property 'taskIds' is missing in type 'FilteredColumn' but required in type 'TaskColumn'.
src/components/kanban/KanbanColumn.tsx(119,59): error TS7006: Parameter 'label' implicitly has an 'any' type.
src/components/kanban/KanbanColumn.tsx(152,29): error TS7053: Element implicitly has an 'any' type because expression of type 'any' can't be used to index type '{ high: number; medium: number; low: number; none: number; }'.
src/components/kanban/KanbanColumn.tsx(153,29): error TS7053: Element implicitly has an 'any' type because expression of type 'any' can't be used to index type '{ high: number; medium: number; low: number; none: number; }'.
src/components/kanban/KanbanColumn.tsx(178,9): error TS2322: Type 'string[]' is not assignable to type '{ name: string; color: "red" | "blue" | "green" | "purple" | "orange" | "pink" | "teal" | "yellow" | "cyan" | "gray"; }[]'.
  Type 'string' is not assignable to type '{ name: string; color: "red" | "blue" | "green" | "purple" | "orange" | "pink" | "teal" | "yellow" | "cyan" | "gray"; }'.
src/components/kanban/KanbanColumn.tsx(183,13): error TS2304: Cannot find name 'realtimeSync'.
src/components/kanban/KanbanColumn.tsx(485,25): error TS2304: Cannot find name 'realtimeSync'.
src/components/kanban/KanbanColumn.tsx(528,21): error TS2304: Cannot find name 'realtimeSync'.
src/components/kanban/TaskListView.tsx(132,41): error TS2345: Argument of type '{ recurring: { enabled: boolean; frequency: "daily" | "weekly" | "monthly" | "yearly"; interval?: number; endDate?: string; } | undefined; title: string; notes?: string; due?: string; priority?: "high" | "medium" | "low" | "none"; labels?: string[]; }' is not assignable to parameter of type 'Partial<Omit<UnifiedTask, "id" | "syncState">>'.
  Types of property 'labels' are incompatible.
    Type 'string[] | undefined' is not assignable to type '{ name: string; color: "red" | "blue" | "green" | "purple" | "orange" | "pink" | "teal" | "yellow" | "cyan" | "gray"; }[] | undefined'.
      Type 'string[]' is not assignable to type '{ name: string; color: "red" | "blue" | "green" | "purple" | "orange" | "pink" | "teal" | "yellow" | "cyan" | "gray"; }[]'.
        Type 'string' is not assignable to type '{ name: string; color: "red" | "blue" | "green" | "purple" | "orange" | "pink" | "teal" | "yellow" | "cyan" | "gray"; }'.
src/components/kanban/TaskListView.tsx(183,9): error TS2552: Cannot find name 'setIsCreateModalOpen'. Did you mean 'setIsEditModalOpen'?
src/components/kanban/TaskListView.tsx(297,58): error TS2552: Cannot find name 'setIsCreateModalOpen'. Did you mean 'setIsEditModalOpen'?
src/components/kanban/TaskListView.tsx(307,48): error TS2339: Property 'metadata' does not exist on type '{ columnId: string; columnTitle: string; id: string; googleTaskId?: string | undefined; googleTaskListId?: string | undefined; title: string; notes?: string | undefined; due?: string | undefined; ... 15 more ...; lastSyncTime?: string | undefined; }'.
src/components/kanban/TaskListView.tsx(307,75): error TS7006: Parameter 'st' implicitly has an 'any' type.
src/components/kanban/TaskListView.tsx(308,44): error TS2339: Property 'metadata' does not exist on type '{ columnId: string; columnTitle: string; id: string; googleTaskId?: string | undefined; googleTaskListId?: string | undefined; title: string; notes?: string | undefined; due?: string | undefined; ... 15 more ...; lastSyncTime?: string | undefined; }'.
src/components/kanban/TaskListView.tsx(407,35): error TS2339: Property 'metadata' does not exist on type '{ columnId: string; columnTitle: string; id: string; googleTaskId?: string | undefined; googleTaskListId?: string | undefined; title: string; notes?: string | undefined; due?: string | undefined; ... 15 more ...; lastSyncTime?: string | undefined; }'.
src/components/kanban/TaskListView.tsx(410,68): error TS2339: Property 'metadata' does not exist on type '{ columnId: string; columnTitle: string; id: string; googleTaskId?: string | undefined; googleTaskListId?: string | undefined; title: string; notes?: string | undefined; due?: string | undefined; ... 15 more ...; lastSyncTime?: string | undefined; }'.
src/components/kanban/TaskListView.tsx(416,33): error TS2339: Property 'metadata' does not exist on type '{ columnId: string; columnTitle: string; id: string; googleTaskId?: string | undefined; googleTaskListId?: string | undefined; title: string; notes?: string | undefined; due?: string | undefined; ... 15 more ...; lastSyncTime?: string | undefined; }'.
src/components/kanban/TaskListView.tsx(416,58): error TS2339: Property 'metadata' does not exist on type '{ columnId: string; columnTitle: string; id: string; googleTaskId?: string | undefined; googleTaskListId?: string | undefined; title: string; notes?: string | undefined; due?: string | undefined; ... 15 more ...; lastSyncTime?: string | undefined; }'.
src/components/kanban/TaskListView.tsx(420,39): error TS2339: Property 'metadata' does not exist on type '{ columnId: string; columnTitle: string; id: string; googleTaskId?: string | undefined; googleTaskListId?: string | undefined; title: string; notes?: string | undefined; due?: string | undefined; ... 15 more ...; lastSyncTime?: string | undefined; }'.
src/components/kanban/TaskSidebar.tsx(67,17): error TS2345: Argument of type '{ name: string; color: "red" | "blue" | "green" | "purple" | "orange" | "pink" | "teal" | "yellow" | "cyan" | "gray"; }[]' is not assignable to parameter of type 'SetStateAction<string[]>'.
  Type '{ name: string; color: "red" | "blue" | "green" | "purple" | "orange" | "pink" | "teal" | "yellow" | "cyan" | "gray"; }[]' is not assignable to type 'string[]'.
    Type '{ name: string; color: "red" | "blue" | "green" | "purple" | "orange" | "pink" | "teal" | "yellow" | "cyan" | "gray"; }' is not assignable to type 'string'.
src/components/kanban/TaskSidebar.tsx(68,20): error TS2345: Argument of type '{ enabled: boolean; frequency: "daily" | "weekly" | "monthly" | "yearly"; interval?: number | undefined; endDate?: string | undefined; }' is not assignable to parameter of type 'SetStateAction<{ enabled: boolean; frequency: "daily" | "weekly" | "monthly" | "yearly"; interval: number; endDate?: string | undefined; }>'.
  Type '{ enabled: boolean; frequency: "daily" | "weekly" | "monthly" | "yearly"; interval?: number | undefined; endDate?: string | undefined; }' is not assignable to type '{ enabled: boolean; frequency: "daily" | "weekly" | "monthly" | "yearly"; interval: number; endDate?: string | undefined; }'.
    Types of property 'interval' are incompatible.
      Type 'number | undefined' is not assignable to type 'number'.
        Type 'undefined' is not assignable to type 'number'.
src/components/kanban/TaskSidebar.tsx(173,49): error TS2353: Object literal may only specify known properties, and 'status' does not exist in type '{ title: string; notes?: string | undefined; due?: string | undefined; priority?: "high" | "medium" | "low" | "none" | undefined; labels?: string[] | undefined; recurring?: { enabled: boolean; frequency: "daily" | ... 2 more ... | "yearly"; interval?: number | undefined; endDate?: string | undefined; } | undefined; }'.
src/components/tasks/QuickAddTask.tsx(48,7): error TS2322: Type 'string[]' is not assignable to type '{ name: string; color: "red" | "blue" | "green" | "purple" | "orange" | "pink" | "teal" | "yellow" | "cyan" | "gray"; }[]'.
  Type 'string' is not assignable to type '{ name: string; color: "red" | "blue" | "green" | "purple" | "orange" | "pink" | "teal" | "yellow" | "cyan" | "gray"; }'.
src/components/tasks/QuickAddTask.tsx(49,7): error TS2322: Type '"high" | "low" | "normal" | "urgent"' is not assignable to type '"high" | "medium" | "low" | "none" | undefined'.
  Type '"normal"' is not assignable to type '"high" | "medium" | "low" | "none" | undefined'.
src/components/tasks/TaskDetailPanel.tsx(84,18): error TS2322: Type 'string | { name: string; color: "red" | "blue" | "green" | "purple" | "orange" | "pink" | "teal" | "yellow" | "cyan" | "gray"; }' is not assignable to type '{ name: string; color: "red" | "blue" | "green" | "purple" | "orange" | "pink" | "teal" | "yellow" | "cyan" | "gray"; }'.
  Type 'string' is not assignable to type '{ name: string; color: "red" | "blue" | "green" | "purple" | "orange" | "pink" | "teal" | "yellow" | "cyan" | "gray"; }'.
src/components/tasks/TaskDetailPanel.tsx(84,38): error TS2322: Type 'string' is not assignable to type '{ name: string; color: "red" | "blue" | "green" | "purple" | "orange" | "pink" | "teal" | "yellow" | "cyan" | "gray"; }'.
src/components/tasks/TaskDetailPanel.tsx(179,19): error TS2322: Type '"high" | "low" | "normal" | "urgent"' is not assignable to type '"high" | "medium" | "low" | "none" | undefined'.
  Type '"normal"' is not assignable to type '"high" | "medium" | "low" | "none" | undefined'.
src/components/tasks/TaskDetailPanel.tsx(213,19): error TS2322: Type '{ name: string; color: "red" | "blue" | "green" | "purple" | "orange" | "pink" | "teal" | "yellow" | "cyan" | "gray"; }' is not assignable to type 'ReactNode'.
src/components/tasks/TaskSidePanel.tsx(353,19): error TS2322: Type 'Dispatch<SetStateAction<"red" | "blue" | "green" | "purple" | "orange" | "pink" | "teal" | "yellow" | "cyan" | "gray">>' is not assignable to type '(color: string) => void'.
  Types of parameters 'value' and 'color' are incompatible.
    Type 'string' is not assignable to type 'SetStateAction<"red" | "blue" | "green" | "purple" | "orange" | "pink" | "teal" | "yellow" | "cyan" | "gray">'.
src/components/tasks/UnifiedTaskCard.tsx(132,91): error TS2339: Property 'metadata' does not exist on type 'UnifiedTask'.
src/components/tasks/UnifiedTaskCard.tsx(195,19): error TS2339: Property 'metadata' does not exist on type 'UnifiedTask'.
src/components/tasks/UnifiedTaskCard.tsx(200,64): error TS2339: Property 'metadata' does not exist on type 'UnifiedTask'.
src/components/ui/ConfirmationModal.tsx(88,15): error TS2322: Type '"primary" | "outline" | "danger"' is not assignable to type '"default" | "primary" | "ghost" | "secondary" | "outline" | "destructive" | undefined'.
  Type '"danger"' is not assignable to type '"default" | "primary" | "ghost" | "secondary" | "outline" | "destructive" | undefined'.
src/components/ui/dialog.tsx(36,5): error TS2769: No overload matches this call.
  The last overload gave the following error.
    Object literal may only specify known properties, and 'onClick' does not exist in type 'Partial<unknown> & Attributes'.
src/components/ui/dialog.tsx(37,7): error TS18046: 'child.props' is of type 'unknown'.
src/components/ui/popover.tsx(41,7): error TS2769: No overload matches this call.
  The last overload gave the following error.
    Object literal may only specify known properties, and 'ref' does not exist in type 'Partial<unknown> & Attributes'.
src/components/ui/popover.tsx(43,9): error TS18046: 'child.props' is of type 'unknown'.
src/core/errors/errorHandler.ts(328,3): error TS2739: Type 'Promise<ErrorContext>' is missing the following properties from type 'ErrorContext': type, message, timestamp, source, retryable
src/core/errors/errorHandler.ts(335,3): error TS2739: Type 'Promise<ErrorContext>' is missing the following properties from type 'ErrorContext': type, message, timestamp, source, retryable
src/core/errors/errorHandler.ts(342,3): error TS2739: Type 'Promise<ErrorContext>' is missing the following properties from type 'ErrorContext': type, message, timestamp, source, retryable
src/core/errors/errorHandler.ts(349,3): error TS2739: Type 'Promise<ErrorContext>' is missing the following properties from type 'ErrorContext': type, message, timestamp, source, retryable
src/core/errors/errorHandler.ts(357,3): error TS2739: Type 'Promise<ErrorContext>' is missing the following properties from type 'ErrorContext': type, message, timestamp, source, retryable
src/features/dashboard/components/PendingTasksWidget.tsx(140,35): error TS2339: Property 'metadata' does not exist on type '{ columnId: string; completed: boolean; id: string; googleTaskId?: string | undefined; googleTaskListId?: string | undefined; title: string; notes?: string | undefined; due?: string | undefined; ... 15 more ...; lastSyncTime?: string | undefined; }'.
src/features/google/services/SecureAuthHandler.ts(167,27): error TS18048: 'tokens.expiresAt' is possibly 'undefined'.
src/features/notes/components/BlockNoteEditor.tsx(438,14): error TS2678: Type '"ask-custom"' is not comparable to type 'AIAction'.
src/features/notes/components/BlockNoteEditor.tsx(736,13): error TS2322: Type '(action: AIAction, customPrompt?: string) => Promise<void>' is not assignable to type '(action: string, customQuestion?: string | undefined) => void'.
  Types of parameters 'action' and 'action' are incompatible.
    Type 'string' is not assignable to type 'AIAction'.
src/features/notes/components/BrowserLikeContextMenu.tsx(91,27): error TS2554: Expected 1 arguments, but got 0.
src/features/notes/components/BrowserLikeContextMenu.tsx(108,5): error TS2741: Property 'label' is missing in type '{ id: string; separator: true; }' but required in type 'MenuItem'.
src/features/notes/components/BrowserLikeContextMenu.tsx(113,5): error TS2741: Property 'label' is missing in type '{ id: string; separator: true; }' but required in type 'MenuItem'.
src/features/notes/components/BrowserLikeContextMenu.tsx(116,5): error TS2741: Property 'label' is missing in type '{ id: string; separator: true; }' but required in type 'MenuItem'.
src/features/notes/components/BrowserLikeContextMenu.tsx(125,5): error TS2741: Property 'label' is missing in type '{ id: string; separator: true; }' but required in type 'MenuItem'.
src/features/notes/components/BrowserLikeContextMenu.tsx(127,5): error TS2741: Property 'label' is missing in type '{ id: string; separator: true; }' but required in type 'MenuItem'.
src/features/notes/components/BrowserLikeContextMenu.tsx(140,7): error TS2322: Type 'undefined' is not assignable to type 'Timeout'.
src/features/notes/components/BrowserLikeContextMenu.tsx(180,7): error TS2322: Type 'undefined' is not assignable to type 'Timeout'.
src/features/notes/components/FormattingToolbar.tsx(111,49): error TS2339: Property 'textAlignment' does not exist on type 'Props<{ level: { default: number; values: readonly [1, 2, 3, 4, 5, 6]; }; isToggleable: { default: false; }; backgroundColor: { default: "default"; }; textColor: { default: "default"; }; textAlignment: { default: "left"; values: readonly [...]; }; }> | ... 11 more ... | Props<...>'.
  Property 'textAlignment' does not exist on type 'Props<{ backgroundColor: { default: "default"; }; name: { default: ""; }; url: { default: ""; }; caption: { default: ""; }; showPreview: { default: true; }; }>'.
src/features/notes/hooks/useLinkInterception.ts(14,50): error TS2339: Property 'href' does not exist on type 'HTMLElement'.
src/hooks/useAllTasks.ts(9,20): error TS2339: Property 'batchUpdateFromGoogle' does not exist on type 'UnifiedTaskStore'.
src/hooks/useGoogleTasks.ts(24,19): error TS2345: Argument of type 'string | undefined' is not assignable to parameter of type 'string'.
  Type 'undefined' is not assignable to type 'string'.
src/hooks/useGoogleTasks.ts(25,22): error TS2345: Argument of type 'string | undefined' is not assignable to parameter of type 'string'.
  Type 'undefined' is not assignable to type 'string'.
src/hooks/useGoogleTasks.ts(35,11): error TS2339: Property 'batchUpdateFromGoogle' does not exist on type 'UnifiedTaskStore'.
src/hooks/useGoogleTasks.ts(65,23): error TS2339: Property 'markTaskSynced' does not exist on type 'UnifiedTaskStore'.
src/hooks/useGoogleTasks.ts(246,27): error TS2345: Argument of type '{ labels?: string[] | undefined; priority?: "high" | "low" | "normal" | "urgent" | undefined; }' is not assignable to parameter of type 'Partial<Omit<UnifiedTask, "id" | "syncState">>'.
  Types of property 'priority' are incompatible.
    Type '"high" | "low" | "normal" | "urgent" | undefined' is not assignable to type '"high" | "medium" | "low" | "none" | undefined'.
      Type '"normal"' is not assignable to type '"high" | "medium" | "low" | "none" | undefined'.
src/hooks/useGoogleTasks.ts(271,48): error TS2345: Argument of type '{ name: string; color: "red" | "blue" | "green" | "purple" | "orange" | "pink" | "teal" | "yellow" | "cyan" | "gray"; }' is not assignable to parameter of type 'string'.
src/services/realtimeSync.ts(155,11): error TS2322: Type 'string[]' is not assignable to type '{ name: string; color: "red" | "blue" | "green" | "purple" | "orange" | "pink" | "teal" | "yellow" | "cyan" | "gray"; }[]'.
  Type 'string' is not assignable to type '{ name: string; color: "red" | "blue" | "green" | "purple" | "orange" | "pink" | "teal" | "yellow" | "cyan" | "gray"; }'.
src/stores/__tests__/unifiedTaskStore.test.ts(9,25): error TS2739: Type '{ tasks: {}; columns: never[]; isSyncing: false; syncErrors: {}; }' is missing the following properties from type 'UnifiedTaskState': showCompleted, showCompletedByList
src/stores/__tests__/unifiedTaskStore.test.ts(67,13): error TS2322: Type '"normal"' is not assignable to type '"high" | "medium" | "low" | "none"'.
src/stores/__tests__/unifiedTaskStore.test.ts(114,18): error TS2322: Type 'string' is not assignable to type 'WritableDraft<{ name: string; color: "red" | "blue" | "green" | "purple" | "orange" | "pink" | "teal" | "yellow" | "cyan" | "gray"; }>'.
src/stores/__tests__/unifiedTaskStore.test.ts(114,31): error TS2322: Type 'string' is not assignable to type 'WritableDraft<{ name: string; color: "red" | "blue" | "green" | "purple" | "orange" | "pink" | "teal" | "yellow" | "cyan" | "gray"; }>'.
src/stores/__tests__/unifiedTaskStore.test.ts(216,9): error TS2322: Type '"normal"' is not assignable to type '"high" | "medium" | "low" | "none"'.
src/stores/secureSessionStore.ts(13,24): error TS2307: Cannot find module '../utils/logger' or its corresponding type declarations.
src/stores/settingsStore.ts(391,30): error TS2554: Expected 0 arguments, but got 1.
src/stores/unifiedTaskStore.ts(176,17): error TS2322: Type 'string' is not assignable to type '"high" | "medium" | "low" | "none"'.
src/stores/unifiedTaskStore.ts(177,17): error TS2322: Type 'string[] | WritableDraft<{ name: string; color: "red" | "blue" | "green" | "purple" | "orange" | "pink" | "teal" | "yellow" | "cyan" | "gray"; }>[]' is not assignable to type 'WritableDraft<{ name: string; color: "red" | "blue" | "green" | "purple" | "orange" | "pink" | "teal" | "yellow" | "cyan" | "gray"; }>[]'.
  Type 'string[]' is not assignable to type 'WritableDraft<{ name: string; color: "red" | "blue" | "green" | "purple" | "orange" | "pink" | "teal" | "yellow" | "cyan" | "gray"; }>[]'.
    Type 'string' is not assignable to type 'WritableDraft<{ name: string; color: "red" | "blue" | "green" | "purple" | "orange" | "pink" | "teal" | "yellow" | "cyan" | "gray"; }>'.
src/stores/unifiedTaskStore.ts(243,19): error TS7053: Element implicitly has an 'any' type because expression of type 'string' can't be used to index type 'Partial<Omit<UnifiedTask, "id" | "syncState">>'.
  No index signature with a parameter of type 'string' was found on type 'Partial<Omit<UnifiedTask, "id" | "syncState">>'.
src/stores/unifiedTaskStore.ts(244,17): error TS7053: Element implicitly has an 'any' type because expression of type 'string' can't be used to index type 'WritableDraft<UnifiedTask>'.
  No index signature with a parameter of type 'string' was found on type 'WritableDraft<UnifiedTask>'.
src/stores/unifiedTaskStore.ts(244,29): error TS7053: Element implicitly has an 'any' type because expression of type 'string' can't be used to index type 'Partial<Omit<UnifiedTask, "id" | "syncState">>'.
  No index signature with a parameter of type 'string' was found on type 'Partial<Omit<UnifiedTask, "id" | "syncState">>'.
src/stores/unifiedTaskStore.ts(339,28): error TS2304: Cannot find name 'googleUpdates'.
src/stores/unifiedTaskStore.ts(715,55): error TS2367: This comparison appears to be unintentional because the types '"high" | "medium" | "low" | "none"' and '"normal"' have no overlap.
src/stores/unifiedTaskStore.ts(719,19): error TS2353: Object literal may only specify known properties, and 'metadata' does not exist in type 'UnifiedTask'.
src/stores/unifiedTaskStore.ts(719,42): error TS2339: Property 'metadata' does not exist on type 'UnifiedTask'.
src/stores/unifiedTaskStore.ts(719,67): error TS2339: Property 'metadata' does not exist on type 'WritableDraft<UnifiedTask>'.
src/tests/integration/auth-persistence.test.ts(146,21): error TS2339: Property 'setState' does not exist on type 'GoogleCalendarStore'.
src/tests/integration/auth-persistence.test.ts(160,21): error TS2339: Property 'setState' does not exist on type 'GoogleCalendarStore'.
src/tests/integration/auth-persistence.test.ts(186,21): error TS2339: Property 'setState' does not exist on type 'GoogleCalendarStore'.
src/tests/integration/auth-persistence.test.ts(224,39): error TS2538: Type 'Promise<string>' cannot be used as an index type.
src/tests/integration/auth-persistence.test.ts(242,33): error TS2538: Type 'Promise<string>' cannot be used as an index type.
src/tests/integration/auth-persistence.test.ts(245,20): error TS2339: Property 'markTaskSynced' does not exist on type 'UnifiedTaskStore'.
src/tests/integration/auth-persistence.test.ts(247,33): error TS2538: Type 'Promise<string>' cannot be used as an index type.
src/tests/integration/auth-persistence.test.ts(248,33): error TS2538: Type 'Promise<string>' cannot be used as an index type.
src/tests/integration/auth-persistence.test.ts(249,33): error TS2538: Type 'Promise<string>' cannot be used as an index type.
src/tests/integration/auth-persistence.test.ts(262,23): error TS2339: Property 'setState' does not exist on type 'GoogleCalendarStore'.
src/tests/integration/calendar-api-integration.test.tsx(33,15): error TS2551: Property 'clearSyncErrors' does not exist on type 'UnifiedTaskStore'. Did you mean 'syncErrors'?
src/tests/integration/calendar-api-integration.test.tsx(200,7): error TS2304: Cannot find name 'useGoogleTasksStore'.
src/tests/integration/calendar-api-integration.test.tsx(204,14): error TS2304: Cannot find name 'useGoogleTasksStore'.
src/tests/integration/calendar-api-integration.test.tsx(223,21): error TS2304: Cannot find name 'useGoogleTasksStore'.
src/tests/integration/calendar-api-integration.test.tsx(226,7): error TS2304: Cannot find name 'useGoogleTasksStore'.
src/tests/integration/calendar-api-integration.test.tsx(227,14): error TS2304: Cannot find name 'useGoogleTasksStore'.
src/tests/integration/calendar-api-integration.test.tsx(230,14): error TS2304: Cannot find name 'useGoogleTasksStore'.
src/tests/integration/calendar-api-integration.test.tsx(238,7): error TS2304: Cannot find name 'useGoogleTasksStore'.
src/tests/integration/project-task-association.test.tsx(13,5): error TS2322: Type 'never[]' is not assignable to type 'Record<string, UnifiedTask>'.
  Index signature for type 'string' is missing in type 'never[]'.
src/tests/integration/project-task-association.test.tsx(22,56): error TS2554: Expected 1 arguments, but got 2.
src/tests/integration/project-task-association.test.tsx(28,24): error TS2339: Property 'title' does not exist on type 'string'.
src/tests/integration/project-task-association.test.tsx(29,24): error TS2339: Property 'id' does not exist on type 'string'.
src/tests/integration/project-task-association.test.tsx(32,11): error TS2339: Property 'assignTaskToProject' does not exist on type 'UnifiedTaskStore'.
src/tests/integration/project-task-association.test.tsx(32,43): error TS2339: Property 'id' does not exist on type 'string'.
src/tests/integration/project-task-association.test.tsx(35,26): error TS2304: Cannot find name 'useKanbanStore'.
src/tests/integration/project-task-association.test.tsx(37,16): error TS7006: Parameter 'c' implicitly has an 'any' type.
src/tests/integration/project-task-association.test.tsx(38,13): error TS7006: Parameter 't' implicitly has an 'any' type.
src/tests/integration/project-task-association.test.tsx(38,39): error TS2339: Property 'id' does not exist on type 'string'.
src/tests/integration/project-task-association.test.tsx(46,49): error TS2339: Property 'id' does not exist on type 'string'.
src/tests/integration/project-task-association.test.tsx(54,56): error TS2554: Expected 1 arguments, but got 2.
src/tests/integration/project-task-association.test.tsx(60,11): error TS2339: Property 'assignTaskToProject' does not exist on type 'UnifiedTaskStore'.
src/tests/integration/project-task-association.test.tsx(60,43): error TS2339: Property 'id' does not exist on type 'string'.
src/tests/integration/project-task-association.test.tsx(63,24): error TS2304: Cannot find name 'useKanbanStore'.
src/tests/integration/project-task-association.test.tsx(65,16): error TS7006: Parameter 'c' implicitly has an 'any' type.
src/tests/integration/project-task-association.test.tsx(66,13): error TS7006: Parameter 't' implicitly has an 'any' type.
src/tests/integration/project-task-association.test.tsx(66,39): error TS2339: Property 'id' does not exist on type 'string'.
src/tests/integration/project-task-association.test.tsx(70,11): error TS2339: Property 'removeTaskFromProject' does not exist on type 'UnifiedTaskStore'.
src/tests/integration/project-task-association.test.tsx(70,45): error TS2339: Property 'id' does not exist on type 'string'.
src/tests/integration/project-task-association.test.tsx(73,20): error TS2304: Cannot find name 'useKanbanStore'.
src/tests/integration/project-task-association.test.tsx(75,16): error TS7006: Parameter 'c' implicitly has an 'any' type.
src/tests/integration/project-task-association.test.tsx(76,13): error TS7006: Parameter 't' implicitly has an 'any' type.
src/tests/integration/project-task-association.test.tsx(76,39): error TS2339: Property 'id' does not exist on type 'string'.
src/tests/integration/project-task-association.test.tsx(89,50): error TS2554: Expected 1 arguments, but got 2.
src/tests/integration/project-task-association.test.tsx(94,57): error TS2554: Expected 1 arguments, but got 2.
src/tests/integration/project-task-association.test.tsx(99,50): error TS2554: Expected 1 arguments, but got 2.
src/tests/integration/project-task-association.test.tsx(105,11): error TS2339: Property 'assignTaskToProject' does not exist on type 'UnifiedTaskStore'.
src/tests/integration/project-task-association.test.tsx(105,37): error TS2339: Property 'id' does not exist on type 'string'.
src/tests/integration/project-task-association.test.tsx(106,11): error TS2339: Property 'assignTaskToProject' does not exist on type 'UnifiedTaskStore'.
src/tests/integration/project-task-association.test.tsx(106,37): error TS2339: Property 'id' does not exist on type 'string'.
src/tests/integration/project-task-association.test.tsx(107,11): error TS2339: Property 'assignTaskToProject' does not exist on type 'UnifiedTaskStore'.
src/tests/integration/project-task-association.test.tsx(107,37): error TS2339: Property 'id' does not exist on type 'string'.
src/tests/integration/project-task-association.test.tsx(110,26): error TS2304: Cannot find name 'useKanbanStore'.
src/tests/integration/project-task-association.test.tsx(116,30): error TS7006: Parameter 't' implicitly has an 'any' type.
src/tests/integration/project-task-association.test.tsx(117,30): error TS7006: Parameter 't' implicitly has an 'any' type.
src/tests/integration/project-task-association.test.tsx(130,50): error TS2554: Expected 1 arguments, but got 2.
src/tests/integration/project-task-association.test.tsx(135,57): error TS2554: Expected 1 arguments, but got 2.
src/tests/integration/project-task-association.test.tsx(140,50): error TS2554: Expected 1 arguments, but got 2.
src/tests/integration/project-task-association.test.tsx(146,11): error TS2339: Property 'assignTaskToProject' does not exist on type 'UnifiedTaskStore'.
src/tests/integration/project-task-association.test.tsx(146,37): error TS2339: Property 'id' does not exist on type 'string'.
src/tests/integration/project-task-association.test.tsx(150,26): error TS2304: Cannot find name 'useKanbanStore'.
src/tests/integration/project-task-association.test.tsx(154,32): error TS7006: Parameter 't' implicitly has an 'any' type.
src/tests/integration/project-task-association.test.tsx(155,32): error TS7006: Parameter 't' implicitly has an 'any' type.
src/tests/integration/project-task-association.test.tsx(156,32): error TS7006: Parameter 't' implicitly has an 'any' type.
src/tests/integration/project-task-association.test.tsx(164,50): error TS2554: Expected 1 arguments, but got 2.
src/tests/integration/project-task-association.test.tsx(169,57): error TS2554: Expected 1 arguments, but got 2.
src/tests/integration/project-task-association.test.tsx(174,50): error TS2554: Expected 1 arguments, but got 2.
src/tests/integration/project-task-association.test.tsx(179,50): error TS2554: Expected 1 arguments, but got 2.
src/tests/integration/project-task-association.test.tsx(185,11): error TS2339: Property 'assignTaskToProject' does not exist on type 'UnifiedTaskStore'.
src/tests/integration/project-task-association.test.tsx(185,37): error TS2339: Property 'id' does not exist on type 'string'.
src/tests/integration/project-task-association.test.tsx(186,11): error TS2339: Property 'assignTaskToProject' does not exist on type 'UnifiedTaskStore'.
src/tests/integration/project-task-association.test.tsx(186,37): error TS2339: Property 'id' does not exist on type 'string'.
src/tests/integration/project-task-association.test.tsx(187,11): error TS2339: Property 'assignTaskToProject' does not exist on type 'UnifiedTaskStore'.
src/tests/integration/project-task-association.test.tsx(187,37): error TS2339: Property 'id' does not exist on type 'string'.
src/tests/integration/project-task-association.test.tsx(191,26): error TS2304: Cannot find name 'useKanbanStore'.
src/tests/integration/project-task-association.test.tsx(201,51): error TS7006: Parameter 'c' implicitly has an 'any' type.
src/tests/integration/sync-reconciliation.test.tsx(46,64): error TS2538: Type 'Promise<string>' cannot be used as an index type.
src/tests/integration/sync-reconciliation.test.tsx(53,9): error TS2739: Type '{ id: string; title: string; notes: string; status: "needsAction"; updated: string; }' is missing the following properties from type 'GoogleTask': position, selfLink, etag
src/tests/integration/sync-reconciliation.test.tsx(63,34): error TS2339: Property 'getPendingTasks' does not exist on type 'UnifiedTaskStore'.
src/tests/integration/sync-reconciliation.test.tsx(67,19): error TS2339: Property 'markTaskSynced' does not exist on type 'UnifiedTaskStore'.
src/tests/integration/sync-reconciliation.test.tsx(70,63): error TS2538: Type 'Promise<string>' cannot be used as an index type.
src/tests/integration/sync-reconciliation.test.tsx(85,13): error TS2339: Property 'batchUpdateFromGoogle' does not exist on type 'UnifiedTaskStore'.
src/tests/integration/sync-reconciliation.test.tsx(135,18): error TS2322: Type 'string' is not assignable to type '{ name: string; color: "red" | "blue" | "green" | "purple" | "orange" | "pink" | "teal" | "yellow" | "cyan" | "gray"; }'.
src/tests/integration/sync-reconciliation.test.tsx(135,28): error TS2322: Type 'string' is not assignable to type '{ name: string; color: "red" | "blue" | "green" | "purple" | "orange" | "pink" | "teal" | "yellow" | "cyan" | "gray"; }'.
src/tests/integration/sync-reconciliation.test.tsx(140,13): error TS2339: Property 'markTaskSynced' does not exist on type 'UnifiedTaskStore'.
src/tests/integration/sync-reconciliation.test.tsx(143,13): error TS2339: Property 'batchUpdateFromGoogle' does not exist on type 'UnifiedTaskStore'.
src/tests/integration/sync-reconciliation.test.tsx(157,64): error TS2538: Type 'Promise<string>' cannot be used as an index type.
src/tests/integration/sync-reconciliation.test.tsx(176,13): error TS2339: Property 'markTaskSynced' does not exist on type 'UnifiedTaskStore'.
src/tests/integration/sync-reconciliation.test.tsx(179,24): error TS2345: Argument of type 'Promise<string>' is not assignable to parameter of type 'string'.
src/tests/integration/sync-reconciliation.test.tsx(183,50): error TS2538: Type 'Promise<string>' cannot be used as an index type.
src/tests/integration/sync-reconciliation.test.tsx(192,13): error TS2339: Property 'batchUpdateFromGoogle' does not exist on type 'UnifiedTaskStore'.
src/tests/integration/sync-reconciliation.test.tsx(206,69): error TS2538: Type 'Promise<string>' cannot be used as an index type.
src/tests/integration/sync-reconciliation.test.tsx(224,13): error TS2339: Property 'markTaskSynced' does not exist on type 'UnifiedTaskStore'.
src/tests/integration/sync-reconciliation.test.tsx(230,13): error TS2339: Property 'markTaskSynced' does not exist on type 'UnifiedTaskStore'.
src/tests/integration/sync-reconciliation.test.tsx(234,25): error TS2538: Type 'Promise<string>' cannot be used as an index type.
src/tests/integration/sync-reconciliation.test.tsx(235,23): error TS2538: Type 'Promise<string>' cannot be used as an index type.
src/tests/integration/sync-reconciliation.test.tsx(237,25): error TS2538: Type 'Promise<string>' cannot be used as an index type.
src/tests/integration/sync-reconciliation.test.tsx(238,23): error TS2538: Type 'Promise<string>' cannot be used as an index type.
src/tests/integration/sync-reconciliation.test.tsx(243,13): error TS2339: Property 'purgeTasksByIds' does not exist on type 'UnifiedTaskStore'.
src/tests/integration/sync-reconciliation.test.tsx(247,31): error TS2538: Type 'Promise<string>' cannot be used as an index type.
src/tests/integration/sync-reconciliation.test.tsx(248,31): error TS2538: Type 'Promise<string>' cannot be used as an index type.
src/tests/integration/sync-reconciliation.test.tsx(266,57): error TS2538: Type 'Promise<string>' cannot be used as an index type.
src/tests/integration/sync-reconciliation.test.tsx(271,34): error TS2339: Property 'getPendingTasks' does not exist on type 'UnifiedTaskStore'.
src/tests/integration/sync-reconciliation.test.tsx(272,32): error TS7006: Parameter 't' implicitly has an 'any' type.
src/tests/integration/sync-reconciliation.test.tsx(284,13): error TS2339: Property 'batchUpdateFromGoogle' does not exist on type 'UnifiedTaskStore'.
src/tests/integration/task-sync-debug.test.tsx(25,11): error TS2353: Object literal may only specify known properties, and 'tokens' does not exist in type 'GoogleAccountSettings'.
src/tests/integration/task-sync-debug.test.tsx(77,33): error TS2538: Type 'Promise<string>' cannot be used as an index type.
src/tests/integration/task-sync-debug.test.tsx(89,82): error TS2538: Type 'Promise<string>' cannot be used as an index type.
src/tests/integration/task-sync-debug.test.tsx(108,36): error TS2339: Property 'tokens' does not exist on type 'GoogleAccountSettings'.
src/tests/integration/task-sync-debug.test.tsx(124,51): error TS2345: Argument of type '"performSync"' is not assignable to parameter of type 'keyof RealtimeSync'.
src/tests/integration/task-sync.test.tsx(32,33): error TS2538: Type 'Promise<string>' cannot be used as an index type.
src/tests/integration/task-sync.test.tsx(39,32): error TS2339: Property 'getPendingTasks' does not exist on type 'UnifiedTaskStore'.
src/tests/integration/task-sync.test.tsx(63,41): error TS2339: Property 'getPendingTasks' does not exist on type 'UnifiedTaskStore'.
src/tests/integration/tasks-api-integration.test.tsx(71,11): error TS2551: Property 'clearSyncErrors' does not exist on type 'UnifiedTaskStore'. Did you mean 'syncErrors'?
src/tests/integration/tasks-api-integration.test.tsx(181,9): error TS2353: Object literal may only specify known properties, and 'status' does not exist in type 'CreateTaskInput'.
src/tests/integration/tasks-api-integration.test.tsx(194,20): error TS2339: Property 'isInitialized' does not exist on type 'UnifiedTaskStore'.
src/tests/integration/tasks-api-integration.test.tsx(197,13): error TS2339: Property 'createColumn' does not exist on type 'UnifiedTaskStore'.
src/tests/integration/tasks-api-integration.test.tsx(207,13): error TS2551: Property 'setSyncing' does not exist on type 'UnifiedTaskStore'. Did you mean 'isSyncing'?
src/tests/integration/tasks-api-integration.test.tsx(210,13): error TS2551: Property 'setSyncing' does not exist on type 'UnifiedTaskStore'. Did you mean 'isSyncing'?
src/tests/integration/tasks-api-integration.test.tsx(268,7): error TS2304: Cannot find name 'useGoogleTasksStore'.
src/tests/integration/tasks-api-integration.test.tsx(272,21): error TS2304: Cannot find name 'useGoogleTasksStore'.
src/tests/integration/tasks-api-integration.test.tsx(286,7): error TS2304: Cannot find name 'useGoogleTasksStore'.
src/tests/integration/tasks-api-integration.test.tsx(297,7): error TS2304: Cannot find name 'useGoogleTasksStore'.
src/tests/integration/tasks-api-integration.test.tsx(301,21): error TS2304: Cannot find name 'useGoogleTasksStore'.
src/tests/integration/tasks-api-integration.test.tsx(314,7): error TS2304: Cannot find name 'useGoogleTasksStore'.
src/tests/integration/tasks-api-integration.test.tsx(320,7): error TS2304: Cannot find name 'useGoogleTasksStore'.
src/tests/integration/tasks-api-integration.test.tsx(324,19): error TS2304: Cannot find name 'useGoogleTasksStore'.
src/tests/integration/tasks-api-integration.test.tsx(329,7): error TS2304: Cannot find name 'useGoogleTasksStore'.
src/tests/integration/tasks-api-integration.test.tsx(333,15): error TS2304: Cannot find name 'useGoogleTasksStore'.
src/tests/integration/tasks-api-integration.test.tsx(344,7): error TS2304: Cannot find name 'useGoogleTasksStore'.
src/tests/integration/tasks-api-integration.test.tsx(348,14): error TS2304: Cannot find name 'useGoogleTasksStore'.
src/tests/integration/tasks-api-integration.test.tsx(352,7): error TS2304: Cannot find name 'useGoogleTasksStore'.
src/tests/integration/tasks-api-integration.test.tsx(356,21): error TS2304: Cannot find name 'useGoogleTasksStore'.
src/tests/integration/tasks-api-integration.test.tsx(366,7): error TS2304: Cannot find name 'useGoogleTasksStore'.
src/tests/integration/tasks-api-integration.test.tsx(374,7): error TS2304: Cannot find name 'useGoogleTasksStore'.
src/tests/integration/tasks-api-integration.test.tsx(381,21): error TS2304: Cannot find name 'useGoogleTasksStore'.
src/tests/integration/tasks-api-integration.test.tsx(393,7): error TS2304: Cannot find name 'useGoogleTasksStore'.
src/tests/integration/tasks-api-integration.test.tsx(395,14): error TS2304: Cannot find name 'useGoogleTasksStore'.
src/tests/integration/tasks-api-integration.test.tsx(410,7): error TS2304: Cannot find name 'useGoogleTasksStore'.
src/tests/integration/tasks-api-integration.test.tsx(417,21): error TS2304: Cannot find name 'useGoogleTasksStore'.
src/tests/integration/tasks-api-integration.test.tsx(427,7): error TS2304: Cannot find name 'useGoogleTasksStore'.
src/tests/integration/tasks-api-integration.test.tsx(442,7): error TS2304: Cannot find name 'useGoogleTasksStore'.
src/tests/integration/tasks-api-integration.test.tsx(446,21): error TS2304: Cannot find name 'useGoogleTasksStore'.
src/tests/integration/tasks-api-integration.test.tsx(456,7): error TS2304: Cannot find name 'useGoogleTasksStore'.
src/tests/integration/tasks-api-integration.test.tsx(458,21): error TS2304: Cannot find name 'useGoogleTasksStore'.
src/tests/integration/tasks-api-integration.test.tsx(477,7): error TS2304: Cannot find name 'useGoogleTasksStore'.
src/tests/integration/tasks-api-integration.test.tsx(484,21): error TS2304: Cannot find name 'useGoogleTasksStore'.
src/tests/integration/tasks-api-integration.test.tsx(492,15): error TS2304: Cannot find name 'useGoogleTasksStore'.
src/tests/integration/tasks-api-integration.test.tsx(493,15): error TS2304: Cannot find name 'useGoogleTasksStore'.
src/tests/integration/tasks-api-integration.test.tsx(496,15): error TS2304: Cannot find name 'useGoogleTasksStore'.
src/tests/integration/tasks-api-integration.test.tsx(505,21): error TS2304: Cannot find name 'useGoogleTasksStore'.
src/tests/integration/tasks-api-integration.test.tsx(513,7): error TS2304: Cannot find name 'useGoogleTasksStore'.
src/tests/integration/tasks-api-integration.test.tsx(514,14): error TS2304: Cannot find name 'useGoogleTasksStore'.
src/tests/integration/tasks-api-integration.test.tsx(517,7): error TS2304: Cannot find name 'useGoogleTasksStore'.
src/tests/integration/tasks-api-integration.test.tsx(518,14): error TS2304: Cannot find name 'useGoogleTasksStore'.
src/tests/integration/tasks-api-integration.test.tsx(521,7): error TS2304: Cannot find name 'useGoogleTasksStore'.
src/tests/integration/tasks-api-integration.test.tsx(522,14): error TS2304: Cannot find name 'useGoogleTasksStore'.
src/tests/persistence-test.ts(15,5): error TS7053: Element implicitly has an 'any' type because expression of type '"high" | "medium" | "low" | "none"' can't be used to index type '{ low: number; normal: number; high: number; urgent: number; }'.
  Property 'medium' does not exist on type '{ low: number; normal: number; high: number; urgent: number; }'.
src/tests/persistence-test.ts(16,9): error TS2367: This comparison appears to be unintentional because the types '"high" | "medium" | "low" | "none"' and '"normal"' have no overlap.
src/tests/persistence-test.ts(42,9): error TS7053: Element implicitly has an 'any' type because expression of type 'any' can't be used to index type '{ low: number; normal: number; high: number; urgent: number; }'.
src/tests/persistence-test.ts(68,14): error TS2322: Type 'string' is not assignable to type '{ name: string; color: "red" | "blue" | "green" | "purple" | "orange" | "pink" | "teal" | "yellow" | "cyan" | "gray"; }'.
src/utils/debugState.ts(18,36): error TS2349: This expression is not callable.
  Type 'UnifiedTask' has no call signatures.
src/utils/debugState.ts(18,43): error TS7006: Parameter 't' implicitly has an 'any' type.
src/utils/debugState.ts(19,43): error TS2349: This expression is not callable.
  Type 'UnifiedTask' has no call signatures.
src/utils/debugState.ts(19,50): error TS7006: Parameter 't' implicitly has an 'any' type.
src/utils/debugState.ts(20,43): error TS2349: This expression is not callable.
  Type 'UnifiedTask' has no call signatures.
src/utils/debugState.ts(20,50): error TS7006: Parameter 't' implicitly has an 'any' type.
src/utils/debugState.ts(21,43): error TS2349: This expression is not callable.
  Type 'UnifiedTask' has no call signatures.
src/utils/debugState.ts(21,50): error TS7006: Parameter 't' implicitly has an 'any' type.
src/utils/debugState.ts(22,35): error TS2349: This expression is not callable.
  Type 'UnifiedTask' has no call signatures.
src/utils/debugState.ts(22,42): error TS7006: Parameter 't' implicitly has an 'any' type.
src/utils/debugState.ts(24,33): error TS2339: Property 'syncEnabled' does not exist on type 'UnifiedTaskStore'.
src/utils/debugState.ts(25,35): error TS2339: Property 'isInitialized' does not exist on type 'UnifiedTaskStore'.
src/utils/performanceOptimizations.ts(66,20): error TS2345: Argument of type 'string | undefined' is not assignable to parameter of type 'string'.
  Type 'undefined' is not assignable to type 'string'.
