{"numTotalTestSuites":237,"numPassedTestSuites":212,"numFailedTestSuites":25,"numPendingTestSuites":0,"numTotalTests":421,"numPassedTests":394,"numFailedTests":27,"numPendingTests":0,"numTodoTests":0,"snapshot":{"added":0,"failure":false,"filesAdded":0,"filesRemoved":0,"filesRemovedList":[],"filesUnmatched":0,"filesUpdated":0,"matched":0,"total":0,"unchecked":0,"uncheckedKeysByFile":[],"unmatched":0,"updated":0,"didUpdate":false},"startTime":1754434401726,"success":false,"testResults":[{"assertionResults":[{"ancestorTitles":["Comprehensive Store Validation Tests","Element Module Validation"],"fullName":"Comprehensive Store Validation Tests Element Module Validation should validate element CRUD operations","status":"passed","title":"should validate element CRUD operations","duration":15.057200000000194,"failureMessages":[],"meta":{}},{"ancestorTitles":["Comprehensive Store Validation Tests","Element Module Validation"],"fullName":"Comprehensive Store Validation Tests Element Module Validation should validate batch operations","status":"passed","title":"should validate batch operations","duration":7.001500000000306,"failureMessages":[],"meta":{}},{"ancestorTitles":["Comprehensive Store Validation Tests","Element Module Validation"],"fullName":"Comprehensive Store Validation Tests Element Module Validation should validate element ordering","status":"passed","title":"should validate element ordering","duration":4.367799999999988,"failureMessages":[],"meta":{}},{"ancestorTitles":["Comprehensive Store Validation Tests","Selection Module Validation"],"fullName":"Comprehensive Store Validation Tests Selection Module Validation should validate single selection operations","status":"passed","title":"should validate single selection operations","duration":2.4378999999998996,"failureMessages":[],"meta":{}},{"ancestorTitles":["Comprehensive Store Validation Tests","Selection Module Validation"],"fullName":"Comprehensive Store Validation Tests Selection Module Validation should validate multi-selection operations","status":"passed","title":"should validate multi-selection operations","duration":4.410699999999451,"failureMessages":[],"meta":{}},{"ancestorTitles":["Comprehensive Store Validation Tests","Selection Module Validation"],"fullName":"Comprehensive Store Validation Tests Selection Module Validation should validate selection with element deletion","status":"passed","title":"should validate selection with element deletion","duration":2.4315999999998894,"failureMessages":[],"meta":{}},{"ancestorTitles":["Comprehensive Store Validation Tests","Viewport Module Validation"],"fullName":"Comprehensive Store Validation Tests Viewport Module Validation should validate viewport transformations","status":"passed","title":"should validate viewport transformations","duration":1.9922999999998865,"failureMessages":[],"meta":{}},{"ancestorTitles":["Comprehensive Store Validation Tests","Viewport Module Validation"],"fullName":"Comprehensive Store Validation Tests Viewport Module Validation should validate pan operations","status":"passed","title":"should validate pan operations","duration":1.7067999999999302,"failureMessages":[],"meta":{}},{"ancestorTitles":["Comprehensive Store Validation Tests","Viewport Module Validation"],"fullName":"Comprehensive Store Validation Tests Viewport Module Validation should validate zoom operations","status":"passed","title":"should validate zoom operations","duration":2.080500000000029,"failureMessages":[],"meta":{}},{"ancestorTitles":["Comprehensive Store Validation Tests","Drawing Module Validation"],"fullName":"Comprehensive Store Validation Tests Drawing Module Validation should validate drawing state management","status":"passed","title":"should validate drawing state management","duration":1.5181000000002314,"failureMessages":[],"meta":{}},{"ancestorTitles":["Comprehensive Store Validation Tests","Drawing Module Validation"],"fullName":"Comprehensive Store Validation Tests Drawing Module Validation should validate drawing tool switching","status":"passed","title":"should validate drawing tool switching","duration":1.3011999999998807,"failureMessages":[],"meta":{}},{"ancestorTitles":["Comprehensive Store Validation Tests","History Module Validation"],"fullName":"Comprehensive Store Validation Tests History Module Validation should validate history operations","status":"passed","title":"should validate history operations","duration":15.669799999999668,"failureMessages":[],"meta":{}},{"ancestorTitles":["Comprehensive Store Validation Tests","History Module Validation"],"fullName":"Comprehensive Store Validation Tests History Module Validation should validate history size limits","status":"passed","title":"should validate history size limits","duration":48.24449999999979,"failureMessages":[],"meta":{}},{"ancestorTitles":["Comprehensive Store Validation Tests","Tool Module Validation"],"fullName":"Comprehensive Store Validation Tests Tool Module Validation should validate tool switching","status":"passed","title":"should validate tool switching","duration":1.0850000000000364,"failureMessages":[],"meta":{}},{"ancestorTitles":["Comprehensive Store Validation Tests","Tool Module Validation"],"fullName":"Comprehensive Store Validation Tests Tool Module Validation should validate tool state persistence","status":"passed","title":"should validate tool state persistence","duration":1.5275999999994383,"failureMessages":[],"meta":{}},{"ancestorTitles":["Comprehensive Store Validation Tests","UI Module Validation"],"fullName":"Comprehensive Store Validation Tests UI Module Validation should validate UI state management","status":"passed","title":"should validate UI state management","duration":2.086699999999837,"failureMessages":[],"meta":{}},{"ancestorTitles":["Comprehensive Store Validation Tests","Complex Integration Scenarios"],"fullName":"Comprehensive Store Validation Tests Complex Integration Scenarios should validate element creation with selection and history","status":"passed","title":"should validate element creation with selection and history","duration":3.1259000000000015,"failureMessages":[],"meta":{}},{"ancestorTitles":["Comprehensive Store Validation Tests","Complex Integration Scenarios"],"fullName":"Comprehensive Store Validation Tests Complex Integration Scenarios should validate multi-element operations with viewport","status":"passed","title":"should validate multi-element operations with viewport","duration":4.248999999999796,"failureMessages":[],"meta":{}},{"ancestorTitles":["Comprehensive Store Validation Tests","Error Handling and Edge Cases"],"fullName":"Comprehensive Store Validation Tests Error Handling and Edge Cases should handle invalid element operations gracefully","status":"passed","title":"should handle invalid element operations gracefully","duration":6.504399999999805,"failureMessages":[],"meta":{}},{"ancestorTitles":["Comprehensive Store Validation Tests","Error Handling and Edge Cases"],"fullName":"Comprehensive Store Validation Tests Error Handling and Edge Cases should handle undo/redo edge cases","status":"passed","title":"should handle undo/redo edge cases","duration":1.1133999999992739,"failureMessages":[],"meta":{}},{"ancestorTitles":["Comprehensive Store Validation Tests","Error Handling and Edge Cases"],"fullName":"Comprehensive Store Validation Tests Error Handling and Edge Cases should handle viewport edge cases","status":"passed","title":"should handle viewport edge cases","duration":1.009700000000521,"failureMessages":[],"meta":{}}],"startTime":1754434408982,"endTime":1754434409114.0098,"status":"passed","message":"","name":"C:/Projects/LibreOllama/src/tests/comprehensive-store-validation.test.ts"},{"assertionResults":[{"ancestorTitles":["Canvas Store-First Testing Examples","Element Management"],"fullName":"Canvas Store-First Testing Examples Element Management should add and retrieve elements correctly","status":"passed","title":"should add and retrieve elements correctly","duration":9.97829999999999,"failureMessages":[],"meta":{}},{"ancestorTitles":["Canvas Store-First Testing Examples","Element Management"],"fullName":"Canvas Store-First Testing Examples Element Management should update element properties","status":"passed","title":"should update element properties","duration":5.365400000000136,"failureMessages":[],"meta":{}},{"ancestorTitles":["Canvas Store-First Testing Examples","Element Management"],"fullName":"Canvas Store-First Testing Examples Element Management should delete elements correctly","status":"passed","title":"should delete elements correctly","duration":3.6305999999999585,"failureMessages":[],"meta":{}},{"ancestorTitles":["Canvas Store-First Testing Examples","Selection Management"],"fullName":"Canvas Store-First Testing Examples Selection Management should handle single element selection","status":"passed","title":"should handle single element selection","duration":2.358600000000024,"failureMessages":[],"meta":{}},{"ancestorTitles":["Canvas Store-First Testing Examples","Selection Management"],"fullName":"Canvas Store-First Testing Examples Selection Management should handle multiple element selection","status":"passed","title":"should handle multiple element selection","duration":3.1006999999999607,"failureMessages":[],"meta":{}},{"ancestorTitles":["Canvas Store-First Testing Examples","Selection Management"],"fullName":"Canvas Store-First Testing Examples Selection Management should clear selection correctly","status":"passed","title":"should clear selection correctly","duration":2.1929000000000087,"failureMessages":[],"meta":{}},{"ancestorTitles":["Canvas Store-First Testing Examples","Tool Management"],"fullName":"Canvas Store-First Testing Examples Tool Management should switch tools correctly","status":"passed","title":"should switch tools correctly","duration":1.0997999999999593,"failureMessages":[],"meta":{}},{"ancestorTitles":["Canvas Store-First Testing Examples","Tool Management"],"fullName":"Canvas Store-First Testing Examples Tool Management should maintain tool state correctly","status":"passed","title":"should maintain tool state correctly","duration":0.9400000000000546,"failureMessages":[],"meta":{}},{"ancestorTitles":["Canvas Store-First Testing Examples","Viewport Management"],"fullName":"Canvas Store-First Testing Examples Viewport Management should update viewport properties","status":"passed","title":"should update viewport properties","duration":0.9972999999999956,"failureMessages":[],"meta":{}},{"ancestorTitles":["Canvas Store-First Testing Examples","Viewport Management"],"fullName":"Canvas Store-First Testing Examples Viewport Management should handle zoom operations","status":"passed","title":"should handle zoom operations","duration":1.075800000000072,"failureMessages":[],"meta":{}},{"ancestorTitles":["Canvas Store-First Testing Examples","Complex Workflows"],"fullName":"Canvas Store-First Testing Examples Complex Workflows should handle create-select-modify-delete workflow","status":"passed","title":"should handle create-select-modify-delete workflow","duration":2.5980999999999312,"failureMessages":[],"meta":{}},{"ancestorTitles":["Canvas Store-First Testing Examples","Complex Workflows"],"fullName":"Canvas Store-First Testing Examples Complex Workflows should handle multi-element operations","status":"passed","title":"should handle multi-element operations","duration":2.903500000000122,"failureMessages":[],"meta":{}}],"startTime":1754434409526,"endTime":1754434409563.9036,"status":"passed","message":"","name":"C:/Projects/LibreOllama/src/tests/core-canvas-store.test.ts"},{"assertionResults":[{"ancestorTitles":["Canvas Selection Workflow"],"fullName":"Canvas Selection Workflow should create elements and handle selection correctly","status":"passed","title":"should create elements and handle selection correctly","duration":8.633200000000215,"failureMessages":[],"meta":{}},{"ancestorTitles":["Canvas Selection Workflow"],"fullName":"Canvas Selection Workflow should handle multi-selection correctly","status":"passed","title":"should handle multi-selection correctly","duration":3.942399999999907,"failureMessages":[],"meta":{}},{"ancestorTitles":["Canvas Selection Workflow"],"fullName":"Canvas Selection Workflow should clear selection correctly","status":"passed","title":"should clear selection correctly","duration":2.228599999999915,"failureMessages":[],"meta":{}},{"ancestorTitles":["Canvas Selection Workflow"],"fullName":"Canvas Selection Workflow should handle selection toggle in multi-select mode","status":"passed","title":"should handle selection toggle in multi-select mode","duration":1.935699999999997,"failureMessages":[],"meta":{}},{"ancestorTitles":["Canvas Selection Workflow"],"fullName":"Canvas Selection Workflow should create different element types correctly","status":"passed","title":"should create different element types correctly","duration":4.312600000000202,"failureMessages":[],"meta":{}}],"startTime":1754434412026,"endTime":1754434412047.3125,"status":"passed","message":"","name":"C:/Projects/LibreOllama/src/tests/element-creation-and-selection.test.ts"},{"assertionResults":[{"ancestorTitles":["Error Boundary and Resilience Tests","Store Resilience"],"fullName":"Error Boundary and Resilience Tests Store Resilience should handle invalid element operations gracefully","status":"passed","title":"should handle invalid element operations gracefully","duration":10.397200000000339,"failureMessages":[],"meta":{}},{"ancestorTitles":["Error Boundary and Resilience Tests","Store Resilience"],"fullName":"Error Boundary and Resilience Tests Store Resilience should handle batch operations with mixed valid/invalid data","status":"passed","title":"should handle batch operations with mixed valid/invalid data","duration":2.803299999999581,"failureMessages":[],"meta":{}},{"ancestorTitles":["Error Boundary and Resilience Tests","Selection Resilience"],"fullName":"Error Boundary and Resilience Tests Selection Resilience should handle selection of non-existent elements","status":"passed","title":"should handle selection of non-existent elements","duration":1.0801000000001295,"failureMessages":[],"meta":{}},{"ancestorTitles":["Error Boundary and Resilience Tests","Selection Resilience"],"fullName":"Error Boundary and Resilience Tests Selection Resilience should recover from corrupted selection state","status":"passed","title":"should recover from corrupted selection state","duration":2.10570000000007,"failureMessages":[],"meta":{}},{"ancestorTitles":["Error Boundary and Resilience Tests","Viewport Resilience"],"fullName":"Error Boundary and Resilience Tests Viewport Resilience should handle extreme viewport values","status":"passed","title":"should handle extreme viewport values","duration":1.6567999999997483,"failureMessages":[],"meta":{}},{"ancestorTitles":["Error Boundary and Resilience Tests","Viewport Resilience"],"fullName":"Error Boundary and Resilience Tests Viewport Resilience should handle extreme pan values","status":"passed","title":"should handle extreme pan values","duration":1.415299999999661,"failureMessages":[],"meta":{}},{"ancestorTitles":["Error Boundary and Resilience Tests","History Resilience"],"fullName":"Error Boundary and Resilience Tests History Resilience should handle history operations gracefully","status":"passed","title":"should handle history operations gracefully","duration":3.296400000000176,"failureMessages":[],"meta":{}},{"ancestorTitles":["Error Boundary and Resilience Tests","History Resilience"],"fullName":"Error Boundary and Resilience Tests History Resilience should handle memory pressure in history","status":"passed","title":"should handle memory pressure in history","duration":40.51760000000013,"failureMessages":[],"meta":{}},{"ancestorTitles":["Error Boundary and Resilience Tests","Drawing Resilience"],"fullName":"Error Boundary and Resilience Tests Drawing Resilience should handle invalid drawing operations","status":"passed","title":"should handle invalid drawing operations","duration":1.6626999999998588,"failureMessages":[],"meta":{}},{"ancestorTitles":["Error Boundary and Resilience Tests","Drawing Resilience"],"fullName":"Error Boundary and Resilience Tests Drawing Resilience should handle drawing interruptions","status":"passed","title":"should handle drawing interruptions","duration":1.449999999999818,"failureMessages":[],"meta":{}},{"ancestorTitles":["Error Boundary and Resilience Tests","Tool Resilience"],"fullName":"Error Boundary and Resilience Tests Tool Resilience should handle invalid tool switches","status":"passed","title":"should handle invalid tool switches","duration":0.9749999999994543,"failureMessages":[],"meta":{}},{"ancestorTitles":["Error Boundary and Resilience Tests","Memory and Performance Resilience"],"fullName":"Error Boundary and Resilience Tests Memory and Performance Resilience should handle large numbers of elements","status":"passed","title":"should handle large numbers of elements","duration":73.03819999999996,"failureMessages":[],"meta":{}},{"ancestorTitles":["Error Boundary and Resilience Tests","Memory and Performance Resilience"],"fullName":"Error Boundary and Resilience Tests Memory and Performance Resilience should handle rapid operations","status":"passed","title":"should handle rapid operations","duration":82.6835000000001,"failureMessages":[],"meta":{}},{"ancestorTitles":["Error Boundary and Resilience Tests","State Consistency"],"fullName":"Error Boundary and Resilience Tests State Consistency should maintain state consistency after errors","status":"passed","title":"should maintain state consistency after errors","duration":1.355899999999565,"failureMessages":[],"meta":{}},{"ancestorTitles":["Error Boundary and Resilience Tests","State Consistency"],"fullName":"Error Boundary and Resilience Tests State Consistency should handle concurrent operations safely","status":"passed","title":"should handle concurrent operations safely","duration":3.7100000000000364,"failureMessages":[],"meta":{}},{"ancestorTitles":["Error Boundary and Resilience Tests","Recovery Mechanisms"],"fullName":"Error Boundary and Resilience Tests Recovery Mechanisms should recover from basic errors","status":"passed","title":"should recover from basic errors","duration":2.707800000000134,"failureMessages":[],"meta":{}}],"startTime":1754434408981,"endTime":1754434409212.7078,"status":"passed","message":"","name":"C:/Projects/LibreOllama/src/tests/error-boundary-resilience.test.ts"},{"assertionResults":[{"ancestorTitles":["UI Enhanced Store Integration Validation"],"fullName":"UI Enhanced Store Integration Validation should render CanvasLayerManager without errors using a real store","status":"passed","title":"should render CanvasLayerManager without errors using a real store","duration":2.176300000000083,"failureMessages":[],"meta":{}}],"startTime":1754434413562,"endTime":1754434413564.1763,"status":"passed","message":"","name":"C:/Projects/LibreOllama/src/tests/integration-validation.test.tsx"},{"assertionResults":[{"ancestorTitles":["Memory Leak Detection Tests","Element Memory Management"],"fullName":"Memory Leak Detection Tests Element Memory Management should not leak memory when creating and deleting many elements","status":"passed","title":"should not leak memory when creating and deleting many elements","duration":657.9193999999998,"failureMessages":[],"meta":{}},{"ancestorTitles":["Memory Leak Detection Tests","Element Memory Management"],"fullName":"Memory Leak Detection Tests Element Memory Management should handle element updates without memory accumulation","status":"passed","title":"should handle element updates without memory accumulation","duration":618.6624000000002,"failureMessages":[],"meta":{}},{"ancestorTitles":["Memory Leak Detection Tests","Element Memory Management"],"fullName":"Memory Leak Detection Tests Element Memory Management should properly clean up complex element hierarchies","status":"passed","title":"should properly clean up complex element hierarchies","duration":77.94220000000041,"failureMessages":[],"meta":{}},{"ancestorTitles":["Memory Leak Detection Tests","Selection Memory Management"],"fullName":"Memory Leak Detection Tests Selection Memory Management should not leak memory with frequent selection changes","status":"passed","title":"should not leak memory with frequent selection changes","duration":762.9255999999987,"failureMessages":[],"meta":{}},{"ancestorTitles":["Memory Leak Detection Tests","History Memory Management"],"fullName":"Memory Leak Detection Tests History Memory Management should manage history memory within limits","status":"passed","title":"should manage history memory within limits","duration":162.1211000000003,"failureMessages":[],"meta":{}},{"ancestorTitles":["Memory Leak Detection Tests","History Memory Management"],"fullName":"Memory Leak Detection Tests History Memory Management should handle undo/redo operations without memory leaks","status":"passed","title":"should handle undo/redo operations without memory leaks","duration":65.81680000000051,"failureMessages":[],"meta":{}},{"ancestorTitles":["Memory Leak Detection Tests","Drawing Memory Management"],"fullName":"Memory Leak Detection Tests Drawing Memory Management should handle drawing operations without memory leaks","status":"passed","title":"should handle drawing operations without memory leaks","duration":627.9182000000001,"failureMessages":[],"meta":{}},{"ancestorTitles":["Memory Leak Detection Tests","Drawing Memory Management"],"fullName":"Memory Leak Detection Tests Drawing Memory Management should clean up interrupted drawing operations","status":"passed","title":"should clean up interrupted drawing operations","duration":30.73439999999937,"failureMessages":[],"meta":{}},{"ancestorTitles":["Memory Leak Detection Tests","Viewport Memory Management"],"fullName":"Memory Leak Detection Tests Viewport Memory Management should handle viewport changes without memory accumulation","status":"passed","title":"should handle viewport changes without memory accumulation","duration":75.30160000000069,"failureMessages":[],"meta":{}},{"ancestorTitles":["Memory Leak Detection Tests","Overall Memory Stability"],"fullName":"Memory Leak Detection Tests Overall Memory Stability should maintain stable memory usage during mixed operations","status":"passed","title":"should maintain stable memory usage during mixed operations","duration":187.1967999999997,"failureMessages":[],"meta":{}},{"ancestorTitles":["Memory Leak Detection Tests","Overall Memory Stability"],"fullName":"Memory Leak Detection Tests Overall Memory Stability should recover memory after stress testing","status":"passed","title":"should recover memory after stress testing","duration":510.6728999999996,"failureMessages":[],"meta":{}},{"ancestorTitles":["Memory Leak Detection Tests","Memory Monitoring Utilities"],"fullName":"Memory Leak Detection Tests Memory Monitoring Utilities should provide memory usage information","status":"passed","title":"should provide memory usage information","duration":40.347099999999045,"failureMessages":[],"meta":{}}],"startTime":1754434408981,"endTime":1754434412799.3472,"status":"passed","message":"","name":"C:/Projects/LibreOllama/src/tests/memory-leak-detection.test.ts"},{"assertionResults":[{"ancestorTitles":["Task Deletion Integration"],"fullName":"Task Deletion Integration should demonstrate the complete delete flow","status":"failed","title":"should demonstrate the complete delete flow","duration":14.491899999999987,"failureMessages":["Error: No active Google account or task list\n    at Object.createTask (C:\\Projects\\LibreOllama\\src\\stores\\unifiedTaskStore.ts:95:19)\n    at C:\\Projects\\LibreOllama\\src\\__tests__\\task-deletion-integration.test.ts:21:32\n    at file:///C:/Projects/LibreOllama/node_modules/@vitest/runner/dist/chunk-hooks.js:155:11\n    at file:///C:/Projects/LibreOllama/node_modules/@vitest/runner/dist/chunk-hooks.js:752:26\n    at file:///C:/Projects/LibreOllama/node_modules/@vitest/runner/dist/chunk-hooks.js:1897:20\n    at new Promise (<anonymous>)\n    at runWithTimeout (file:///C:/Projects/LibreOllama/node_modules/@vitest/runner/dist/chunk-hooks.js:1863:10)\n    at runTest (file:///C:/Projects/LibreOllama/node_modules/@vitest/runner/dist/chunk-hooks.js:1574:12)\n    at processTicksAndRejections (node:internal/process/task_queues:105:5)\n    at runSuite (file:///C:/Projects/LibreOllama/node_modules/@vitest/runner/dist/chunk-hooks.js:1729:8)"],"meta":{}},{"ancestorTitles":["Task Deletion Integration"],"fullName":"Task Deletion Integration should show that metadata updates preserve all fields","status":"failed","title":"should show that metadata updates preserve all fields","duration":1.9958000000005995,"failureMessages":["Error: No active Google account or task list\n    at Object.createTask (C:\\Projects\\LibreOllama\\src\\stores\\unifiedTaskStore.ts:95:19)\n    at C:\\Projects\\LibreOllama\\src\\__tests__\\task-deletion-integration.test.ts:59:32\n    at file:///C:/Projects/LibreOllama/node_modules/@vitest/runner/dist/chunk-hooks.js:155:11\n    at file:///C:/Projects/LibreOllama/node_modules/@vitest/runner/dist/chunk-hooks.js:752:26\n    at file:///C:/Projects/LibreOllama/node_modules/@vitest/runner/dist/chunk-hooks.js:1897:20\n    at new Promise (<anonymous>)\n    at runWithTimeout (file:///C:/Projects/LibreOllama/node_modules/@vitest/runner/dist/chunk-hooks.js:1863:10)\n    at runTest (file:///C:/Projects/LibreOllama/node_modules/@vitest/runner/dist/chunk-hooks.js:1574:12)\n    at processTicksAndRejections (node:internal/process/task_queues:105:5)\n    at runSuite (file:///C:/Projects/LibreOllama/node_modules/@vitest/runner/dist/chunk-hooks.js:1729:8)"],"meta":{}}],"startTime":1754434408664,"endTime":1754434408680.9958,"status":"failed","message":"","name":"C:/Projects/LibreOllama/src/__tests__/task-deletion-integration.test.ts"},{"assertionResults":[{"ancestorTitles":["UnifiedTaskStore - batchUpdateFromGoogle"],"fullName":"UnifiedTaskStore - batchUpdateFromGoogle should create new tasks from Google with correct column assignment","status":"passed","title":"should create new tasks from Google with correct column assignment","duration":7.110800000000381,"failureMessages":[],"meta":{}},{"ancestorTitles":["UnifiedTaskStore - batchUpdateFromGoogle"],"fullName":"UnifiedTaskStore - batchUpdateFromGoogle should update existing tasks preserving local-only fields","status":"failed","title":"should update existing tasks preserving local-only fields","duration":11.851299999999355,"failureMessages":["AssertionError: expected [ { name: 'important', …(1) }, …(1) ] to deeply equal [ 'important', 'work' ]\n    at C:\\Projects\\LibreOllama\\src\\stores\\__tests__\\unifiedTaskStore.test.ts:163:32\n    at file:///C:/Projects/LibreOllama/node_modules/@vitest/runner/dist/chunk-hooks.js:155:11\n    at file:///C:/Projects/LibreOllama/node_modules/@vitest/runner/dist/chunk-hooks.js:752:26\n    at file:///C:/Projects/LibreOllama/node_modules/@vitest/runner/dist/chunk-hooks.js:1897:20\n    at new Promise (<anonymous>)\n    at runWithTimeout (file:///C:/Projects/LibreOllama/node_modules/@vitest/runner/dist/chunk-hooks.js:1863:10)\n    at runTest (file:///C:/Projects/LibreOllama/node_modules/@vitest/runner/dist/chunk-hooks.js:1574:12)\n    at processTicksAndRejections (node:internal/process/task_queues:105:5)\n    at runSuite (file:///C:/Projects/LibreOllama/node_modules/@vitest/runner/dist/chunk-hooks.js:1729:8)\n    at runSuite (file:///C:/Projects/LibreOllama/node_modules/@vitest/runner/dist/chunk-hooks.js:1729:8)"],"meta":{}},{"ancestorTitles":["UnifiedTaskStore - batchUpdateFromGoogle"],"fullName":"UnifiedTaskStore - batchUpdateFromGoogle should handle missing columns gracefully","status":"passed","title":"should handle missing columns gracefully","duration":1.043399999999565,"failureMessages":[],"meta":{}},{"ancestorTitles":["UnifiedTaskStore - batchUpdateFromGoogle"],"fullName":"UnifiedTaskStore - batchUpdateFromGoogle should handle duplicate Google IDs by updating existing task","status":"passed","title":"should handle duplicate Google IDs by updating existing task","duration":1.0082000000002154,"failureMessages":[],"meta":{}}],"startTime":1754434407265,"endTime":1754434407286.0083,"status":"failed","message":"","name":"C:/Projects/LibreOllama/src/stores/__tests__/unifiedTaskStore.test.ts"},{"assertionResults":[{"ancestorTitles":["Canvas Component Testing"],"fullName":"Canvas Component Testing React component with canvas mocking works","status":"passed","title":"React component with canvas mocking works","duration":104.96389999999974,"failureMessages":[],"meta":{}}],"startTime":1754434411262,"endTime":1754434411366.9639,"status":"passed","message":"","name":"C:/Projects/LibreOllama/src/tests/components/simple-canvas.test.tsx"},{"assertionResults":[{"ancestorTitles":["Authentication Persistence Integration Tests","Gmail Authentication Persistence"],"fullName":"Authentication Persistence Integration Tests Gmail Authentication Persistence should persist and restore Gmail accounts","status":"failed","title":"should persist and restore Gmail accounts","duration":26.977499999999964,"failureMessages":["AssertionError: expected [] to have a length of 1 but got +0\n    at Proxy.<anonymous> (file:///C:/Projects/LibreOllama/node_modules/@vitest/expect/dist/index.js:1257:20)\n    at Proxy.<anonymous> (file:///C:/Projects/LibreOllama/node_modules/@vitest/expect/dist/index.js:1029:14)\n    at Proxy.methodWrapper (file:///C:/Projects/LibreOllama/node_modules/chai/chai.js:1706:25)\n    at C:\\Projects\\LibreOllama\\src\\tests\\integration\\auth-persistence.test.ts:105:26\n    at processTicksAndRejections (node:internal/process/task_queues:105:5)\n    at file:///C:/Projects/LibreOllama/node_modules/@vitest/runner/dist/chunk-hooks.js:752:20"],"meta":{}},{"ancestorTitles":["Authentication Persistence Integration Tests","Gmail Authentication Persistence"],"fullName":"Authentication Persistence Integration Tests Gmail Authentication Persistence should handle no stored accounts gracefully","status":"passed","title":"should handle no stored accounts gracefully","duration":3.4445999999998094,"failureMessages":[],"meta":{}},{"ancestorTitles":["Authentication Persistence Integration Tests","Gmail Authentication Persistence"],"fullName":"Authentication Persistence Integration Tests Gmail Authentication Persistence should handle account loading errors","status":"passed","title":"should handle account loading errors","duration":3.3804000000000087,"failureMessages":[],"meta":{}},{"ancestorTitles":["Authentication Persistence Integration Tests","Google Calendar Integration"],"fullName":"Authentication Persistence Integration Tests Google Calendar Integration should fetch and persist calendar data","status":"failed","title":"should fetch and persist calendar data","duration":1.8295000000007349,"failureMessages":["AssertionError: expected [] to have a length of 2 but got +0\n    at Proxy.<anonymous> (file:///C:/Projects/LibreOllama/node_modules/@vitest/expect/dist/index.js:1257:20)\n    at Proxy.<anonymous> (file:///C:/Projects/LibreOllama/node_modules/@vitest/expect/dist/index.js:1029:14)\n    at Proxy.methodWrapper (file:///C:/Projects/LibreOllama/node_modules/chai/chai.js:1706:25)\n    at C:\\Projects\\LibreOllama\\src\\tests\\integration\\auth-persistence.test.ts:152:39\n    at processTicksAndRejections (node:internal/process/task_queues:105:5)\n    at file:///C:/Projects/LibreOllama/node_modules/@vitest/runner/dist/chunk-hooks.js:752:20"],"meta":{}},{"ancestorTitles":["Authentication Persistence Integration Tests","Google Calendar Integration"],"fullName":"Authentication Persistence Integration Tests Google Calendar Integration should fetch events from all calendars","status":"failed","title":"should fetch events from all calendars","duration":1.785399999999754,"failureMessages":["AssertionError: expected [] to have a length of 2 but got +0\n    at Proxy.<anonymous> (file:///C:/Projects/LibreOllama/node_modules/@vitest/expect/dist/index.js:1257:20)\n    at Proxy.<anonymous> (file:///C:/Projects/LibreOllama/node_modules/@vitest/expect/dist/index.js:1029:14)\n    at Proxy.methodWrapper (file:///C:/Projects/LibreOllama/node_modules/chai/chai.js:1706:25)\n    at C:\\Projects\\LibreOllama\\src\\tests\\integration\\auth-persistence.test.ts:167:36\n    at processTicksAndRejections (node:internal/process/task_queues:105:5)\n    at file:///C:/Projects/LibreOllama/node_modules/@vitest/runner/dist/chunk-hooks.js:752:20"],"meta":{}},{"ancestorTitles":["Authentication Persistence Integration Tests","Google Calendar Integration"],"fullName":"Authentication Persistence Integration Tests Google Calendar Integration should handle authentication state correctly","status":"passed","title":"should handle authentication state correctly","duration":0.9647000000004482,"failureMessages":[],"meta":{}},{"ancestorTitles":["Authentication Persistence Integration Tests","Unified Task Store"],"fullName":"Authentication Persistence Integration Tests Unified Task Store should manage task columns correctly","status":"failed","title":"should manage task columns correctly","duration":3.0121999999992113,"failureMessages":["AssertionError: expected [] to have a length of 2 but got +0\n    at Proxy.<anonymous> (file:///C:/Projects/LibreOllama/node_modules/@vitest/expect/dist/index.js:1257:20)\n    at Proxy.<anonymous> (file:///C:/Projects/LibreOllama/node_modules/@vitest/expect/dist/index.js:1029:14)\n    at Proxy.methodWrapper (file:///C:/Projects/LibreOllama/node_modules/chai/chai.js:1706:25)\n    at C:\\Projects\\LibreOllama\\src\\tests\\integration\\auth-persistence.test.ts:206:36\n    at file:///C:/Projects/LibreOllama/node_modules/@vitest/runner/dist/chunk-hooks.js:155:11\n    at file:///C:/Projects/LibreOllama/node_modules/@vitest/runner/dist/chunk-hooks.js:752:26\n    at file:///C:/Projects/LibreOllama/node_modules/@vitest/runner/dist/chunk-hooks.js:1897:20\n    at new Promise (<anonymous>)\n    at runWithTimeout (file:///C:/Projects/LibreOllama/node_modules/@vitest/runner/dist/chunk-hooks.js:1863:10)\n    at runTest (file:///C:/Projects/LibreOllama/node_modules/@vitest/runner/dist/chunk-hooks.js:1574:12)"],"meta":{}},{"ancestorTitles":["Authentication Persistence Integration Tests","Unified Task Store"],"fullName":"Authentication Persistence Integration Tests Unified Task Store should create and manage tasks","status":"failed","title":"should create and manage tasks","duration":3.258500000000822,"failureMessages":["Error: No active Google account or task list\n    at Object.createTask (C:\\Projects\\LibreOllama\\src\\stores\\unifiedTaskStore.ts:95:19)\n    at C:\\Projects\\LibreOllama\\src\\tests\\integration\\auth-persistence.test.ts:218:41\n    at file:///C:/Projects/LibreOllama/node_modules/@vitest/runner/dist/chunk-hooks.js:155:11\n    at file:///C:/Projects/LibreOllama/node_modules/@vitest/runner/dist/chunk-hooks.js:752:26\n    at file:///C:/Projects/LibreOllama/node_modules/@vitest/runner/dist/chunk-hooks.js:1897:20\n    at new Promise (<anonymous>)\n    at runWithTimeout (file:///C:/Projects/LibreOllama/node_modules/@vitest/runner/dist/chunk-hooks.js:1863:10)\n    at runTest (file:///C:/Projects/LibreOllama/node_modules/@vitest/runner/dist/chunk-hooks.js:1574:12)\n    at processTicksAndRejections (node:internal/process/task_queues:105:5)\n    at runSuite (file:///C:/Projects/LibreOllama/node_modules/@vitest/runner/dist/chunk-hooks.js:1729:8)"],"meta":{}},{"ancestorTitles":["Authentication Persistence Integration Tests","Unified Task Store"],"fullName":"Authentication Persistence Integration Tests Unified Task Store should handle task sync states correctly","status":"failed","title":"should handle task sync states correctly","duration":2.0306000000000495,"failureMessages":["Error: No active Google account or task list\n    at Object.createTask (C:\\Projects\\LibreOllama\\src\\stores\\unifiedTaskStore.ts:95:19)\n    at C:\\Projects\\LibreOllama\\src\\tests\\integration\\auth-persistence.test.ts:239:41\n    at file:///C:/Projects/LibreOllama/node_modules/@vitest/runner/dist/chunk-hooks.js:155:11\n    at file:///C:/Projects/LibreOllama/node_modules/@vitest/runner/dist/chunk-hooks.js:752:26\n    at file:///C:/Projects/LibreOllama/node_modules/@vitest/runner/dist/chunk-hooks.js:1897:20\n    at new Promise (<anonymous>)\n    at runWithTimeout (file:///C:/Projects/LibreOllama/node_modules/@vitest/runner/dist/chunk-hooks.js:1863:10)\n    at runTest (file:///C:/Projects/LibreOllama/node_modules/@vitest/runner/dist/chunk-hooks.js:1574:12)\n    at processTicksAndRejections (node:internal/process/task_queues:105:5)\n    at runSuite (file:///C:/Projects/LibreOllama/node_modules/@vitest/runner/dist/chunk-hooks.js:1729:8)"],"meta":{}},{"ancestorTitles":["Authentication Persistence Integration Tests","Cross-Store Integration"],"fullName":"Authentication Persistence Integration Tests Cross-Store Integration should coordinate authentication across stores","status":"failed","title":"should coordinate authentication across stores","duration":3.7343000000000757,"failureMessages":["AssertionError: expected false to be true // Object.is equality\n    at C:\\Projects\\LibreOllama\\src\\tests\\integration\\auth-persistence.test.ts:269:41\n    at processTicksAndRejections (node:internal/process/task_queues:105:5)\n    at file:///C:/Projects/LibreOllama/node_modules/@vitest/runner/dist/chunk-hooks.js:752:20"],"meta":{}},{"ancestorTitles":["Authentication Persistence Integration Tests","Cross-Store Integration"],"fullName":"Authentication Persistence Integration Tests Cross-Store Integration should measure full data load performance","status":"failed","title":"should measure full data load performance","duration":2.7362999999995736,"failureMessages":["AssertionError: expected 0 to be greater than 0\n    at C:\\Projects\\LibreOllama\\src\\tests\\integration\\auth-persistence.test.ts:292:54\n    at processTicksAndRejections (node:internal/process/task_queues:105:5)\n    at file:///C:/Projects/LibreOllama/node_modules/@vitest/runner/dist/chunk-hooks.js:752:20"],"meta":{}},{"ancestorTitles":["Authentication Persistence Integration Tests","Error Recovery"],"fullName":"Authentication Persistence Integration Tests Error Recovery should handle partial failures gracefully","status":"failed","title":"should handle partial failures gracefully","duration":3.608799999999974,"failureMessages":["Error: promise resolved \"undefined\" instead of rejecting\n    at _Assertion.__VITEST_REJECTS__ (file:///C:/Projects/LibreOllama/node_modules/@vitest/expect/dist/index.js:1610:17)\n    at _Assertion.propertyGetter (file:///C:/Projects/LibreOllama/node_modules/chai/chai.js:1577:27)\n    at Reflect.get (<anonymous>)\n    at Object.proxyGetter [as get] (file:///C:/Projects/LibreOllama/node_modules/chai/chai.js:1665:22)\n    at C:\\Projects\\LibreOllama\\src\\tests\\integration\\auth-persistence.test.ts:321:50\n    at processTicksAndRejections (node:internal/process/task_queues:105:5)\n    at file:///C:/Projects/LibreOllama/node_modules/@vitest/runner/dist/chunk-hooks.js:752:20"],"meta":{}}],"startTime":1754434408772,"endTime":1754434408829.609,"status":"failed","message":"","name":"C:/Projects/LibreOllama/src/tests/integration/auth-persistence.test.ts"},{"assertionResults":[{"ancestorTitles":["Canvas Store Save/Load Operations","Canvas Data Export/Import"],"fullName":"Canvas Store Save/Load Operations Canvas Data Export/Import should export canvas data correctly","status":"passed","title":"should export canvas data correctly","duration":9.630400000000009,"failureMessages":[],"meta":{}},{"ancestorTitles":["Canvas Store Save/Load Operations","Canvas Data Export/Import"],"fullName":"Canvas Store Save/Load Operations Canvas Data Export/Import should handle empty canvas export","status":"passed","title":"should handle empty canvas export","duration":1.376299999999901,"failureMessages":[],"meta":{}},{"ancestorTitles":["Canvas Store Save/Load Operations","Canvas Data Export/Import"],"fullName":"Canvas Store Save/Load Operations Canvas Data Export/Import should import canvas data correctly","status":"passed","title":"should import canvas data correctly","duration":2.63550000000032,"failureMessages":[],"meta":{}},{"ancestorTitles":["Canvas Store Save/Load Operations","Canvas Data Export/Import"],"fullName":"Canvas Store Save/Load Operations Canvas Data Export/Import should handle data validation during import","status":"passed","title":"should handle data validation during import","duration":1.730199999999968,"failureMessages":[],"meta":{}},{"ancestorTitles":["Canvas Store Save/Load Operations","Canvas State Management"],"fullName":"Canvas Store Save/Load Operations Canvas State Management should preserve element relationships during export/import","status":"passed","title":"should preserve element relationships during export/import","duration":3.362799999999879,"failureMessages":[],"meta":{}},{"ancestorTitles":["Canvas Store Save/Load Operations","Canvas State Management"],"fullName":"Canvas Store Save/Load Operations Canvas State Management should handle viewport state in export/import","status":"passed","title":"should handle viewport state in export/import","duration":2.462999999999738,"failureMessages":[],"meta":{}},{"ancestorTitles":["Canvas Store Save/Load Operations","Canvas State Management"],"fullName":"Canvas Store Save/Load Operations Canvas State Management should maintain selection state during operations","status":"passed","title":"should maintain selection state during operations","duration":3.8145000000004075,"failureMessages":[],"meta":{}},{"ancestorTitles":["Canvas Store Save/Load Operations","Canvas State Management"],"fullName":"Canvas Store Save/Load Operations Canvas State Management should handle history state correctly","status":"passed","title":"should handle history state correctly","duration":2.237799999999879,"failureMessages":[],"meta":{}},{"ancestorTitles":["Canvas Store Save/Load Operations","Performance and Error Handling"],"fullName":"Canvas Store Save/Load Operations Performance and Error Handling should handle large datasets efficiently","status":"passed","title":"should handle large datasets efficiently","duration":79.97530000000006,"failureMessages":[],"meta":{}},{"ancestorTitles":["Canvas Store Save/Load Operations","Performance and Error Handling"],"fullName":"Canvas Store Save/Load Operations Performance and Error Handling should handle duplicate element IDs correctly","status":"passed","title":"should handle duplicate element IDs correctly","duration":1.3203999999996086,"failureMessages":[],"meta":{}},{"ancestorTitles":["Canvas Store Save/Load Operations","Performance and Error Handling"],"fullName":"Canvas Store Save/Load Operations Performance and Error Handling should maintain data integrity during concurrent operations","status":"passed","title":"should maintain data integrity during concurrent operations","duration":1.7213999999994485,"failureMessages":[],"meta":{}}],"startTime":1754434408981,"endTime":1754434409092.7214,"status":"passed","message":"","name":"C:/Projects/LibreOllama/src/tests/hooks/useTauriCanvas.test.ts"},{"assertionResults":[{"ancestorTitles":["Canvas Performance Tests"],"fullName":"Canvas Performance Tests should handle reasonable element additions efficiently","status":"passed","title":"should handle reasonable element additions efficiently","duration":82.95240000000013,"failureMessages":[],"meta":{}},{"ancestorTitles":["Canvas Performance Tests"],"fullName":"Canvas Performance Tests should handle batch operations efficiently","status":"passed","title":"should handle batch operations efficiently","duration":35.85950000000048,"failureMessages":[],"meta":{}}],"startTime":1754434409318,"endTime":1754434409436.8596,"status":"passed","message":"","name":"C:/Projects/LibreOllama/src/tests/performance/canvas.performance.test.tsx"},{"assertionResults":[{"ancestorTitles":["Canvas Element Types Validation","Basic Shape Elements"],"fullName":"Canvas Element Types Validation Basic Shape Elements should create and validate Rectangle element","status":"passed","title":"should create and validate Rectangle element","duration":3.1136999999998807,"failureMessages":[],"meta":{}},{"ancestorTitles":["Canvas Element Types Validation","Basic Shape Elements"],"fullName":"Canvas Element Types Validation Basic Shape Elements should create and validate Circle element","status":"passed","title":"should create and validate Circle element","duration":1.0551000000000386,"failureMessages":[],"meta":{}},{"ancestorTitles":["Canvas Element Types Validation","Basic Shape Elements"],"fullName":"Canvas Element Types Validation Basic Shape Elements should create and validate Triangle element","status":"passed","title":"should create and validate Triangle element","duration":1.3170000000000073,"failureMessages":[],"meta":{}},{"ancestorTitles":["Canvas Element Types Validation","Basic Shape Elements"],"fullName":"Canvas Element Types Validation Basic Shape Elements should create and validate Pen/Drawing element","status":"passed","title":"should create and validate Pen/Drawing element","duration":0.7310000000002219,"failureMessages":[],"meta":{}},{"ancestorTitles":["Canvas Element Types Validation","Text & Content Elements"],"fullName":"Canvas Element Types Validation Text & Content Elements should create and validate Text element","status":"passed","title":"should create and validate Text element","duration":0.6095000000000255,"failureMessages":[],"meta":{}},{"ancestorTitles":["Canvas Element Types Validation","Text & Content Elements"],"fullName":"Canvas Element Types Validation Text & Content Elements should create and validate Sticky Note element","status":"passed","title":"should create and validate Sticky Note element","duration":0.6163000000001375,"failureMessages":[],"meta":{}},{"ancestorTitles":["Canvas Element Types Validation","Media Elements"],"fullName":"Canvas Element Types Validation Media Elements should create and validate Image element","status":"passed","title":"should create and validate Image element","duration":0.4070000000001528,"failureMessages":[],"meta":{}},{"ancestorTitles":["Canvas Element Types Validation","Complex Elements"],"fullName":"Canvas Element Types Validation Complex Elements should create and validate Table element","status":"passed","title":"should create and validate Table element","duration":1.6396999999997206,"failureMessages":[],"meta":{}},{"ancestorTitles":["Canvas Element Types Validation","Complex Elements"],"fullName":"Canvas Element Types Validation Complex Elements should create and validate Section element","status":"passed","title":"should create and validate Section element","duration":0.862999999999829,"failureMessages":[],"meta":{}},{"ancestorTitles":["Canvas Element Types Validation","Complex Elements"],"fullName":"Canvas Element Types Validation Complex Elements should create and validate Connector element","status":"passed","title":"should create and validate Connector element","duration":0.8636000000001332,"failureMessages":[],"meta":{}},{"ancestorTitles":["Canvas Element Types Validation","Element Validation"],"fullName":"Canvas Element Types Validation Element Validation should validate common element properties","status":"passed","title":"should validate common element properties","duration":3.279700000000048,"failureMessages":[],"meta":{}},{"ancestorTitles":["Canvas Element Types Validation","Element Validation"],"fullName":"Canvas Element Types Validation Element Validation should validate element type discrimination","status":"passed","title":"should validate element type discrimination","duration":0.5956999999998516,"failureMessages":[],"meta":{}}],"startTime":1754434412512,"endTime":1754434412527.5957,"status":"passed","message":"","name":"C:/Projects/LibreOllama/src/tests/stores/canvasElementTypes.test.ts"},{"assertionResults":[{"ancestorTitles":["Environment Diagnostic Test"],"fullName":"Environment Diagnostic Test should show actual environment variables","status":"passed","title":"should show actual environment variables","duration":3.4327000000002954,"failureMessages":[],"meta":{}}],"startTime":1754434412524,"endTime":1754434412527.4326,"status":"passed","message":"","name":"C:/Projects/LibreOllama/src/tests/system/environment.diagnostic.test.ts"},{"assertionResults":[{"ancestorTitles":["Logger Isolation Test"],"fullName":"Logger Isolation Test logger.log should be silent in test mode","status":"passed","title":"logger.log should be silent in test mode","duration":4.020199999999932,"failureMessages":[],"meta":{}}],"startTime":1754434412371,"endTime":1754434412375.0203,"status":"passed","message":"","name":"C:/Projects/LibreOllama/src/tests/system/logger.isolation.test.ts"},{"assertionResults":[{"ancestorTitles":["TasksAsanaClean - Metadata Updates"],"fullName":"TasksAsanaClean - Metadata Updates should only pass changed fields when updating priority","status":"failed","title":"should only pass changed fields when updating priority","duration":15.214899999999943,"failureMessages":["Error: No active Google account or task list\n    at Object.createTask (C:\\Projects\\LibreOllama\\src\\stores\\unifiedTaskStore.ts:95:19)\n    at C:\\Projects\\LibreOllama\\src\\app\\pages\\__tests__\\TasksAsanaClean.metadata.test.ts:24:39\n    at file:///C:/Projects/LibreOllama/node_modules/@vitest/runner/dist/chunk-hooks.js:155:11\n    at file:///C:/Projects/LibreOllama/node_modules/@vitest/runner/dist/chunk-hooks.js:752:26\n    at file:///C:/Projects/LibreOllama/node_modules/@vitest/runner/dist/chunk-hooks.js:1897:20\n    at new Promise (<anonymous>)\n    at runWithTimeout (file:///C:/Projects/LibreOllama/node_modules/@vitest/runner/dist/chunk-hooks.js:1863:10)\n    at runTest (file:///C:/Projects/LibreOllama/node_modules/@vitest/runner/dist/chunk-hooks.js:1574:12)\n    at processTicksAndRejections (node:internal/process/task_queues:105:5)\n    at runSuite (file:///C:/Projects/LibreOllama/node_modules/@vitest/runner/dist/chunk-hooks.js:1729:8)"],"meta":{}},{"ancestorTitles":["TasksAsanaClean - Metadata Updates"],"fullName":"TasksAsanaClean - Metadata Updates should handle metadata updates correctly from task modal","status":"failed","title":"should handle metadata updates correctly from task modal","duration":2.4210000000002765,"failureMessages":["Error: No active Google account or task list\n    at Object.createTask (C:\\Projects\\LibreOllama\\src\\stores\\unifiedTaskStore.ts:95:19)\n    at C:\\Projects\\LibreOllama\\src\\app\\pages\\__tests__\\TasksAsanaClean.metadata.test.ts:69:32\n    at file:///C:/Projects/LibreOllama/node_modules/@vitest/runner/dist/chunk-hooks.js:155:11\n    at file:///C:/Projects/LibreOllama/node_modules/@vitest/runner/dist/chunk-hooks.js:752:26\n    at file:///C:/Projects/LibreOllama/node_modules/@vitest/runner/dist/chunk-hooks.js:1897:20\n    at new Promise (<anonymous>)\n    at runWithTimeout (file:///C:/Projects/LibreOllama/node_modules/@vitest/runner/dist/chunk-hooks.js:1863:10)\n    at runTest (file:///C:/Projects/LibreOllama/node_modules/@vitest/runner/dist/chunk-hooks.js:1574:12)\n    at processTicksAndRejections (node:internal/process/task_queues:105:5)\n    at runSuite (file:///C:/Projects/LibreOllama/node_modules/@vitest/runner/dist/chunk-hooks.js:1729:8)"],"meta":{}}],"startTime":1754434408664,"endTime":1754434408682.421,"status":"failed","message":"","name":"C:/Projects/LibreOllama/src/app/pages/__tests__/TasksAsanaClean.metadata.test.ts"},{"assertionResults":[{"ancestorTitles":["CircleShape","Rendering"],"fullName":"CircleShape Rendering renders circle with correct properties","status":"passed","title":"renders circle with correct properties","duration":81.61700000000019,"failureMessages":[],"meta":{}},{"ancestorTitles":["CircleShape","Rendering"],"fullName":"CircleShape Rendering applies radius correctly","status":"passed","title":"applies radius correctly","duration":21.42150000000038,"failureMessages":[],"meta":{}},{"ancestorTitles":["CircleShape","Rendering"],"fullName":"CircleShape Rendering positions circle at correct coordinates","status":"passed","title":"positions circle at correct coordinates","duration":15.906600000000253,"failureMessages":[],"meta":{}},{"ancestorTitles":["CircleShape","Rendering"],"fullName":"CircleShape Rendering applies fill and stroke correctly","status":"passed","title":"applies fill and stroke correctly","duration":18.6911999999993,"failureMessages":[],"meta":{}},{"ancestorTitles":["CircleShape","Rendering"],"fullName":"CircleShape Rendering handles gradient fill","status":"passed","title":"handles gradient fill","duration":14.073999999999614,"failureMessages":[],"meta":{}},{"ancestorTitles":["CircleShape","Rendering"],"fullName":"CircleShape Rendering renders with dash pattern when specified","status":"passed","title":"renders with dash pattern when specified","duration":12.220400000000154,"failureMessages":[],"meta":{}},{"ancestorTitles":["CircleShape","Interactions"],"fullName":"CircleShape Interactions component renders with interaction handlers","status":"passed","title":"component renders with interaction handlers","duration":12.436899999999696,"failureMessages":[],"meta":{}},{"ancestorTitles":["CircleShape","Interactions"],"fullName":"CircleShape Interactions handles drag state properly","status":"passed","title":"handles drag state properly","duration":11.14010000000053,"failureMessages":[],"meta":{}},{"ancestorTitles":["CircleShape","Selection State"],"fullName":"CircleShape Selection State shows selection state when selected","status":"passed","title":"shows selection state when selected","duration":23.11409999999978,"failureMessages":[],"meta":{}},{"ancestorTitles":["CircleShape","Selection State"],"fullName":"CircleShape Selection State handles selection state changes","status":"passed","title":"handles selection state changes","duration":30.392100000000028,"failureMessages":[],"meta":{}},{"ancestorTitles":["CircleShape","Drag Operations"],"fullName":"CircleShape Drag Operations handles draggable state","status":"passed","title":"handles draggable state","duration":11.737299999999777,"failureMessages":[],"meta":{}},{"ancestorTitles":["CircleShape","Drag Operations"],"fullName":"CircleShape Drag Operations prevents drag when draggable is false","status":"passed","title":"prevents drag when draggable is false","duration":11.375499999999192,"failureMessages":[],"meta":{}},{"ancestorTitles":["CircleShape","Drag Operations"],"fullName":"CircleShape Drag Operations shows drag preview during drag","status":"passed","title":"shows drag preview during drag","duration":10.79950000000008,"failureMessages":[],"meta":{}},{"ancestorTitles":["CircleShape","Transform Operations"],"fullName":"CircleShape Transform Operations applies scale transform","status":"passed","title":"applies scale transform","duration":13.264000000000124,"failureMessages":[],"meta":{}},{"ancestorTitles":["CircleShape","Transform Operations"],"fullName":"CircleShape Transform Operations handles non-uniform scaling","status":"passed","title":"handles non-uniform scaling","duration":12.435199999999895,"failureMessages":[],"meta":{}},{"ancestorTitles":["CircleShape","Transform Operations"],"fullName":"CircleShape Transform Operations applies rotation","status":"passed","title":"applies rotation","duration":13.317399999999907,"failureMessages":[],"meta":{}},{"ancestorTitles":["CircleShape","Visual Effects"],"fullName":"CircleShape Visual Effects applies opacity correctly","status":"passed","title":"applies opacity correctly","duration":13.73620000000028,"failureMessages":[],"meta":{}},{"ancestorTitles":["CircleShape","Visual Effects"],"fullName":"CircleShape Visual Effects applies shadow effects","status":"passed","title":"applies shadow effects","duration":12.940599999999904,"failureMessages":[],"meta":{}},{"ancestorTitles":["CircleShape","Visual Effects"],"fullName":"CircleShape Visual Effects applies blur effect","status":"passed","title":"applies blur effect","duration":32.96439999999984,"failureMessages":[],"meta":{}},{"ancestorTitles":["CircleShape","Edge Cases"],"fullName":"CircleShape Edge Cases handles zero radius","status":"passed","title":"handles zero radius","duration":15.237300000000687,"failureMessages":[],"meta":{}},{"ancestorTitles":["CircleShape","Edge Cases"],"fullName":"CircleShape Edge Cases handles negative radius","status":"passed","title":"handles negative radius","duration":13.042899999999463,"failureMessages":[],"meta":{}},{"ancestorTitles":["CircleShape","Edge Cases"],"fullName":"CircleShape Edge Cases handles missing optional properties","status":"passed","title":"handles missing optional properties","duration":13.08349999999973,"failureMessages":[],"meta":{}},{"ancestorTitles":["CircleShape","Performance"],"fullName":"CircleShape Performance updates when relevant props change","status":"passed","title":"updates when relevant props change","duration":20.860599999999977,"failureMessages":[],"meta":{}},{"ancestorTitles":["CircleShape","Canvas Integration"],"fullName":"CircleShape Canvas Integration integrates with canvas context","status":"passed","title":"integrates with canvas context","duration":11.582699999999932,"failureMessages":[],"meta":{}}],"startTime":1754434409604,"endTime":1754434410052.5828,"status":"passed","message":"","name":"C:/Projects/LibreOllama/src/features/canvas/tests/CircleShape.test.tsx"},{"assertionResults":[{"ancestorTitles":["ConnectorTool","Basic Functionality"],"fullName":"ConnectorTool Basic Functionality should render when active","status":"passed","title":"should render when active","duration":21.06939999999986,"failureMessages":[],"meta":{}},{"ancestorTitles":["ConnectorTool","Basic Functionality"],"fullName":"ConnectorTool Basic Functionality should not render when inactive","status":"passed","title":"should not render when inactive","duration":4.758000000000266,"failureMessages":[],"meta":{}},{"ancestorTitles":["ConnectorTool","Basic Functionality"],"fullName":"ConnectorTool Basic Functionality should register event handlers when active","status":"passed","title":"should register event handlers when active","duration":9.57470000000012,"failureMessages":[],"meta":{}},{"ancestorTitles":["ConnectorTool","Basic Functionality"],"fullName":"ConnectorTool Basic Functionality should clean up event handlers on unmount","status":"passed","title":"should clean up event handlers on unmount","duration":4.5887000000002445,"failureMessages":[],"meta":{}},{"ancestorTitles":["ConnectorTool","Connector Creation"],"fullName":"ConnectorTool Connector Creation should start connector creation on first click","status":"passed","title":"should start connector creation on first click","duration":6.528800000000047,"failureMessages":[],"meta":{}},{"ancestorTitles":["ConnectorTool","Connector Creation"],"fullName":"ConnectorTool Connector Creation should create connector with correct properties","status":"passed","title":"should create connector with correct properties","duration":3.143000000000029,"failureMessages":[],"meta":{}},{"ancestorTitles":["ConnectorTool","Connector Creation"],"fullName":"ConnectorTool Connector Creation should handle missing stage gracefully","status":"passed","title":"should handle missing stage gracefully","duration":3.4356000000002496,"failureMessages":[],"meta":{}},{"ancestorTitles":["ConnectorTool","Connector Creation"],"fullName":"ConnectorTool Connector Creation should handle clicks on empty space","status":"passed","title":"should handle clicks on empty space","duration":19.659100000000308,"failureMessages":[],"meta":{}},{"ancestorTitles":["Connector Functionality (Store-First)","Connector Creation"],"fullName":"Connector Functionality (Store-First) Connector Creation should create connector with basic properties","status":"passed","title":"should create connector with basic properties","duration":8.023000000000138,"failureMessages":[],"meta":{}},{"ancestorTitles":["Connector Functionality (Store-First)","Connector Creation"],"fullName":"Connector Functionality (Store-First) Connector Creation should create connector with attachment points","status":"passed","title":"should create connector with attachment points","duration":1.6904999999997017,"failureMessages":[],"meta":{}},{"ancestorTitles":["Connector Functionality (Store-First)","Connector Creation"],"fullName":"Connector Functionality (Store-First) Connector Creation should create curved connector","status":"passed","title":"should create curved connector","duration":1.8968999999997322,"failureMessages":[],"meta":{}},{"ancestorTitles":["Connector Functionality (Store-First)","Connector Management"],"fullName":"Connector Functionality (Store-First) Connector Management should update connector endpoints","status":"passed","title":"should update connector endpoints","duration":3.287699999999859,"failureMessages":[],"meta":{}},{"ancestorTitles":["Connector Functionality (Store-First)","Connector Management"],"fullName":"Connector Functionality (Store-First) Connector Management should update connector attachments","status":"passed","title":"should update connector attachments","duration":2.0543000000002394,"failureMessages":[],"meta":{}},{"ancestorTitles":["Connector Functionality (Store-First)","Connector Management"],"fullName":"Connector Functionality (Store-First) Connector Management should delete connector correctly","status":"passed","title":"should delete connector correctly","duration":3.3275000000003274,"failureMessages":[],"meta":{}},{"ancestorTitles":["Connector Functionality (Store-First)","Connector Selection"],"fullName":"Connector Functionality (Store-First) Connector Selection should select connector","status":"passed","title":"should select connector","duration":1.8791000000001077,"failureMessages":[],"meta":{}},{"ancestorTitles":["Connector Functionality (Store-First)","Connector Selection"],"fullName":"Connector Functionality (Store-First) Connector Selection should handle connector in multi-selection","status":"passed","title":"should handle connector in multi-selection","duration":3.115600000000086,"failureMessages":[],"meta":{}},{"ancestorTitles":["Connector Functionality (Store-First)","Connector Integration"],"fullName":"Connector Functionality (Store-First) Connector Integration should work with element creation workflow","status":"passed","title":"should work with element creation workflow","duration":2.6338999999998123,"failureMessages":[],"meta":{}},{"ancestorTitles":["Connector Functionality (Store-First)","Connector Integration"],"fullName":"Connector Functionality (Store-First) Connector Integration should handle connector tool switching","status":"passed","title":"should handle connector tool switching","duration":1.552599999999984,"failureMessages":[],"meta":{}},{"ancestorTitles":["Connector Functionality (Store-First)","Connector Endpoint Editing (FigJam-style)"],"fullName":"Connector Functionality (Store-First) Connector Endpoint Editing (FigJam-style) should update start point without affecting end point","status":"passed","title":"should update start point without affecting end point","duration":1.9293000000002394,"failureMessages":[],"meta":{}},{"ancestorTitles":["Connector Functionality (Store-First)","Connector Endpoint Editing (FigJam-style)"],"fullName":"Connector Functionality (Store-First) Connector Endpoint Editing (FigJam-style) should update end point without affecting start point","status":"passed","title":"should update end point without affecting start point","duration":2.586699999999837,"failureMessages":[],"meta":{}},{"ancestorTitles":["Connector Functionality (Store-First)","Connector Endpoint Editing (FigJam-style)"],"fullName":"Connector Functionality (Store-First) Connector Endpoint Editing (FigJam-style) should recalculate bounding box when endpoints change","status":"passed","title":"should recalculate bounding box when endpoints change","duration":2.458100000000286,"failureMessages":[],"meta":{}},{"ancestorTitles":["Connector Functionality (Store-First)","Connector Endpoint Editing (FigJam-style)"],"fullName":"Connector Functionality (Store-First) Connector Endpoint Editing (FigJam-style) should handle extreme endpoint positions correctly","status":"passed","title":"should handle extreme endpoint positions correctly","duration":2.6354999999998654,"failureMessages":[],"meta":{}},{"ancestorTitles":["Connector Functionality (Store-First)","Connector Endpoint Editing (FigJam-style)"],"fullName":"Connector Functionality (Store-First) Connector Endpoint Editing (FigJam-style) should preserve connector type and style during endpoint editing","status":"passed","title":"should preserve connector type and style during endpoint editing","duration":2.443699999999808,"failureMessages":[],"meta":{}}],"startTime":1754434409520,"endTime":1754434409635.4436,"status":"passed","message":"","name":"C:/Projects/LibreOllama/src/features/canvas/tests/connector-tool.test.tsx"},{"assertionResults":[{"ancestorTitles":["Drawing Tools Store-First Tests","Drawing Module State Management"],"fullName":"Drawing Tools Store-First Tests Drawing Module State Management should start drawing with correct initial state","status":"passed","title":"should start drawing with correct initial state","duration":6.784300000000258,"failureMessages":[],"meta":{}},{"ancestorTitles":["Drawing Tools Store-First Tests","Drawing Module State Management"],"fullName":"Drawing Tools Store-First Tests Drawing Module State Management should update drawing path correctly","status":"passed","title":"should update drawing path correctly","duration":3.134599999999864,"failureMessages":[],"meta":{}},{"ancestorTitles":["Drawing Tools Store-First Tests","Drawing Module State Management"],"fullName":"Drawing Tools Store-First Tests Drawing Module State Management should finish drawing and create pen element","status":"passed","title":"should finish drawing and create pen element","duration":7.031100000000151,"failureMessages":[],"meta":{}},{"ancestorTitles":["Drawing Tools Store-First Tests","Drawing Module State Management"],"fullName":"Drawing Tools Store-First Tests Drawing Module State Management should cancel drawing without creating element","status":"passed","title":"should cancel drawing without creating element","duration":1.955699999999979,"failureMessages":[],"meta":{}},{"ancestorTitles":["Drawing Tools Store-First Tests","Drawing Module State Management"],"fullName":"Drawing Tools Store-First Tests Drawing Module State Management should not finish drawing if path is too short","status":"passed","title":"should not finish drawing if path is too short","duration":0.9953000000000429,"failureMessages":[],"meta":{}},{"ancestorTitles":["Drawing Tools Store-First Tests","Highlighter Element Creation"],"fullName":"Drawing Tools Store-First Tests Highlighter Element Creation should create highlighter element with correct properties","status":"passed","title":"should create highlighter element with correct properties","duration":1.3535000000001673,"failureMessages":[],"meta":{}},{"ancestorTitles":["Drawing Tools Store-First Tests","Highlighter Element Creation"],"fullName":"Drawing Tools Store-First Tests Highlighter Element Creation should calculate correct bounding box for highlighter","status":"passed","title":"should calculate correct bounding box for highlighter","duration":0.9477999999999156,"failureMessages":[],"meta":{}},{"ancestorTitles":["Drawing Tools Store-First Tests","Marker Element Creation"],"fullName":"Drawing Tools Store-First Tests Marker Element Creation should create marker element with correct properties","status":"passed","title":"should create marker element with correct properties","duration":1.4087000000004082,"failureMessages":[],"meta":{}},{"ancestorTitles":["Drawing Tools Store-First Tests","Marker Element Creation"],"fullName":"Drawing Tools Store-First Tests Marker Element Creation should handle marker stroke smoothing","status":"passed","title":"should handle marker stroke smoothing","duration":1.574999999999818,"failureMessages":[],"meta":{}},{"ancestorTitles":["Drawing Tools Store-First Tests","Pen Element Creation"],"fullName":"Drawing Tools Store-First Tests Pen Element Creation should create pen element with correct properties","status":"passed","title":"should create pen element with correct properties","duration":0.9726000000000568,"failureMessages":[],"meta":{}},{"ancestorTitles":["Drawing Tools Store-First Tests","Tool State Management"],"fullName":"Drawing Tools Store-First Tests Tool State Management should switch between drawing tools correctly","status":"passed","title":"should switch between drawing tools correctly","duration":0.9458000000004176,"failureMessages":[],"meta":{}},{"ancestorTitles":["Drawing Tools Store-First Tests","Tool State Management"],"fullName":"Drawing Tools Store-First Tests Tool State Management should maintain drawing tool colors","status":"passed","title":"should maintain drawing tool colors","duration":0.5816999999997279,"failureMessages":[],"meta":{}},{"ancestorTitles":["Drawing Tools Store-First Tests","Drawing Element Integration"],"fullName":"Drawing Tools Store-First Tests Drawing Element Integration should handle multiple drawing elements","status":"passed","title":"should handle multiple drawing elements","duration":1.840599999999995,"failureMessages":[],"meta":{}},{"ancestorTitles":["Drawing Tools Store-First Tests","Drawing Element Integration"],"fullName":"Drawing Tools Store-First Tests Drawing Element Integration should handle drawing element deletion","status":"passed","title":"should handle drawing element deletion","duration":1.5653999999999542,"failureMessages":[],"meta":{}},{"ancestorTitles":["Drawing Tools Store-First Tests","Drawing Element Integration"],"fullName":"Drawing Tools Store-First Tests Drawing Element Integration should handle drawing element selection","status":"passed","title":"should handle drawing element selection","duration":1.2043000000003303,"failureMessages":[],"meta":{}}],"startTime":1754434412640,"endTime":1754434412673.2043,"status":"passed","message":"","name":"C:/Projects/LibreOllama/src/features/canvas/tests/drawing-tools.test.tsx"},{"assertionResults":[{"ancestorTitles":["Eraser Functionality (Store-First)","Core Erasing Logic"],"fullName":"Eraser Functionality (Store-First) Core Erasing Logic should erase pen strokes at point","status":"passed","title":"should erase pen strokes at point","duration":12.165199999999913,"failureMessages":[],"meta":{}},{"ancestorTitles":["Eraser Functionality (Store-First)","Core Erasing Logic"],"fullName":"Eraser Functionality (Store-First) Core Erasing Logic should erase marker strokes at point","status":"passed","title":"should erase marker strokes at point","duration":3.6529999999997926,"failureMessages":[],"meta":{}},{"ancestorTitles":["Eraser Functionality (Store-First)","Core Erasing Logic"],"fullName":"Eraser Functionality (Store-First) Core Erasing Logic should erase highlighter strokes at point","status":"passed","title":"should erase highlighter strokes at point","duration":15.672099999999773,"failureMessages":[],"meta":{}},{"ancestorTitles":["Eraser Functionality (Store-First)","Core Erasing Logic"],"fullName":"Eraser Functionality (Store-First) Core Erasing Logic should not erase non-erasable elements","status":"passed","title":"should not erase non-erasable elements","duration":5.933599999999842,"failureMessages":[],"meta":{}},{"ancestorTitles":["Eraser Functionality (Store-First)","Core Erasing Logic"],"fullName":"Eraser Functionality (Store-First) Core Erasing Logic should only erase elements within eraser radius","status":"passed","title":"should only erase elements within eraser radius","duration":2.811200000000099,"failureMessages":[],"meta":{}},{"ancestorTitles":["Eraser Functionality (Store-First)","Path-Based Erasing"],"fullName":"Eraser Functionality (Store-First) Path-Based Erasing should erase strokes along eraser path","status":"passed","title":"should erase strokes along eraser path","duration":3.1446999999998297,"failureMessages":[],"meta":{}},{"ancestorTitles":["Eraser Functionality (Store-First)","Path-Based Erasing"],"fullName":"Eraser Functionality (Store-First) Path-Based Erasing should handle empty eraser path","status":"passed","title":"should handle empty eraser path","duration":0.7035000000000764,"failureMessages":[],"meta":{}},{"ancestorTitles":["Eraser Functionality (Store-First)","Spatial Index Management"],"fullName":"Eraser Functionality (Store-First) Spatial Index Management should find elements in spatial index correctly","status":"passed","title":"should find elements in spatial index correctly","duration":1.0187000000000808,"failureMessages":[],"meta":{}},{"ancestorTitles":["Eraser Functionality (Store-First)","Spatial Index Management"],"fullName":"Eraser Functionality (Store-First) Spatial Index Management should update spatial index with erasable elements","status":"passed","title":"should update spatial index with erasable elements","duration":1.7112999999999374,"failureMessages":[],"meta":{}},{"ancestorTitles":["Eraser Functionality (Store-First)","Spatial Index Management"],"fullName":"Eraser Functionality (Store-First) Spatial Index Management should clear spatial index","status":"passed","title":"should clear spatial index","duration":0.9586999999996806,"failureMessages":[],"meta":{}},{"ancestorTitles":["Eraser Functionality (Store-First)","Element Type Checking"],"fullName":"Eraser Functionality (Store-First) Element Type Checking should identify erasable elements correctly","status":"passed","title":"should identify erasable elements correctly","duration":0.37709999999970023,"failureMessages":[],"meta":{}},{"ancestorTitles":["Eraser Functionality (Store-First)","Bounds Calculation"],"fullName":"Eraser Functionality (Store-First) Bounds Calculation should calculate path bounds correctly","status":"passed","title":"should calculate path bounds correctly","duration":0.6820000000002437,"failureMessages":[],"meta":{}},{"ancestorTitles":["Eraser Functionality (Store-First)","Bounds Calculation"],"fullName":"Eraser Functionality (Store-First) Bounds Calculation should handle empty path bounds","status":"passed","title":"should handle empty path bounds","duration":0.1770000000001346,"failureMessages":[],"meta":{}},{"ancestorTitles":["Eraser Functionality (Store-First)","Bounds Calculation"],"fullName":"Eraser Functionality (Store-First) Bounds Calculation should handle single point path","status":"passed","title":"should handle single point path","duration":2.4088999999999032,"failureMessages":[],"meta":{}},{"ancestorTitles":["Eraser Functionality (Store-First)","Integration with History"],"fullName":"Eraser Functionality (Store-First) Integration with History should add history entry when erasing elements","status":"passed","title":"should add history entry when erasing elements","duration":1.5757000000003245,"failureMessages":[],"meta":{}},{"ancestorTitles":["Eraser Functionality (Store-First)","Integration with History"],"fullName":"Eraser Functionality (Store-First) Integration with History should not add history entry when no elements erased","status":"passed","title":"should not add history entry when no elements erased","duration":0.858600000000024,"failureMessages":[],"meta":{}}],"startTime":1754434411491,"endTime":1754434411545.8586,"status":"passed","message":"","name":"C:/Projects/LibreOllama/src/features/canvas/tests/eraser-tool.test.tsx"},{"assertionResults":[{"ancestorTitles":["Minimal Konva Import Test"],"fullName":"Minimal Konva Import Test should create a Konva stage without hanging","status":"passed","title":"should create a Konva stage without hanging","duration":28.11700000000019,"failureMessages":[],"meta":{}}],"startTime":1754434411955,"endTime":1754434411983.117,"status":"passed","message":"","name":"C:/Projects/LibreOllama/src/features/canvas/tests/konva-minimal.test.ts"},{"assertionResults":[{"ancestorTitles":["MindmapTool","Basic Functionality"],"fullName":"MindmapTool Basic Functionality should render when active","status":"passed","title":"should render when active","duration":29.277800000000752,"failureMessages":[],"meta":{}},{"ancestorTitles":["MindmapTool","Basic Functionality"],"fullName":"MindmapTool Basic Functionality should not render when inactive","status":"passed","title":"should not render when inactive","duration":5.302400000000489,"failureMessages":[],"meta":{}},{"ancestorTitles":["MindmapTool","Basic Functionality"],"fullName":"MindmapTool Basic Functionality should register event handlers when active","status":"passed","title":"should register event handlers when active","duration":6.551199999999881,"failureMessages":[],"meta":{}},{"ancestorTitles":["MindmapTool","Basic Functionality"],"fullName":"MindmapTool Basic Functionality should clean up event handlers on unmount","status":"passed","title":"should clean up event handlers on unmount","duration":3.169400000000678,"failureMessages":[],"meta":{}},{"ancestorTitles":["MindmapTool","Basic Functionality"],"fullName":"MindmapTool Basic Functionality should set crosshair cursor when active","status":"passed","title":"should set crosshair cursor when active","duration":0.4785999999994601,"failureMessages":[],"meta":{}},{"ancestorTitles":["MindmapTool","Basic Functionality"],"fullName":"MindmapTool Basic Functionality should reset cursor when inactive","status":"passed","title":"should reset cursor when inactive","duration":0.2537000000002081,"failureMessages":[],"meta":{}},{"ancestorTitles":["MindmapTool","Mindmap Creation"],"fullName":"MindmapTool Mindmap Creation should create mindmap on click","status":"passed","title":"should create mindmap on click","duration":15.832499999999527,"failureMessages":[],"meta":{}},{"ancestorTitles":["MindmapTool","Mindmap Creation"],"fullName":"MindmapTool Mindmap Creation should handle clicks on existing elements gracefully","status":"passed","title":"should handle clicks on existing elements gracefully","duration":6.090100000000348,"failureMessages":[],"meta":{}},{"ancestorTitles":["MindmapTool","Mindmap Creation"],"fullName":"MindmapTool Mindmap Creation should handle missing stage gracefully","status":"passed","title":"should handle missing stage gracefully","duration":3.120299999999588,"failureMessages":[],"meta":{}},{"ancestorTitles":["MindmapTool","Mindmap Creation"],"fullName":"MindmapTool Mindmap Creation should handle missing pointer position","status":"passed","title":"should handle missing pointer position","duration":3.2445999999999913,"failureMessages":[],"meta":{}},{"ancestorTitles":["MindmapTool","Mindmap Creation"],"fullName":"MindmapTool Mindmap Creation should handle pointer movement for preview","status":"passed","title":"should handle pointer movement for preview","duration":4.365299999999479,"failureMessages":[],"meta":{}},{"ancestorTitles":["Mindmap Functionality (Store-First)","Mindmap Structure Creation"],"fullName":"Mindmap Functionality (Store-First) Mindmap Structure Creation should create complete mindmap structure","status":"passed","title":"should create complete mindmap structure","duration":5.477200000000266,"failureMessages":[],"meta":{}},{"ancestorTitles":["Mindmap Functionality (Store-First)","Mindmap Structure Creation"],"fullName":"Mindmap Functionality (Store-First) Mindmap Structure Creation should create central node with correct properties","status":"passed","title":"should create central node with correct properties","duration":0.9053999999996449,"failureMessages":[],"meta":{}},{"ancestorTitles":["Mindmap Functionality (Store-First)","Mindmap Structure Creation"],"fullName":"Mindmap Functionality (Store-First) Mindmap Structure Creation should create child nodes with correct properties","status":"passed","title":"should create child nodes with correct properties","duration":1.342499999999745
[...]
tive z-10 text-secondary hover:text-primary\"\u001b[39m\n              \u001b[33mstyle\u001b[39m=\u001b[32m\"pointer-events: auto;\"\u001b[39m\n            \u001b[36m>\u001b[39m\n              \u001b[36m<svg\u001b[39m\n                \u001b[33maria-hidden\u001b[39m=\u001b[32m\"true\"\u001b[39m\n                \u001b[33mclass\u001b[39m=\u001b[32m\"lucide lucide-panel-left\"\u001b[39m\n                \u001b[33mfill\u001b[39m=\u001b[32m\"none\"\u001b[39m\n                \u001b[33mheight\u001b[39m=\u001b[32m\"20\"\u001b[39m\n                \u001b[33mstroke\u001b[39m=\u001b[32m\"currentColor\"\u001b[39m\n                \u001b[33mstroke-linecap\u001b[39m=\u001b[32m\"round\"\u001b[39m\n                \u001b[33mstroke-linejoin\u001b[39m=\u001b[32m\"round\"\u001b[39m\n                \u001b[33mstroke-width\u001b[39m=\u001b[32m\"2\"\u001b[39m\n                \u001b[33mviewBox\u001b[39m=\u001b[32m\"0 0 24 24\"\u001b[39m\n                \u001b[33mwidth\u001b[39m=\u001b[32m\"20\"\u001b[39m\n                \u001b[33mxmlns\u001b[39m=\u001b[32m\"http://www.w3.org/2000/svg\"\u001b[39m\n              \u001b[36m>\u001b[39m\n                \u001b[36m<rect\u001b[39m\n                  \u001b[33mheight\u001b[39m=\u001b[32m\"18\"\u001b[39m\n                  \u001b[33mrx\u001b[39m=\u001b[32m\"2\"\u001b[39m\n                  \u001b[33mwidth\u001b[39m=\u001b[32m\"18\"\u001b[39m\n                  \u001b[33mx\u001b[39m=\u001b[32m\"3\"\u001b[39m\n                  \u001b[33my\u001b[39m=\u001b[32m\"3\"\u001b[39m\n                \u001b[36m/>\u001b[39m\n                \u001b[36m<path\u001b[39m\n                  \u001b[33md\u001b[39m=\u001b[32m\"M9 3v18\"\u001b[39m\n                \u001b[36m/>\u001b[39m\n              \u001b[36m</svg>\u001b[39m\n            \u001b[36m</button>\u001b[39m\n            \u001b[36m<h3\u001b[39m\n              \u001b[33mclass\u001b[39m=\u001b[32m\"text-primary font-sans text-xl font-semibold leading-snug\"\u001b[39m\n            \u001b[36m>\u001b[39m\n              \u001b[0mNotes\u001b[0m\n            \u001b[36m</h3>\u001b[39m\n          \u001b[36m</div>\u001b[39m\n          \u001b[36m<div\u001b[39m\n            \u001b[33mclass\u001b[39m=\u001b[32m\"flex items-center gap-1\"\u001b[39m\n          \u001b[36m>\u001b[39m\n            \u001b[36m<button\u001b[39m\n              \u001b[33maria-disabled\u001b[39m=\u001b[32m\"false\"\u001b[39m\n              \u001b[33mclass\u001b[39m=\u001b[32m\"inline-flex items-center justify-center gap-2 border-none rounded-md font-sans font-medium leading-none cursor-pointer transition-all duration-150 no-underline whitespace-nowrap disabled:opacity-50 disabled:cursor-not-allowed focus:outline-none focus:ring-2 focus:ring-accent-primary focus:ring-offset-2 focus:ring-offset-primary bg-transparent text-primary hover:bg-tertiary active:bg-secondary active:scale-95 hover:text-primary p-2.5 w-11 h-11 flex items-center justify-center [&>svg]:align-middle  relative z-10 text-secondary hover:text-primary\"\u001b[39m\n              \u001b[33mstyle\u001b[39m=\u001b[32m\"pointer-events: auto;\"\u001b[39m\n              \u001b[33mtitle\u001b[39m=\u001b[32m\"Create new folder\"\u001b[39m\n            \u001b[36m>\u001b[39m\n              \u001b[36m<svg\u001b[39m\n                \u001b[33maria-hidden\u001b[39m=\u001b[32m\"true\"\u001b[39m\n                \u001b[33mclass\u001b[39m=\u001b[32m\"lucide lucide-folder-plus\"\u001b[39m\n                \u001b[33mfill\u001b[39m=\u001b[32m\"none\"\u001b[39m\n                \u001b[33mheight\u001b[39m=\u001b[32m\"20\"\u001b[39m\n                \u001b[33mstroke\u001b[39m=\u001b[32m\"currentColor\"\u001b[39m\n                \u001b[33mstroke-linecap\u001b[39m=\u001b[32m\"round\"\u001b[39m\n                \u001b[33mstroke-linejoin\u001b[39m=\u001b[32m\"round\"\u001b[39m\n                \u001b[33mstroke-width\u001b[39m=\u001b[32m\"2\"\u001b[39m\n                \u001b[33mviewBox\u001b[39m=\u001b[32m\"0 0 24 24\"\u001b[39m\n                \u001b[33mwidth\u001b[39m=\u001b[32m\"20\"\u001b[39m\n                \u001b[33mxmlns\u001b[39m=\u001b[32m\"http://www.w3.org/2000/svg\"\u001b[39m\n              \u001b[36m>\u001b[39m\n                \u001b[36m<path\u001b[39m\n                  \u001b[33md\u001b[39m=\u001b[32m\"M12 10v6\"\u001b[39m\n                \u001b[36m/>\u001b[39m\n                \u001b[36m<path\u001b[39m\n                  \u001b[33md\u001b[39m=\u001b[32m\"M9 13h6\"\u001b[39m\n                \u001b[36m/>\u001b[39m\n                \u001b[36m<path\u001b[39m\n                  \u001b[33md\u001b[39m=\u001b[32m\"M20 20a2 2 0 0 0 2-2V8a2 2 0 0 0-2-2h-7.9a2 2 0 0 1-1.69-.9L9.6 3.9A2 2 0 0 0 7.93 3H4a2 2 0 0 0-2 2v13a2 2 0 0 0 2 2Z\"\u001b[39m\n                \u001b[36m/>\u001b[39m\n              \u001b[36m</svg>\u001b[39m\n            \u001b[36m</button>\u001b[39m\n            \u001b[36m<button\u001b[39m\n              \u001b[33maria-disabled\u001b[39m=\u001b[32m\"false\"\u001b[39m\n              \u001b[33mclass\u001b[39m=\u001b[32m\"inline-flex items-center justify-center gap-2 border-none rounded-md font-sans font-medium leading-none cursor-pointer transition-all duration-150 no-underline whitespace-nowrap disabled:opacity-50 disabled:cursor-not-allowed focus:outline-none focus:ring-2 focus:ring-accent-primary focus:ring-offset-2 focus:ring-offset-primary bg-transparent text-primary hover:bg-tertiary active:bg-secondary active:scale-95 hover:text-primary p-2.5 w-11 h-11 flex items-center justify-center [&>svg]:align-middle  relative z-10 text-secondary hover:text-primary\"\u001b[39m\n              \u001b[33mstyle\u001b[39m=\u001b[32m\"pointer-events: auto;\"\u001b[39m\n              \u001b[33mtitle\u001b[39m=\u001b[32m\"Create new note\"\u001b[39m\n            \u001b[36m>\u001b[39m\n              \u001b[36m<svg\u001b[39m\n                \u001b[33maria-hidden\u001b[39m=\u001b[32m\"true\"\u001b[39m\n                \u001b[33mclass\u001b[39m=\u001b[32m\"lucide lucide-file-plus\"\u001b[39m\n                \u001b[33mfill\u001b[39m=\u001b[32m\"none\"\u001b[39m\n                \u001b[33mheight\u001b[39m=\u001b[32m\"20\"\u001b[39m\n                \u001b[33mstroke\u001b[39m=\u001b[32m\"currentColor\"\u001b[39m\n                \u001b[33mstroke-linecap\u001b[39m=\u001b[32m\"round\"\u001b[39m\n                \u001b[33mstroke-linejoin\u001b[39m=\u001b[32m\"round\"\u001b[39m\n                \u001b[33mstroke-width\u001b[39m=\u001b[32m\"2\"\u001b[39m\n                \u001b[33mviewBox\u001b[39m=\u001b[32m\"0 0 24 24\"\u001b[39m\n                \u001b[33mwidth\u001b[39m=\u001b[32m\"20\"\u001b[39m\n                \u001b[33mxmlns\u001b[39m=\u001b[32m\"http://www.w3.org/2000/svg\"\u001b[39m\n              \u001b[36m>\u001b[39m\n                \u001b[36m<path\u001b[39m\n                  \u001b[33md\u001b[39m=\u001b[32m\"M15 2H6a2 2 0 0 0-2 2v16a2 2 0 0 0 2 2h12a2 2 0 0 0 2-2V7Z\"\u001b[39m\n                \u001b[36m/>\u001b[39m\n                \u001b[36m<path\u001b[39m\n                  \u001b[33md\u001b[39m=\u001b[32m\"M14 2v4a2 2 0 0 0 2 2h4\"\u001b[39m\n                \u001b[36m/>\u001b[39m\n                \u001b[36m<path\u001b[39m\n                  \u001b[33md\u001b[39m=\u001b[32m\"M9 15h6\"\u001b[39m\n                \u001b[36m/>\u001b[39m\n                \u001b[36m<path\u001b[39m\n                  \u001b[33md\u001b[39m=\u001b[32m\"M12 18v-6\"\u001b[39m\n                \u001b[36m/>\u001b[39m\n              \u001b[36m</svg>\u001b[39m\n            \u001b[36m</button>\u001b[39m\n          \u001b[36m</div>...\n    at Object.getElementError (C:\\Projects\\LibreOllama\\node_modules\\@testing-library\\dom\\dist\\config.js:37:19)\n    at C:\\Projects\\LibreOllama\\node_modules\\@testing-library\\dom\\dist\\query-helpers.js:76:38\n    at C:\\Projects\\LibreOllama\\node_modules\\@testing-library\\dom\\dist\\query-helpers.js:52:17\n    at C:\\Projects\\LibreOllama\\node_modules\\@testing-library\\dom\\dist\\query-helpers.js:95:19\n    at C:\\Projects\\LibreOllama\\src\\features\\notes\\_archive\\NotesSystemIntegration.test.tsx:173:30\n    at processTicksAndRejections (node:internal/process/task_queues:105:5)\n    at file:///C:/Projects/LibreOllama/node_modules/@vitest/runner/dist/chunk-hooks.js:752:20"],"meta":{}},{"ancestorTitles":["Notes System Integration: Export Functionality","Notes System Integration: Sidebar Context Menu"],"fullName":"Notes System Integration: Export Functionality Notes System Integration: Sidebar Context Menu should not have the test click option in the dropdown menu","status":"failed","title":"should not have the test click option in the dropdown menu","duration":129.17250000000058,"failureMessages":["TestingLibraryElementError: Unable to find an element with the text: Note 1. This could be because the text is broken up by multiple elements. In this case, you can provide a function for your text matcher to make your matcher more flexible.\n\nIgnored nodes: comments, script, style\n\u001b[36m<body>\u001b[39m\n  \u001b[36m<div>\u001b[39m\n    \u001b[36m<div\u001b[39m\n      \u001b[33mclass\u001b[39m=\u001b[32m\"flex h-full gap-6 bg-primary p-6\"\u001b[39m\n    \u001b[36m>\u001b[39m\n      \u001b[36m<div\u001b[39m\n        \u001b[33mclass\u001b[39m=\u001b[32m\"bg-tertiary border border-default rounded-lg relative shadow-sm hover:shadow-md transition-shadow duration-200  flex h-full w-80 flex-col bg-sidebar\"\u001b[39m\n      \u001b[36m>\u001b[39m\n        \u001b[36m<div\u001b[39m\n          \u001b[33mclass\u001b[39m=\u001b[32m\"border-border-default flex shrink-0 items-center justify-between border-b p-4\"\u001b[39m\n        \u001b[36m>\u001b[39m\n          \u001b[36m<div\u001b[39m\n            \u001b[33mclass\u001b[39m=\u001b[32m\"flex items-center gap-3\"\u001b[39m\n          \u001b[36m>\u001b[39m\n            \u001b[36m<button\u001b[39m\n              \u001b[33maria-disabled\u001b[39m=\u001b[32m\"false\"\u001b[39m\n              \u001b[33mclass\u001b[39m=\u001b[32m\"inline-flex items-center justify-center gap-2 border-none rounded-md font-sans font-medium leading-none cursor-pointer transition-all duration-150 no-underline whitespace-nowrap disabled:opacity-50 disabled:cursor-not-allowed focus:outline-none focus:ring-2 focus:ring-accent-primary focus:ring-offset-2 focus:ring-offset-primary bg-transparent text-primary hover:bg-tertiary active:bg-secondary active:scale-95 hover:text-primary p-2.5 w-11 h-11 flex items-center justify-center [&>svg]:align-middle  relative z-10 text-secondary hover:text-primary\"\u001b[39m\n              \u001b[33mstyle\u001b[39m=\u001b[32m\"pointer-events: auto;\"\u001b[39m\n            \u001b[36m>\u001b[39m\n              \u001b[36m<svg\u001b[39m\n                \u001b[33maria-hidden\u001b[39m=\u001b[32m\"true\"\u001b[39m\n                \u001b[33mclass\u001b[39m=\u001b[32m\"lucide lucide-panel-left\"\u001b[39m\n                \u001b[33mfill\u001b[39m=\u001b[32m\"none\"\u001b[39m\n                \u001b[33mheight\u001b[39m=\u001b[32m\"20\"\u001b[39m\n                \u001b[33mstroke\u001b[39m=\u001b[32m\"currentColor\"\u001b[39m\n                \u001b[33mstroke-linecap\u001b[39m=\u001b[32m\"round\"\u001b[39m\n                \u001b[33mstroke-linejoin\u001b[39m=\u001b[32m\"round\"\u001b[39m\n                \u001b[33mstroke-width\u001b[39m=\u001b[32m\"2\"\u001b[39m\n                \u001b[33mviewBox\u001b[39m=\u001b[32m\"0 0 24 24\"\u001b[39m\n                \u001b[33mwidth\u001b[39m=\u001b[32m\"20\"\u001b[39m\n                \u001b[33mxmlns\u001b[39m=\u001b[32m\"http://www.w3.org/2000/svg\"\u001b[39m\n              \u001b[36m>\u001b[39m\n                \u001b[36m<rect\u001b[39m\n                  \u001b[33mheight\u001b[39m=\u001b[32m\"18\"\u001b[39m\n                  \u001b[33mrx\u001b[39m=\u001b[32m\"2\"\u001b[39m\n                  \u001b[33mwidth\u001b[39m=\u001b[32m\"18\"\u001b[39m\n                  \u001b[33mx\u001b[39m=\u001b[32m\"3\"\u001b[39m\n                  \u001b[33my\u001b[39m=\u001b[32m\"3\"\u001b[39m\n                \u001b[36m/>\u001b[39m\n                \u001b[36m<path\u001b[39m\n                  \u001b[33md\u001b[39m=\u001b[32m\"M9 3v18\"\u001b[39m\n                \u001b[36m/>\u001b[39m\n              \u001b[36m</svg>\u001b[39m\n            \u001b[36m</button>\u001b[39m\n            \u001b[36m<h3\u001b[39m\n              \u001b[33mclass\u001b[39m=\u001b[32m\"text-primary font-sans text-xl font-semibold leading-snug\"\u001b[39m\n            \u001b[36m>\u001b[39m\n              \u001b[0mNotes\u001b[0m\n            \u001b[36m</h3>\u001b[39m\n          \u001b[36m</div>\u001b[39m\n          \u001b[36m<div\u001b[39m\n            \u001b[33mclass\u001b[39m=\u001b[32m\"flex items-center gap-1\"\u001b[39m\n          \u001b[36m>\u001b[39m\n            \u001b[36m<button\u001b[39m\n              \u001b[33maria-disabled\u001b[39m=\u001b[32m\"false\"\u001b[39m\n              \u001b[33mclass\u001b[39m=\u001b[32m\"inline-flex items-center justify-center gap-2 border-none rounded-md font-sans font-medium leading-none cursor-pointer transition-all duration-150 no-underline whitespace-nowrap disabled:opacity-50 disabled:cursor-not-allowed focus:outline-none focus:ring-2 focus:ring-accent-primary focus:ring-offset-2 focus:ring-offset-primary bg-transparent text-primary hover:bg-tertiary active:bg-secondary active:scale-95 hover:text-primary p-2.5 w-11 h-11 flex items-center justify-center [&>svg]:align-middle  relative z-10 text-secondary hover:text-primary\"\u001b[39m\n              \u001b[33mstyle\u001b[39m=\u001b[32m\"pointer-events: auto;\"\u001b[39m\n              \u001b[33mtitle\u001b[39m=\u001b[32m\"Create new folder\"\u001b[39m\n            \u001b[36m>\u001b[39m\n              \u001b[36m<svg\u001b[39m\n                \u001b[33maria-hidden\u001b[39m=\u001b[32m\"true\"\u001b[39m\n                \u001b[33mclass\u001b[39m=\u001b[32m\"lucide lucide-folder-plus\"\u001b[39m\n                \u001b[33mfill\u001b[39m=\u001b[32m\"none\"\u001b[39m\n                \u001b[33mheight\u001b[39m=\u001b[32m\"20\"\u001b[39m\n                \u001b[33mstroke\u001b[39m=\u001b[32m\"currentColor\"\u001b[39m\n                \u001b[33mstroke-linecap\u001b[39m=\u001b[32m\"round\"\u001b[39m\n                \u001b[33mstroke-linejoin\u001b[39m=\u001b[32m\"round\"\u001b[39m\n                \u001b[33mstroke-width\u001b[39m=\u001b[32m\"2\"\u001b[39m\n                \u001b[33mviewBox\u001b[39m=\u001b[32m\"0 0 24 24\"\u001b[39m\n                \u001b[33mwidth\u001b[39m=\u001b[32m\"20\"\u001b[39m\n                \u001b[33mxmlns\u001b[39m=\u001b[32m\"http://www.w3.org/2000/svg\"\u001b[39m\n              \u001b[36m>\u001b[39m\n                \u001b[36m<path\u001b[39m\n                  \u001b[33md\u001b[39m=\u001b[32m\"M12 10v6\"\u001b[39m\n                \u001b[36m/>\u001b[39m\n                \u001b[36m<path\u001b[39m\n                  \u001b[33md\u001b[39m=\u001b[32m\"M9 13h6\"\u001b[39m\n                \u001b[36m/>\u001b[39m\n                \u001b[36m<path\u001b[39m\n                  \u001b[33md\u001b[39m=\u001b[32m\"M20 20a2 2 0 0 0 2-2V8a2 2 0 0 0-2-2h-7.9a2 2 0 0 1-1.69-.9L9.6 3.9A2 2 0 0 0 7.93 3H4a2 2 0 0 0-2 2v13a2 2 0 0 0 2 2Z\"\u001b[39m\n                \u001b[36m/>\u001b[39m\n              \u001b[36m</svg>\u001b[39m\n            \u001b[36m</button>\u001b[39m\n            \u001b[36m<button\u001b[39m\n              \u001b[33maria-disabled\u001b[39m=\u001b[32m\"false\"\u001b[39m\n              \u001b[33mclass\u001b[39m=\u001b[32m\"inline-flex items-center justify-center gap-2 border-none rounded-md font-sans font-medium leading-none cursor-pointer transition-all duration-150 no-underline whitespace-nowrap disabled:opacity-50 disabled:cursor-not-allowed focus:outline-none focus:ring-2 focus:ring-accent-primary focus:ring-offset-2 focus:ring-offset-primary bg-transparent text-primary hover:bg-tertiary active:bg-secondary active:scale-95 hover:text-primary p-2.5 w-11 h-11 flex items-center justify-center [&>svg]:align-middle  relative z-10 text-secondary hover:text-primary\"\u001b[39m\n              \u001b[33mstyle\u001b[39m=\u001b[32m\"pointer-events: auto;\"\u001b[39m\n              \u001b[33mtitle\u001b[39m=\u001b[32m\"Create new note\"\u001b[39m\n            \u001b[36m>\u001b[39m\n              \u001b[36m<svg\u001b[39m\n                \u001b[33maria-hidden\u001b[39m=\u001b[32m\"true\"\u001b[39m\n                \u001b[33mclass\u001b[39m=\u001b[32m\"lucide lucide-file-plus\"\u001b[39m\n                \u001b[33mfill\u001b[39m=\u001b[32m\"none\"\u001b[39m\n                \u001b[33mheight\u001b[39m=\u001b[32m\"20\"\u001b[39m\n                \u001b[33mstroke\u001b[39m=\u001b[32m\"currentColor\"\u001b[39m\n                \u001b[33mstroke-linecap\u001b[39m=\u001b[32m\"round\"\u001b[39m\n                \u001b[33mstroke-linejoin\u001b[39m=\u001b[32m\"round\"\u001b[39m\n                \u001b[33mstroke-width\u001b[39m=\u001b[32m\"2\"\u001b[39m\n                \u001b[33mviewBox\u001b[39m=\u001b[32m\"0 0 24 24\"\u001b[39m\n                \u001b[33mwidth\u001b[39m=\u001b[32m\"20\"\u001b[39m\n                \u001b[33mxmlns\u001b[39m=\u001b[32m\"http://www.w3.org/2000/svg\"\u001b[39m\n              \u001b[36m>\u001b[39m\n                \u001b[36m<path\u001b[39m\n                  \u001b[33md\u001b[39m=\u001b[32m\"M15 2H6a2 2 0 0 0-2 2v16a2 2 0 0 0 2 2h12a2 2 0 0 0 2-2V7Z\"\u001b[39m\n                \u001b[36m/>\u001b[39m\n                \u001b[36m<path\u001b[39m\n                  \u001b[33md\u001b[39m=\u001b[32m\"M14 2v4a2 2 0 0 0 2 2h4\"\u001b[39m\n                \u001b[36m/>\u001b[39m\n                \u001b[36m<path\u001b[39m\n                  \u001b[33md\u001b[39m=\u001b[32m\"M9 15h6\"\u001b[39m\n                \u001b[36m/>\u001b[39m\n                \u001b[36m<path\u001b[39m\n                  \u001b[33md\u001b[39m=\u001b[32m\"M12 18v-6\"\u001b[39m\n                \u001b[36m/>\u001b[39m\n              \u001b[36m</svg>\u001b[39m\n            \u001b[36m</button>\u001b[39m\n          \u001b[36m</div>...\n    at Object.getElementError (C:\\Projects\\LibreOllama\\node_modules\\@testing-library\\dom\\dist\\config.js:37:19)\n    at C:\\Projects\\LibreOllama\\node_modules\\@testing-library\\dom\\dist\\query-helpers.js:76:38\n    at C:\\Projects\\LibreOllama\\node_modules\\@testing-library\\dom\\dist\\query-helpers.js:52:17\n    at C:\\Projects\\LibreOllama\\node_modules\\@testing-library\\dom\\dist\\query-helpers.js:95:19\n    at C:\\Projects\\LibreOllama\\src\\features\\notes\\_archive\\NotesSystemIntegration.test.tsx:200:30\n    at processTicksAndRejections (node:internal/process/task_queues:105:5)\n    at file:///C:/Projects/LibreOllama/node_modules/@vitest/runner/dist/chunk-hooks.js:752:20"],"meta":{}}],"startTime":1754434414497,"endTime":1754434415117.1726,"status":"failed","message":"","name":"C:/Projects/LibreOllama/src/features/notes/_archive/NotesSystemIntegration.test.tsx"},{"assertionResults":[],"startTime":1754434401726,"endTime":1754434401726,"status":"failed","message":"Failed to resolve import \"../taskMetadataStore\" from \"src/archived/stores/old-task-system/__tests__/taskMetadataStore.deleted.test.ts\". Does the file exist?","name":"C:/Projects/LibreOllama/src/archived/stores/old-task-system/__tests__/taskMetadataStore.deleted.test.ts"},{"assertionResults":[],"startTime":1754434401726,"endTime":1754434401726,"status":"failed","message":"Failed to resolve import \"../taskMetadataStore\" from \"src/archived/stores/old-task-system/__tests__/taskMetadataStore.simple.test.ts\". Does the file exist?","name":"C:/Projects/LibreOllama/src/archived/stores/old-task-system/__tests__/taskMetadataStore.simple.test.ts"},{"assertionResults":[],"startTime":1754434401726,"endTime":1754434401726,"status":"failed","message":"Failed to resolve import \"../taskMetadataStore\" from \"src/archived/stores/old-task-system/__tests__/taskMetadataStore.test.ts\". Does the file exist?","name":"C:/Projects/LibreOllama/src/archived/stores/old-task-system/__tests__/taskMetadataStore.test.ts"}]}
