TN:
SF:src\features\canvas\components\CanvasContainer.tsx
FN:32,(anonymous_0)
FN:56,(anonymous_1)
FN:58,(anonymous_2)
FN:59,(anonymous_3)
FN:60,(anonymous_4)
FN:61,(anonymous_5)
FN:62,(anonymous_6)
FN:63,(anonymous_7)
FN:66,(anonymous_8)
FN:79,(anonymous_9)
FN:85,(anonymous_10)
FN:100,(anonymous_11)
FN:105,(anonymous_12)
FN:124,(anonymous_13)
FN:142,(anonymous_14)
FN:164,(anonymous_15)
FN:175,(anonymous_16)
FN:186,(anonymous_17)
FN:263,(anonymous_18)
FN:264,(anonymous_19)
FN:266,(anonymous_20)
FN:288,(anonymous_21)
FNF:22
FNH:0
FNDA:0,(anonymous_0)
FNDA:0,(anonymous_1)
FNDA:0,(anonymous_2)
FNDA:0,(anonymous_3)
FNDA:0,(anonymous_4)
FNDA:0,(anonymous_5)
FNDA:0,(anonymous_6)
FNDA:0,(anonymous_7)
FNDA:0,(anonymous_8)
FNDA:0,(anonymous_9)
FNDA:0,(anonymous_10)
FNDA:0,(anonymous_11)
FNDA:0,(anonymous_12)
FNDA:0,(anonymous_13)
FNDA:0,(anonymous_14)
FNDA:0,(anonymous_15)
FNDA:0,(anonymous_16)
FNDA:0,(anonymous_17)
FNDA:0,(anonymous_18)
FNDA:0,(anonymous_19)
FNDA:0,(anonymous_20)
FNDA:0,(anonymous_21)
DA:32,0
DA:40,0
DA:43,0
DA:46,0
DA:47,0
DA:48,0
DA:49,0
DA:50,0
DA:51,0
DA:52,0
DA:53,0
DA:54,0
DA:56,0
DA:58,0
DA:59,0
DA:60,0
DA:61,0
DA:62,0
DA:63,0
DA:66,0
DA:68,0
DA:70,0
DA:72,0
DA:79,0
DA:80,0
DA:81,0
DA:82,0
DA:85,0
DA:86,0
DA:87,0
DA:92,0
DA:100,0
DA:101,0
DA:102,0
DA:105,0
DA:107,0
DA:108,0
DA:114,0
DA:119,0
DA:124,0
DA:125,0
DA:127,0
DA:128,0
DA:130,0
DA:131,0
DA:132,0
DA:134,0
DA:135,0
DA:137,0
DA:142,0
DA:143,0
DA:144,0
DA:146,0
DA:147,0
DA:149,0
DA:150,0
DA:151,0
DA:157,0
DA:158,0
DA:159,0
DA:160,0
DA:164,0
DA:165,0
DA:166,0
DA:168,0
DA:169,0
DA:171,0
DA:172,0
DA:173,0
DA:175,0
DA:180,0
DA:181,0
DA:186,0
DA:187,0
DA:190,0
DA:198,0
DA:203,0
DA:205,0
DA:209,0
DA:210,0
DA:233,0
DA:234,0
DA:243,0
DA:244,0
DA:245,0
DA:246,0
DA:247,0
DA:248,0
DA:263,0
DA:264,0
DA:266,0
DA:267,0
DA:269,0
DA:275,0
DA:279,0
DA:280,0
DA:281,0
DA:282,0
DA:283,0
DA:287,0
DA:288,0
DA:291,0
LF:102
LH:0
BRDA:37,0,0,0
BRDA:68,1,0,0
BRDA:68,1,1,0
BRDA:68,2,0,0
BRDA:68,2,1,0
BRDA:107,3,0,0
BRDA:107,3,1,0
BRDA:108,4,0,0
BRDA:108,4,1,0
BRDA:114,5,0,0
BRDA:114,5,1,0
BRDA:114,6,0,0
BRDA:114,6,1,0
BRDA:114,6,2,0
BRDA:114,6,3,0
BRDA:114,6,4,0
BRDA:114,6,5,0
BRDA:128,7,0,0
BRDA:128,7,1,0
BRDA:132,8,0,0
BRDA:132,8,1,0
BRDA:134,9,0,0
BRDA:134,9,1,0
BRDA:144,10,0,0
BRDA:144,10,1,0
BRDA:147,11,0,0
BRDA:147,11,1,0
BRDA:149,12,0,0
BRDA:149,12,1,0
BRDA:157,13,0,0
BRDA:157,13,1,0
BRDA:157,14,0,0
BRDA:157,14,1,0
BRDA:166,15,0,0
BRDA:166,15,1,0
BRDA:169,16,0,0
BRDA:169,16,1,0
BRDA:171,17,0,0
BRDA:171,17,1,0
BRDA:171,18,0,0
BRDA:171,18,1,0
BRDA:171,18,2,0
BRDA:175,19,0,0
BRDA:175,19,1,0
BRDA:180,20,0,0
BRDA:180,20,1,0
BRDA:180,21,0,0
BRDA:180,21,1,0
BRDA:180,21,2,0
BRDA:187,22,0,0
BRDA:187,22,1,0
BRDA:187,23,0,0
BRDA:187,23,1,0
BRDA:187,23,2,0
BRDA:187,23,3,0
BRDA:187,23,4,0
BRDA:191,24,0,0
BRDA:191,24,1,0
BRDA:192,25,0,0
BRDA:192,25,1,0
BRDA:203,26,0,0
BRDA:203,26,1,0
BRDA:203,27,0,0
BRDA:203,27,1,0
BRDA:203,27,2,0
BRDA:203,27,3,0
BRDA:203,27,4,0
BRDA:209,28,0,0
BRDA:209,28,1,0
BRDA:266,29,0,0
BRDA:266,29,1,0
BRDA:266,30,0,0
BRDA:266,30,1,0
BRDA:266,30,2,0
BRDA:279,31,0,0
BRDA:279,31,1,0
BRDA:309,32,0,0
BRDA:309,32,1,0
BRDA:310,33,0,0
BRDA:310,33,1,0
BRF:80
BRH:0
end_of_record
TN:
SF:src\features\canvas\components\CanvasEventHandler.tsx
FN:23,(anonymous_0)
FN:36,(anonymous_1)
FN:106,handleSelectMouseDown
FN:130,handleSelectMouseMove
FN:144,(anonymous_4)
FN:168,handleSelectMouseUp
FN:193,handleSelectClick
FN:205,handlePanMouseDown
FN:216,handlePanMouseMove
FN:230,(anonymous_9)
FN:241,handlePanMouseUp
FN:253,handleTextClick
FN:262,(anonymous_12)
FN:284,handleShapeMouseDown
FN:297,(anonymous_14)
FN:366,handleShapeMouseMove
FN:371,handleShapeMouseUp
FN:381,handlePenMouseDown
FN:395,handlePenMouseMove
FN:409,(anonymous_19)
FN:415,handlePenMouseUp
FN:427,handleConnectorMouseDown
FN:443,handleConnectorMouseMove
FN:453,handleConnectorMouseUp
FN:469,handleSectionMouseDown
FN:482,(anonymous_25)
FN:506,handleSectionMouseMove
FN:520,(anonymous_27)
FN:528,handleSectionMouseUp
FN:550,handleStickyNoteClick
FN:559,(anonymous_30)
FN:582,handleImageClick
FN:592,handleTableClick
FN:602,handleWheel
FN:620,dispatchCanvasEvent
FN:628,(anonymous_35)
FN:633,(anonymous_36)
FN:641,(anonymous_37)
FN:650,(anonymous_38)
FN:655,(anonymous_39)
FN:656,(anonymous_40)
FN:667,(anonymous_41)
FN:668,(anonymous_42)
FNF:43
FNH:0
FNDA:0,(anonymous_0)
FNDA:0,(anonymous_1)
FNDA:0,handleSelectMouseDown
FNDA:0,handleSelectMouseMove
FNDA:0,(anonymous_4)
FNDA:0,handleSelectMouseUp
FNDA:0,handleSelectClick
FNDA:0,handlePanMouseDown
FNDA:0,handlePanMouseMove
FNDA:0,(anonymous_9)
FNDA:0,handlePanMouseUp
FNDA:0,handleTextClick
FNDA:0,(anonymous_12)
FNDA:0,handleShapeMouseDown
FNDA:0,(anonymous_14)
FNDA:0,handleShapeMouseMove
FNDA:0,handleShapeMouseUp
FNDA:0,handlePenMouseDown
FNDA:0,handlePenMouseMove
FNDA:0,(anonymous_19)
FNDA:0,handlePenMouseUp
FNDA:0,handleConnectorMouseDown
FNDA:0,handleConnectorMouseMove
FNDA:0,handleConnectorMouseUp
FNDA:0,handleSectionMouseDown
FNDA:0,(anonymous_25)
FNDA:0,handleSectionMouseMove
FNDA:0,(anonymous_27)
FNDA:0,handleSectionMouseUp
FNDA:0,handleStickyNoteClick
FNDA:0,(anonymous_30)
FNDA:0,handleImageClick
FNDA:0,handleTableClick
FNDA:0,handleWheel
FNDA:0,dispatchCanvasEvent
FNDA:0,(anonymous_35)
FNDA:0,(anonymous_36)
FNDA:0,(anonymous_37)
FNDA:0,(anonymous_38)
FNDA:0,(anonymous_39)
FNDA:0,(anonymous_40)
FNDA:0,(anonymous_41)
FNDA:0,(anonymous_42)
DA:23,0
DA:28,0
DA:29,0
DA:30,0
DA:33,0
DA:36,0
DA:37,0
DA:40,0
DA:42,0
DA:43,0
DA:44,0
DA:45,0
DA:46,0
DA:49,0
DA:50,0
DA:51,0
DA:52,0
DA:55,0
DA:56,0
DA:62,0
DA:63,0
DA:64,0
DA:65,0
DA:68,0
DA:69,0
DA:70,0
DA:71,0
DA:75,0
DA:76,0
DA:77,0
DA:78,0
DA:81,0
DA:82,0
DA:83,0
DA:84,0
DA:87,0
DA:88,0
DA:91,0
DA:92,0
DA:95,0
DA:96,0
DA:100,0
DA:102,0
DA:107,0
DA:108,0
DA:109,0
DA:111,0
DA:112,0
DA:114,0
DA:117,0
DA:118,0
DA:120,0
DA:123,0
DA:124,0
DA:125,0
DA:131,0
DA:133,0
DA:134,0
DA:136,0
DA:137,0
DA:140,0
DA:141,0
DA:144,0
DA:145,0
DA:150,0
DA:152,0
DA:158,0
DA:159,0
DA:160,0
DA:164,0
DA:169,0
DA:170,0
DA:172,0
DA:173,0
DA:174,0
DA:177,0
DA:178,0
DA:180,0
DA:181,0
DA:183,0
DA:184,0
DA:186,0
DA:187,0
DA:188,0
DA:194,0
DA:195,0
DA:197,0
DA:198,0
DA:200,0
DA:201,0
DA:206,0
DA:207,0
DA:208,0
DA:210,0
DA:211,0
DA:212,0
DA:213,0
DA:217,0
DA:219,0
DA:220,0
DA:222,0
DA:223,0
DA:226,0
DA:227,0
DA:230,0
DA:231,0
DA:236,0
DA:237,0
DA:242,0
DA:243,0
DA:245,0
DA:246,0
DA:247,0
DA:250,0
DA:254,0
DA:255,0
DA:257,0
DA:258,0
DA:260,0
DA:262,0
DA:263,0
DA:278,0
DA:279,0
DA:280,0
DA:281,0
DA:285,0
DA:287,0
DA:288,0
DA:289,0
DA:291,0
DA:292,0
DA:293,0
DA:294,0
DA:297,0
DA:298,0
DA:300,0
DA:302,0
DA:313,0
DA:316,0
DA:326,0
DA:329,0
DA:340,0
DA:343,0
DA:355,0
DA:358,0
DA:359,0
DA:360,0
DA:361,0
DA:362,0
DA:368,0
DA:372,0
DA:373,0
DA:375,0
DA:376,0
DA:377,0
DA:382,0
DA:384,0
DA:385,0
DA:386,0
DA:388,0
DA:389,0
DA:390,0
DA:391,0
DA:396,0
DA:398,0
DA:399,0
DA:401,0
DA:402,0
DA:405,0
DA:406,0
DA:409,0
DA:410,0
DA:411,0
DA:416,0
DA:418,0
DA:419,0
DA:420,0
DA:423,0
DA:424,0
DA:428,0
DA:429,0
DA:431,0
DA:432,0
DA:434,0
DA:435,0
DA:437,0
DA:444,0
DA:445,0
DA:447,0
DA:448,0
DA:450,0
DA:454,0
DA:455,0
DA:457,0
DA:458,0
DA:460,0
DA:461,0
DA:463,0
DA:470,0
DA:472,0
DA:473,0
DA:474,0
DA:476,0
DA:477,0
DA:478,0
DA:479,0
DA:482,0
DA:483,0
DA:499,0
DA:500,0
DA:501,0
DA:502,0
DA:507,0
DA:509,0
DA:510,0
DA:512,0
DA:513,0
DA:516,0
DA:517,0
DA:520,0
DA:521,0
DA:529,0
DA:531,0
DA:532,0
DA:533,0
DA:535,0
DA:536,0
DA:537,0
DA:543,0
DA:544,0
DA:545,0
DA:546,0
DA:551,0
DA:552,0
DA:554,0
DA:555,0
DA:557,0
DA:559,0
DA:560,0
DA:576,0
DA:577,0
DA:578,0
DA:579,0
DA:583,0
DA:584,0
DA:586,0
DA:587,0
DA:589,0
DA:593,0
DA:594,0
DA:596,0
DA:597,0
DA:599,0
DA:603,0
DA:605,0
DA:606,0
DA:608,0
DA:609,0
DA:611,0
DA:612,0
DA:621,0
DA:624,0
DA:628,0
DA:629,0
DA:630,0
DA:633,0
DA:634,0
DA:635,0
DA:637,0
DA:638,0
DA:639,0
DA:641,0
DA:643,0
DA:649,0
DA:650,0
DA:651,0
DA:655,0
DA:656,0
DA:657,0
DA:660,0
DA:661,0
DA:667,0
DA:668,0
DA:669,0
DA:670,0
DA:675,0
LF:286
LH:0
BRDA:40,0,0,0
BRDA:40,0,1,0
BRDA:40,0,2,0
BRDA:40,0,3,0
BRDA:40,0,4,0
BRDA:40,0,5,0
BRDA:40,0,6,0
BRDA:40,0,7,0
BRDA:40,0,8,0
BRDA:40,0,9,0
BRDA:40,0,10,0
BRDA:40,0,11,0
BRDA:40,0,12,0
BRDA:40,0,13,0
BRDA:109,1,0,0
BRDA:109,1,1,0
BRDA:112,2,0,0
BRDA:112,2,1,0
BRDA:118,3,0,0
BRDA:118,3,1,0
BRDA:124,4,0,0
BRDA:124,4,1,0
BRDA:131,5,0,0
BRDA:131,5,1,0
BRDA:134,6,0,0
BRDA:134,6,1,0
BRDA:137,7,0,0
BRDA:137,7,1,0
BRDA:137,8,0,0
BRDA:137,8,1,0
BRDA:140,9,0,0
BRDA:140,9,1,0
BRDA:150,10,0,0
BRDA:150,10,1,0
BRDA:159,11,0,0
BRDA:159,11,1,0
BRDA:172,12,0,0
BRDA:172,12,1,0
BRDA:178,13,0,0
BRDA:178,13,1,0
BRDA:181,14,0,0
BRDA:181,14,1,0
BRDA:183,15,0,0
BRDA:183,15,1,0
BRDA:187,16,0,0
BRDA:187,16,1,0
BRDA:195,17,0,0
BRDA:195,17,1,0
BRDA:198,18,0,0
BRDA:198,18,1,0
BRDA:200,19,0,0
BRDA:200,19,1,0
BRDA:208,20,0,0
BRDA:208,20,1,0
BRDA:211,21,0,0
BRDA:211,21,1,0
BRDA:217,22,0,0
BRDA:217,22,1,0
BRDA:217,23,0,0
BRDA:217,23,1,0
BRDA:220,24,0,0
BRDA:220,24,1,0
BRDA:223,25,0,0
BRDA:223,25,1,0
BRDA:226,26,0,0
BRDA:226,26,1,0
BRDA:245,27,0,0
BRDA:245,27,1,0
BRDA:255,28,0,0
BRDA:255,28,1,0
BRDA:258,29,0,0
BRDA:258,29,1,0
BRDA:285,30,0,0
BRDA:285,30,1,0
BRDA:289,31,0,0
BRDA:289,31,1,0
BRDA:292,32,0,0
BRDA:292,32,1,0
BRDA:300,33,0,0
BRDA:300,33,1,0
BRDA:300,33,2,0
BRDA:300,33,3,0
BRDA:358,34,0,0
BRDA:358,34,1,0
BRDA:375,35,0,0
BRDA:375,35,1,0
BRDA:382,36,0,0
BRDA:382,36,1,0
BRDA:386,37,0,0
BRDA:386,37,1,0
BRDA:389,38,0,0
BRDA:389,38,1,0
BRDA:396,39,0,0
BRDA:396,39,1,0
BRDA:399,40,0,0
BRDA:399,40,1,0
BRDA:402,41,0,0
BRDA:402,41,1,0
BRDA:405,42,0,0
BRDA:405,42,1,0
BRDA:418,43,0,0
BRDA:418,43,1,0
BRDA:429,44,0,0
BRDA:429,44,1,0
BRDA:432,45,0,0
BRDA:432,45,1,0
BRDA:439,46,0,0
BRDA:439,46,1,0
BRDA:445,47,0,0
BRDA:445,47,1,0
BRDA:448,48,0,0
BRDA:448,48,1,0
BRDA:455,49,0,0
BRDA:455,49,1,0
BRDA:458,50,0,0
BRDA:458,50,1,0
BRDA:465,51,0,0
BRDA:465,51,1,0
BRDA:470,52,0,0
BRDA:470,52,1,0
BRDA:474,53,0,0
BRDA:474,53,1,0
BRDA:477,54,0,0
BRDA:477,54,1,0
BRDA:507,55,0,0
BRDA:507,55,1,0
BRDA:507,56,0,0
BRDA:507,56,1,0
BRDA:510,57,0,0
BRDA:510,57,1,0
BRDA:513,58,0,0
BRDA:513,58,1,0
BRDA:516,59,0,0
BRDA:516,59,1,0
BRDA:529,60,0,0
BRDA:529,60,1,0
BRDA:529,61,0,0
BRDA:529,61,1,0
BRDA:533,62,0,0
BRDA:533,62,1,0
BRDA:536,63,0,0
BRDA:536,63,1,0
BRDA:544,64,0,0
BRDA:544,64,1,0
BRDA:552,65,0,0
BRDA:552,65,1,0
BRDA:555,66,0,0
BRDA:555,66,1,0
BRDA:584,67,0,0
BRDA:584,67,1,0
BRDA:587,68,0,0
BRDA:587,68,1,0
BRDA:594,69,0,0
BRDA:594,69,1,0
BRDA:597,70,0,0
BRDA:597,70,1,0
BRDA:606,71,0,0
BRDA:606,71,1,0
BRDA:609,72,0,0
BRDA:609,72,1,0
BRDA:630,73,0,0
BRDA:630,73,1,0
BRDA:635,74,0,0
BRDA:635,74,1,0
BRDA:637,75,0,0
BRDA:637,75,1,0
BRDA:638,76,0,0
BRDA:638,76,1,0
BRDA:660,77,0,0
BRDA:660,77,1,0
BRDA:669,78,0,0
BRDA:669,78,1,0
BRF:172
BRH:0
end_of_record
TN:
SF:src\features\canvas\components\CanvasIntegrationWrapper.tsx
FN:39,(anonymous_0)
FN:55,(anonymous_1)
FN:60,(anonymous_2)
FN:79,(anonymous_3)
FN:93,(anonymous_4)
FN:109,(anonymous_5)
FN:156,(anonymous_6)
FN:161,(anonymous_7)
FN:164,(anonymous_8)
FN:168,(anonymous_9)
FN:186,(anonymous_10)
FN:205,(anonymous_11)
FN:216,(anonymous_12)
FN:231,(anonymous_13)
FN:241,(anonymous_14)
FN:251,(anonymous_15)
FN:259,(anonymous_16)
FNF:17
FNH:0
FNDA:0,(anonymous_0)
FNDA:0,(anonymous_1)
FNDA:0,(anonymous_2)
FNDA:0,(anonymous_3)
FNDA:0,(anonymous_4)
FNDA:0,(anonymous_5)
FNDA:0,(anonymous_6)
FNDA:0,(anonymous_7)
FNDA:0,(anonymous_8)
FNDA:0,(anonymous_9)
FNDA:0,(anonymous_10)
FNDA:0,(anonymous_11)
FNDA:0,(anonymous_12)
FNDA:0,(anonymous_13)
FNDA:0,(anonymous_14)
FNDA:0,(anonymous_15)
FNDA:0,(anonymous_16)
DA:39,0
DA:40,0
DA:41,0
DA:44,0
DA:51,0
DA:52,0
DA:55,0
DA:56,0
DA:58,0
DA:60,0
DA:61,0
DA:62,0
DA:64,0
DA:71,0
DA:79,0
DA:80,0
DA:81,0
DA:83,0
DA:84,0
DA:87,0
DA:88,0
DA:93,0
DA:95,0
DA:96,0
DA:101,0
DA:104,0
DA:105,0
DA:109,0
DA:110,0
DA:111,0
DA:115,0
DA:124,0
DA:125,0
DA:134,0
DA:157,0
DA:158,0
DA:162,0
DA:165,0
DA:169,0
DA:170,0
DA:177,0
DA:186,0
DA:187,0
DA:188,0
DA:191,0
DA:205,0
DA:206,0
DA:207,0
DA:210,0
DA:216,0
DA:227,0
DA:232,0
DA:233,0
DA:234,0
DA:235,0
DA:242,0
DA:243,0
DA:244,0
DA:245,0
DA:252,0
DA:253,0
DA:260,0
DA:261,0
DA:262,0
DA:265,0
DA:269,0
DA:270,0
LF:67
LH:0
BRDA:56,0,0,0
BRDA:56,0,1,0
BRDA:66,1,0,0
BRDA:66,1,1,0
BRDA:66,2,0,0
BRDA:66,2,1,0
BRDA:71,3,0,0
BRDA:71,3,1,0
BRDA:71,4,0,0
BRDA:71,4,1,0
BRDA:84,5,0,0
BRDA:84,5,1,0
BRDA:87,6,0,0
BRDA:87,6,1,0
BRDA:95,7,0,0
BRDA:95,7,1,0
BRDA:95,8,0,0
BRDA:95,8,1,0
BRDA:99,9,0,0
BRDA:99,9,1,0
BRDA:110,10,0,0
BRDA:110,10,1,0
BRDA:110,11,0,0
BRDA:110,11,1,0
BRDA:124,12,0,0
BRDA:124,12,1,0
BRDA:124,13,0,0
BRDA:124,13,1,0
BRDA:128,14,0,0
BRDA:128,14,1,0
BRDA:137,15,0,0
BRDA:137,15,1,0
BRDA:138,16,0,0
BRDA:138,16,1,0
BRDA:165,17,0,0
BRDA:165,17,1,0
BRDA:169,18,0,0
BRDA:169,18,1,0
BRDA:187,19,0,0
BRDA:187,19,1,0
BRDA:187,20,0,0
BRDA:187,20,1,0
BRDA:195,21,0,0
BRDA:195,21,1,0
BRDA:195,22,0,0
BRDA:195,22,1,0
BRDA:196,23,0,0
BRDA:196,23,1,0
BRDA:196,24,0,0
BRDA:196,24,1,0
BRDA:206,25,0,0
BRDA:206,25,1,0
BRDA:206,26,0,0
BRDA:206,26,1,0
BRDA:253,27,0,0
BRDA:253,27,1,0
BRDA:260,28,0,0
BRDA:260,28,1,0
BRF:58
BRH:0
end_of_record
TN:
SF:src\features\canvas\components\CanvasSidebar.tsx
FN:28,(anonymous_0)
FN:37,(anonymous_1)
FN:38,(anonymous_2)
FN:39,(anonymous_3)
FN:40,(anonymous_4)
FN:43,(anonymous_5)
FN:48,(anonymous_6)
FN:55,(anonymous_7)
FN:75,(anonymous_8)
FN:87,(anonymous_9)
FN:101,(anonymous_10)
FN:108,(anonymous_11)
FN:119,(anonymous_12)
FN:134,(anonymous_13)
FN:149,(anonymous_14)
FN:170,(anonymous_15)
FN:177,(anonymous_16)
FN:189,(anonymous_17)
FN:198,(anonymous_18)
FN:213,(anonymous_19)
FN:228,(anonymous_20)
FN:229,(anonymous_21)
FN:249,(anonymous_22)
FN:250,(anonymous_23)
FN:258,(anonymous_24)
FN:261,(anonymous_25)
FN:274,(anonymous_26)
FN:290,(anonymous_27)
FN:346,(anonymous_28)
FN:350,(anonymous_29)
FN:376,(anonymous_30)
FN:380,(anonymous_31)
FN:400,(anonymous_32)
FN:410,(anonymous_33)
FN:416,(anonymous_34)
FN:446,(anonymous_35)
FN:448,(anonymous_36)
FN:456,(anonymous_37)
FN:472,(anonymous_38)
FN:483,(anonymous_39)
FN:487,(anonymous_40)
FN:492,(anonymous_41)
FNF:42
FNH:0
FNDA:0,(anonymous_0)
FNDA:0,(anonymous_1)
FNDA:0,(anonymous_2)
FNDA:0,(anonymous_3)
FNDA:0,(anonymous_4)
FNDA:0,(anonymous_5)
FNDA:0,(anonymous_6)
FNDA:0,(anonymous_7)
FNDA:0,(anonymous_8)
FNDA:0,(anonymous_9)
FNDA:0,(anonymous_10)
FNDA:0,(anonymous_11)
FNDA:0,(anonymous_12)
FNDA:0,(anonymous_13)
FNDA:0,(anonymous_14)
FNDA:0,(anonymous_15)
FNDA:0,(anonymous_16)
FNDA:0,(anonymous_17)
FNDA:0,(anonymous_18)
FNDA:0,(anonymous_19)
FNDA:0,(anonymous_20)
FNDA:0,(anonymous_21)
FNDA:0,(anonymous_22)
FNDA:0,(anonymous_23)
FNDA:0,(anonymous_24)
FNDA:0,(anonymous_25)
FNDA:0,(anonymous_26)
FNDA:0,(anonymous_27)
FNDA:0,(anonymous_28)
FNDA:0,(anonymous_29)
FNDA:0,(anonymous_30)
FNDA:0,(anonymous_31)
FNDA:0,(anonymous_32)
FNDA:0,(anonymous_33)
FNDA:0,(anonymous_34)
FNDA:0,(anonymous_35)
FNDA:0,(anonymous_36)
FNDA:0,(anonymous_37)
FNDA:0,(anonymous_38)
FNDA:0,(anonymous_39)
FNDA:0,(anonymous_40)
FNDA:0,(anonymous_41)
DA:28,0
DA:29,0
DA:30,0
DA:31,0
DA:32,0
DA:33,0
DA:34,0
DA:37,0
DA:38,0
DA:39,0
DA:40,0
DA:43,0
DA:44,0
DA:48,0
DA:49,0
DA:52,0
DA:55,0
DA:56,0
DA:57,0
DA:62,0
DA:63,0
DA:64,0
DA:67,0
DA:68,0
DA:69,0
DA:70,0
DA:72,0
DA:75,0
DA:76,0
DA:77,0
DA:78,0
DA:79,0
DA:82,0
DA:83,0
DA:84,0
DA:85,0
DA:87,0
DA:88,0
DA:94,0
DA:95,0
DA:96,0
DA:101,0
DA:102,0
DA:108,0
DA:109,0
DA:110,0
DA:119,0
DA:120,0
DA:123,0
DA:128,0
DA:134,0
DA:135,0
DA:136,0
DA:142,0
DA:145,0
DA:146,0
DA:149,0
DA:151,0
DA:152,0
DA:156,0
DA:157,0
DA:161,0
DA:162,0
DA:163,0
DA:166,0
DA:169,0
DA:170,0
DA:171,0
DA:176,0
DA:177,0
DA:178,0
DA:183,0
DA:186,0
DA:189,0
DA:190,0
DA:191,0
DA:192,0
DA:193,0
DA:194,0
DA:195,0
DA:198,0
DA:199,0
DA:200,0
DA:201,0
DA:204,0
DA:207,0
DA:210,0
DA:213,0
DA:214,0
DA:215,0
DA:218,0
DA:219,0
DA:220,0
DA:221,0
DA:225,0
DA:228,0
DA:229,0
DA:230,0
DA:232,0
DA:238,0
DA:239,0
DA:240,0
DA:243,0
DA:244,0
DA:245,0
DA:246,0
DA:249,0
DA:250,0
DA:251,0
DA:253,0
DA:254,0
DA:255,0
DA:258,0
DA:259,0
DA:261,0
DA:262,0
DA:263,0
DA:265,0
DA:268,0
DA:269,0
DA:270,0
DA:271,0
DA:274,0
DA:275,0
DA:276,0
DA:277,0
DA:279,0
DA:280,0
DA:281,0
DA:282,0
DA:283,0
DA:284,0
DA:286,0
DA:290,0
DA:291,0
DA:294,0
DA:347,0
DA:351,0
DA:377,0
DA:381,0
DA:400,0
DA:411,0
DA:416,0
DA:446,0
DA:449,0
DA:450,0
DA:451,0
DA:452,0
DA:456,0
DA:473,0
DA:474,0
DA:483,0
DA:487,0
DA:492,0
LF:154
LH:0
BRDA:52,0,0,0
BRDA:52,0,1,0
BRDA:56,1,0,0
BRDA:56,1,1,0
BRDA:77,2,0,0
BRDA:77,2,1,0
BRDA:82,3,0,0
BRDA:82,3,1,0
BRDA:82,4,0,0
BRDA:82,4,1,0
BRDA:84,5,0,0
BRDA:84,5,1,0
BRDA:120,6,0,0
BRDA:120,6,1,0
BRDA:135,7,0,0
BRDA:135,7,1,0
BRDA:151,8,0,0
BRDA:151,8,1,0
BRDA:156,9,0,0
BRDA:156,9,1,0
BRDA:156,10,0,0
BRDA:156,10,1,0
BRDA:162,11,0,0
BRDA:162,11,1,0
BRDA:169,12,0,0
BRDA:169,12,1,0
BRDA:176,13,0,0
BRDA:176,13,1,0
BRDA:176,14,0,0
BRDA:176,14,1,0
BRDA:199,15,0,0
BRDA:199,15,1,0
BRDA:207,16,0,0
BRDA:207,16,1,0
BRDA:218,17,0,0
BRDA:218,17,1,0
BRDA:218,18,0,0
BRDA:218,18,1,0
BRDA:220,19,0,0
BRDA:220,19,1,0
BRDA:230,20,0,0
BRDA:230,20,1,0
BRDA:239,21,0,0
BRDA:239,21,1,0
BRDA:251,22,0,0
BRDA:251,22,1,0
BRDA:259,23,0,0
BRDA:259,23,1,0
BRDA:259,24,0,0
BRDA:259,24,1,0
BRDA:262,25,0,0
BRDA:262,25,1,0
BRDA:279,26,0,0
BRDA:279,26,1,0
BRDA:281,27,0,0
BRDA:281,27,1,0
BRDA:283,28,0,0
BRDA:283,28,1,0
BRDA:298,29,0,0
BRDA:298,29,1,0
BRDA:303,30,0,0
BRDA:303,30,1,0
BRDA:414,31,0,0
BRDA:414,31,1,0
BRDA:419,32,0,0
BRDA:419,32,1,0
BRDA:426,33,0,0
BRDA:426,33,1,0
BRDA:442,34,0,0
BRDA:442,34,1,0
BRDA:449,35,0,0
BRDA:449,35,1,0
BRDA:450,36,0,0
BRDA:450,36,1,0
BRDA:474,37,0,0
BRDA:474,37,1,0
BRDA:481,38,0,0
BRDA:481,38,1,0
BRF:78
BRH:0
end_of_record
TN:
SF:src\features\canvas\components\ColorPicker.tsx
FN:23,(anonymous_0)
FN:62,(anonymous_1)
FN:65,(anonymous_2)
FNF:3
FNH:0
FNDA:0,(anonymous_0)
FNDA:0,(anonymous_1)
FNDA:0,(anonymous_2)
DA:23,0
DA:29,0
DA:46,0
DA:63,0
DA:65,0
LF:5
LH:0
BRDA:26,0,0,0
BRDA:27,1,0,0
BRDA:29,2,0,0
BRDA:29,2,1,0
BRDA:54,3,0,0
BRDA:54,3,1,0
BRDA:57,4,0,0
BRDA:57,4,1,0
BRDA:65,5,0,0
BRDA:65,5,1,0
BRDA:71,6,0,0
BRDA:71,6,1,0
BRDA:74,7,0,0
BRDA:74,7,1,0
BRDA:77,8,0,0
BRDA:77,8,1,0
BRDA:79,9,0,0
BRDA:79,9,1,0
BRF:18
BRH:0
end_of_record
TN:
SF:src\features\canvas\components\ConnectorRenderer.tsx
FN:17,(anonymous_0)
FN:24,(anonymous_1)
FN:51,(anonymous_2)
FN:53,(anonymous_3)
FN:105,(anonymous_4)
FNF:5
FNH:0
FNDA:0,(anonymous_0)
FNDA:0,(anonymous_1)
FNDA:0,(anonymous_2)
FNDA:0,(anonymous_3)
FNDA:0,(anonymous_4)
DA:16,0
DA:19,0
DA:20,0
DA:24,0
DA:26,0
DA:27,0
DA:29,0
DA:30,0
DA:31,0
DA:32,0
DA:33,0
DA:38,0
DA:51,0
DA:53,0
DA:54,0
DA:55,0
DA:62,0
DA:63,0
DA:65,0
DA:73,0
DA:74,0
DA:84,0
DA:85,0
DA:93,0
DA:94,0
DA:96,0
DA:105,0
DA:106,0
DA:107,0
DA:114,0
DA:116,0
DA:135,0
DA:137,0
DA:138,0
DA:150,0
DA:154,0
LF:36
LH:0
BRDA:17,0,0,0
BRDA:19,1,0,0
BRDA:19,1,1,0
BRDA:19,2,0,0
BRDA:19,2,1,0
BRDA:19,2,2,0
BRDA:19,2,3,0
BRDA:29,3,0,0
BRDA:29,3,1,0
BRDA:31,4,0,0
BRDA:31,4,1,0
BRDA:42,5,0,0
BRDA:42,5,1,0
BRDA:42,6,0,0
BRDA:42,6,1,0
BRDA:43,7,0,0
BRDA:43,7,1,0
BRDA:43,8,0,0
BRDA:43,8,1,0
BRDA:44,9,0,0
BRDA:44,9,1,0
BRDA:44,10,0,0
BRDA:44,10,1,0
BRDA:54,11,0,0
BRDA:54,11,1,0
BRDA:63,12,0,0
BRDA:63,12,1,0
BRDA:84,13,0,0
BRDA:84,13,1,0
BRDA:84,14,0,0
BRDA:84,14,1,0
BRDA:99,15,0,0
BRDA:99,15,1,0
BRDA:100,16,0,0
BRDA:100,16,1,0
BRDA:106,17,0,0
BRDA:106,17,1,0
BRDA:106,18,0,0
BRDA:106,18,1,0
BRDA:118,19,0,0
BRDA:118,19,1,0
BRDA:119,20,0,0
BRDA:119,20,1,0
BRDA:120,21,0,0
BRDA:120,21,1,0
BRDA:120,21,2,0
BRDA:127,22,0,0
BRDA:127,22,1,0
BRDA:135,23,0,0
BRDA:135,23,1,0
BRDA:137,24,0,0
BRDA:137,24,1,0
BRDA:142,25,0,0
BRDA:142,25,1,0
BRDA:143,26,0,0
BRDA:143,26,1,0
BRDA:144,27,0,0
BRDA:144,27,1,0
BRF:58
BRH:0
end_of_record
TN:
SF:src\features\canvas\components\ConnectorTool.tsx
FN:44,(anonymous_0)
FN:65,(anonymous_1)
FN:70,(anonymous_2)
FN:83,(anonymous_3)
FN:97,(anonymous_4)
FN:122,(anonymous_5)
FN:159,(anonymous_6)
FN:186,(anonymous_7)
FN:193,(anonymous_8)
FN:241,(anonymous_9)
FN:252,(anonymous_10)
FNF:11
FNH:0
FNDA:0,(anonymous_0)
FNDA:0,(anonymous_1)
FNDA:0,(anonymous_2)
FNDA:0,(anonymous_3)
FNDA:0,(anonymous_4)
FNDA:0,(anonymous_5)
FNDA:0,(anonymous_6)
FNDA:0,(anonymous_7)
FNDA:0,(anonymous_8)
FNDA:0,(anonymous_9)
FNDA:0,(anonymous_10)
DA:41,0
DA:44,0
DA:45,0
DA:47,0
DA:48,0
DA:50,0
DA:52,0
DA:54,0
DA:56,0
DA:58,0
DA:61,0
DA:65,0
DA:67,0
DA:70,0
DA:71,0
DA:83,0
DA:87,0
DA:89,0
DA:97,0
DA:98,0
DA:100,0
DA:101,0
DA:104,0
DA:106,0
DA:107,0
DA:108,0
DA:112,0
DA:113,0
DA:114,0
DA:119,0
DA:122,0
DA:123,0
DA:125,0
DA:126,0
DA:129,0
DA:130,0
DA:133,0
DA:134,0
DA:135,0
DA:138,0
DA:140,0
DA:149,0
DA:151,0
DA:159,0
DA:160,0
DA:162,0
DA:163,0
DA:166,0
DA:167,0
DA:170,0
DA:171,0
DA:172,0
DA:175,0
DA:177,0
DA:186,0
DA:193,0
DA:194,0
DA:197,0
DA:204,0
DA:206,0
DA:207,0
DA:221,0
DA:226,0
DA:229,0
DA:237,0
DA:241,0
DA:242,0
DA:244,0
DA:246,0
DA:247,0
DA:248,0
DA:250,0
DA:252,0
DA:253,0
DA:254,0
DA:255,0
DA:256,0
DA:261,0
DA:262,0
DA:266,0
DA:269,0
DA:272,0
DA:273,0
DA:288,0
DA:289,0
DA:304,0
DA:327,0
LF:87
LH:0
BRDA:47,0,0,0
BRDA:47,0,1,0
BRDA:47,1,0,0
BRDA:47,1,1,0
BRDA:48,2,0,0
BRDA:48,2,1,0
BRDA:48,3,0,0
BRDA:48,3,1,0
BRDA:50,4,0,0
BRDA:50,4,1,0
BRDA:50,4,2,0
BRDA:50,4,3,0
BRDA:50,4,4,0
BRDA:50,4,5,0
BRDA:101,5,0,0
BRDA:101,5,1,0
BRDA:112,6,0,0
BRDA:112,6,1,0
BRDA:123,7,0,0
BRDA:123,7,1,0
BRDA:126,8,0,0
BRDA:126,8,1,0
BRDA:130,9,0,0
BRDA:130,9,1,0
BRDA:140,10,0,0
BRDA:140,10,1,0
BRDA:160,11,0,0
BRDA:160,11,1,0
BRDA:160,12,0,0
BRDA:160,12,1,0
BRDA:160,12,2,0
BRDA:163,13,0,0
BRDA:163,13,1,0
BRDA:167,14,0,0
BRDA:167,14,1,0
BRDA:177,15,0,0
BRDA:177,15,1,0
BRDA:194,16,0,0
BRDA:194,16,1,0
BRDA:194,17,0,0
BRDA:194,17,1,0
BRDA:194,17,2,0
BRDA:194,17,3,0
BRDA:223,18,0,0
BRDA:223,18,1,0
BRDA:242,19,0,0
BRDA:242,19,1,0
BRDA:242,20,0,0
BRDA:242,20,1,0
BRDA:261,21,0,0
BRDA:261,21,1,0
BRDA:261,22,0,0
BRDA:261,22,1,0
BRDA:261,22,2,0
BRDA:261,22,3,0
BRDA:272,23,0,0
BRDA:272,23,1,0
BRDA:288,24,0,0
BRDA:288,24,1,0
BRDA:304,25,0,0
BRDA:304,25,1,0
BRF:61
BRH:0
end_of_record
TN:
SF:src\features\canvas\components\ElementRenderer.tsx
FN:37,(anonymous_0)
FN:51,(anonymous_1)
FN:52,(anonymous_2)
FN:91,(anonymous_3)
FN:92,(anonymous_4)
FN:93,(anonymous_5)
FNF:6
FNH:0
FNDA:0,(anonymous_0)
FNDA:0,(anonymous_1)
FNDA:0,(anonymous_2)
FNDA:0,(anonymous_3)
FNDA:0,(anonymous_4)
FNDA:0,(anonymous_5)
DA:37,0
DA:45,0
DA:51,0
DA:52,0
DA:56,0
DA:63,0
DA:64,0
DA:66,0
DA:67,0
DA:69,0
DA:70,0
DA:72,0
DA:73,0
DA:75,0
DA:76,0
DA:78,0
DA:79,0
DA:81,0
DA:82,0
DA:84,0
DA:85,0
DA:86,0
DA:87,0
DA:91,0
DA:92,0
DA:93,0
DA:99,0
LF:27
LH:0
BRDA:63,0,0,0
BRDA:63,0,1,0
BRDA:66,1,0,0
BRDA:66,1,1,0
BRDA:69,2,0,0
BRDA:69,2,1,0
BRDA:72,3,0,0
BRDA:72,3,1,0
BRDA:75,4,0,0
BRDA:75,4,1,0
BRDA:78,5,0,0
BRDA:78,5,1,0
BRDA:81,6,0,0
BRDA:81,6,1,0
BRDA:84,7,0,0
BRDA:84,7,1,0
BRDA:86,8,0,0
BRDA:86,8,1,0
BRF:18
BRH:0
end_of_record
TN:
SF:src\features\canvas\components\EnhancedTableElement.tsx
FN:19,(anonymous_0)
FN:23,(anonymous_1)
FN:31,(anonymous_2)
FN:50,(anonymous_3)
FN:52,(anonymous_4)
FN:53,(anonymous_5)
FN:58,(anonymous_6)
FN:63,(anonymous_7)
FN:89,(anonymous_8)
FN:109,(anonymous_9)
FN:172,(anonymous_10)
FN:173,(anonymous_11)
FN:185,(anonymous_12)
FN:201,(anonymous_13)
FN:206,(anonymous_14)
FN:223,(anonymous_15)
FN:233,(anonymous_16)
FN:234,(anonymous_17)
FN:250,(anonymous_18)
FN:258,(anonymous_19)
FN:259,(anonymous_20)
FN:262,(anonymous_21)
FN:270,(anonymous_22)
FN:280,(anonymous_23)
FN:307,(anonymous_24)
FN:314,(anonymous_25)
FN:334,(anonymous_26)
FN:350,(anonymous_27)
FN:356,(anonymous_28)
FN:384,(anonymous_29)
FN:412,(anonymous_30)
FN:448,(anonymous_31)
FN:458,(anonymous_32)
FN:464,(anonymous_33)
FN:470,(anonymous_34)
FN:507,(anonymous_35)
FN:562,(anonymous_36)
FN:584,(anonymous_37)
FN:585,(anonymous_38)
FN:589,(anonymous_39)
FN:603,(anonymous_40)
FN:617,(anonymous_41)
FN:633,(anonymous_42)
FN:638,(anonymous_43)
FN:686,(anonymous_44)
FN:691,(anonymous_45)
FN:700,(anonymous_46)
FN:709,(anonymous_47)
FN:714,(anonymous_48)
FN:721,(anonymous_49)
FN:730,(anonymous_50)
FN:735,(anonymous_51)
FN:742,(anonymous_52)
FN:750,(anonymous_53)
FN:751,(anonymous_54)
FN:756,(anonymous_55)
FN:776,(anonymous_56)
FN:777,(anonymous_57)
FN:798,(anonymous_58)
FN:800,(anonymous_59)
FN:801,(anonymous_60)
FN:802,(anonymous_61)
FN:843,(anonymous_62)
FN:845,(anonymous_63)
FN:861,(anonymous_64)
FN:862,(anonymous_65)
FN:955,(anonymous_66)
FN:1046,(anonymous_67)
FN:1047,(anonymous_68)
FN:1051,(anonymous_69)
FN:1070,(anonymous_70)
FN:1071,(anonymous_71)
FN:1075,(anonymous_72)
FN:1094,(anonymous_73)
FN:1095,(anonymous_74)
FN:1099,(anonymous_75)
FN:1118,(anonymous_76)
FN:1119,(anonymous_77)
FN:1123,(anonymous_78)
FN:1142,(anonymous_79)
FN:1143,(anonymous_80)
FN:1147,(anonymous_81)
FN:1166,(anonymous_82)
FN:1167,(anonymous_83)
FN:1171,(anonymous_84)
FN:1190,(anonymous_85)
FN:1191,(anonymous_86)
FN:1195,(anonymous_87)
FN:1214,(anonymous_88)
FN:1215,(anonymous_89)
FN:1219,(anonymous_90)
FN:1228,(anonymous_91)
FN:1240,(anonymous_92)
FN:1244,(anonymous_93)
FN:1248,(anonymous_94)
FN:1258,(anonymous_95)
FN:1270,(anonymous_96)
FN:1274,(anonymous_97)
FN:1278,(anonymous_98)
FN:1303,(anonymous_99)
FN:1327,(anonymous_100)
FN:1366,(anonymous_101)
FN:1384,(anonymous_102)
FN:1388,(anonymous_103)
FN:1415,(anonymous_104)
FN:1445,(anonymous_105)
FN:1453,(anonymous_106)
FN:1457,(anonymous_107)
FN:1484,(anonymous_108)
FN:1490,(anonymous_109)
FN:1494,(anonymous_110)
FN:1519,(anonymous_111)
FN:1527,(anonymous_112)
FN:1531,(anonymous_113)
FN:1558,(anonymous_114)
FN:1564,(anonymous_115)
FN:1568,(anonymous_116)
FN:1607,(anonymous_117)
FN:1635,(anonymous_118)
FN:1656,(anonymous_119)
FN:1694,(anonymous_120)
FN:1703,(anonymous_121)
FN:1708,(anonymous_122)
FN:1719,(anonymous_123)
FN:1752,(anonymous_124)
FN:1766,(anonymous_125)
FN:1768,(anonymous_126)
FN:1782,(anonymous_127)
FN:1788,(anonymous_128)
FN:1798,(anonymous_129)
FN:1799,(anonymous_130)
FNF:131
FNH:0
FNDA:0,(anonymous_0)
FNDA:0,(anonymous_1)
FNDA:0,(anonymous_2)
FNDA:0,(anonymous_3)
FNDA:0,(anonymous_4)
FNDA:0,(anonymous_5)
FNDA:0,(anonymous_6)
FNDA:0,(anonymous_7)
FNDA:0,(anonymous_8)
FNDA:0,(anonymous_9)
FNDA:0,(anonymous_10)
FNDA:0,(anonymous_11)
FNDA:0,(anonymous_12)
FNDA:0,(anonymous_13)
FNDA:0,(anonymous_14)
FNDA:0,(anonymous_15)
FNDA:0,(anonymous_16)
FNDA:0,(anonymous_17)
FNDA:0,(anonymous_18)
FNDA:0,(anonymous_19)
FNDA:0,(anonymous_20)
FNDA:0,(anonymous_21)
FNDA:0,(anonymous_22)
FNDA:0,(anonymous_23)
FNDA:0,(anonymous_24)
FNDA:0,(anonymous_25)
FNDA:0,(anonymous_26)
FNDA:0,(anonymous_27)
FNDA:0,(anonymous_28)
FNDA:0,(anonymous_29)
FNDA:0,(anonymous_30)
FNDA:0,(anonymous_31)
FNDA:0,(anonymous_32)
FNDA:0,(anonymous_33)
FNDA:0,(anonymous_34)
FNDA:0,(anonymous_35)
FNDA:0,(anonymous_36)
FNDA:0,(anonymous_37)
FNDA:0,(anonymous_38)
FNDA:0,(anonymous_39)
FNDA:0,(anonymous_40)
FNDA:0,(anonymous_41)
FNDA:0,(anonymous_42)
FNDA:0,(anonymous_43)
FNDA:0,(anonymous_44)
FNDA:0,(anonymous_45)
FNDA:0,(anonymous_46)
FNDA:0,(anonymous_47)
FNDA:0,(anonymous_48)
FNDA:0,(anonymous_49)
FNDA:0,(anonymous_50)
FNDA:0,(anonymous_51)
FNDA:0,(anonymous_52)
FNDA:0,(anonymous_53)
FNDA:0,(anonymous_54)
FNDA:0,(anonymous_55)
FNDA:0,(anonymous_56)
FNDA:0,(anonymous_57)
FNDA:0,(anonymous_58)
FNDA:0,(anonymous_59)
FNDA:0,(anonymous_60)
FNDA:0,(anonymous_61)
FNDA:0,(anonymous_62)
FNDA:0,(anonymous_63)
FNDA:0,(anonymous_64)
FNDA:0,(anonymous_65)
FNDA:0,(anonymous_66)
FNDA:0,(anonymous_67)
FNDA:0,(anonymous_68)
FNDA:0,(anonymous_69)
FNDA:0,(anonymous_70)
FNDA:0,(anonymous_71)
FNDA:0,(anonymous_72)
FNDA:0,(anonymous_73)
FNDA:0,(anonymous_74)
FNDA:0,(anonymous_75)
FNDA:0,(anonymous_76)
FNDA:0,(anonymous_77)
FNDA:0,(anonymous_78)
FNDA:0,(anonymous_79)
FNDA:0,(anonymous_80)
FNDA:0,(anonymous_81)
FNDA:0,(anonymous_82)
FNDA:0,(anonymous_83)
FNDA:0,(anonymous_84)
FNDA:0,(anonymous_85)
FNDA:0,(anonymous_86)
FNDA:0,(anonymous_87)
FNDA:0,(anonymous_88)
FNDA:0,(anonymous_89)
FNDA:0,(anonymous_90)
FNDA:0,(anonymous_91)
FNDA:0,(anonymous_92)
FNDA:0,(anonymous_93)
FNDA:0,(anonymous_94)
FNDA:0,(anonymous_95)
FNDA:0,(anonymous_96)
FNDA:0,(anonymous_97)
FNDA:0,(anonymous_98)
FNDA:0,(anonymous_99)
FNDA:0,(anonymous_100)
FNDA:0,(anonymous_101)
FNDA:0,(anonymous_102)
FNDA:0,(anonymous_103)
FNDA:0,(anonymous_104)
FNDA:0,(anonymous_105)
FNDA:0,(anonymous_106)
FNDA:0,(anonymous_107)
FNDA:0,(anonymous_108)
FNDA:0,(anonymous_109)
FNDA:0,(anonymous_110)
FNDA:0,(anonymous_111)
FNDA:0,(anonymous_112)
FNDA:0,(anonymous_113)
FNDA:0,(anonymous_114)
FNDA:0,(anonymous_115)
FNDA:0,(anonymous_116)
FNDA:0,(anonymous_117)
FNDA:0,(anonymous_118)
FNDA:0,(anonymous_119)
FNDA:0,(anonymous_120)
FNDA:0,(anonymous_121)
FNDA:0,(anonymous_122)
FNDA:0,(anonymous_123)
FNDA:0,(anonymous_124)
FNDA:0,(anonymous_125)
FNDA:0,(anonymous_126)
FNDA:0,(anonymous_127)
FNDA:0,(anonymous_128)
FNDA:0,(anonymous_129)
FNDA:0,(anonymous_130)
DA:11,0
DA:12,0
DA:13,0
DA:14,0
DA:15,0
DA:16,0
DA:19,0
DA:20,0
DA:21,0
DA:23,0
DA:24,0
DA:26,0
DA:27,0
DA:28,0
DA:30,0
DA:31,0
DA:32,0
DA:33,0
DA:50,0
DA:51,0
DA:52,0
DA:53,0
DA:58,0
DA:59,0
DA:62,0
DA:66,0
DA:67,0
DA:68,0
DA:72,0
DA:75,0
DA:76,0
DA:77,0
DA:78,0
DA:79,0
DA:80,0
DA:82,0
DA:89,0
DA:91,0
DA:92,0
DA:100,0
DA:101,0
DA:102,0
DA:103,0
DA:104,0
DA:105,0
DA:106,0
DA:109,0
DA:110,0
DA:111,0
DA:115,0
DA:116,0
DA:117,0
DA:118,0
DA:121,0
DA:122,0
DA:125,0
DA:126,0
DA:127,0
DA:140,0
DA:142,0
DA:150,0
DA:152,0
DA:158,0
DA:159,0
DA:160,0
DA:163,0
DA:164,0
DA:167,0
DA:168,0
DA:172,0
DA:173,0
DA:176,0
DA:177,0
DA:180,0
DA:185,0
DA:186,0
DA:187,0
DA:188,0
DA:192,0
DA:193,0
DA:196,0
DA:201,0
DA:202,0
DA:203,0
DA:206,0
DA:207,0
DA:208,0
DA:209,0
DA:210,0
DA:211,0
DA:213,0
DA:223,0
DA:224,0
DA:225,0
DA:227,0
DA:229,0
DA:233,0
DA:234,0
DA:236,0
DA:238,0
DA:239,0
DA:240,0
DA:242,0
DA:243,0
DA:248,0
DA:249,0
DA:250,0
DA:254,0
DA:258,0
DA:259,0
DA:260,0
DA:261,0
DA:262,0
DA:266,0
DA:270,0
DA:271,0
DA:272,0
DA:273,0
DA:275,0
DA:280,0
DA:281,0
DA:282,0
DA:284,0
DA:286,0
DA:287,0
DA:288,0
DA:289,0
DA:292,0
DA:296,0
DA:297,0
DA:298,0
DA:299,0
DA:302,0
DA:307,0
DA:309,0
DA:310,0
DA:314,0
DA:315,0
DA:317,0
DA:319,0
DA:328,0
DA:331,0
DA:332,0
DA:334,0
DA:335,0
DA:339,0
DA:340,0
DA:344,0
DA:345,0
DA:350,0
DA:351,0
DA:352,0
DA:356,0
DA:357,0
DA:358,0
DA:360,0
DA:361,0
DA:362,0
DA:363,0
DA:366,0
DA:367,0
DA:368,0
DA:369,0
DA:370,0
DA:371,0
DA:373,0
DA:376,0
DA:379,0
DA:384,0
DA:385,0
DA:386,0
DA:388,0
DA:389,0
DA:390,0
DA:391,0
DA:393,0
DA:394,0
DA:395,0
DA:396,0
DA:397,0
DA:398,0
DA:399,0
DA:401,0
DA:404,0
DA:407,0
DA:412,0
DA:413,0
DA:414,0
DA:416,0
DA:417,0
DA:418,0
DA:419,0
DA:421,0
DA:422,0
DA:423,0
DA:424,0
DA:425,0
DA:426,0
DA:427,0
DA:429,0
DA:432,0
DA:435,0
DA:440,0
DA:441,0
DA:442,0
DA:443,0
DA:444,0
DA:445,0
DA:448,0
DA:449,0
DA:450,0
DA:451,0
DA:452,0
DA:453,0
DA:454,0
DA:457,0
DA:459,0
DA:463,0
DA:465,0
DA:470,0
DA:471,0
DA:473,0
DA:474,0
DA:475,0
DA:478,0
DA:479,0
DA:482,0
DA:483,0
DA:485,0
DA:486,0
DA:490,0
DA:491,0
DA:492,0
DA:493,0
DA:494,0
DA:496,0
DA:497,0
DA:498,0
DA:500,0
DA:501,0
DA:502,0
DA:507,0
DA:508,0
DA:509,0
DA:511,0
DA:512,0
DA:514,0
DA:516,0
DA:518,0
DA:519,0
DA:521,0
DA:523,0
DA:526,0
DA:527,0
DA:528,0
DA:529,0
DA:531,0
DA:532,0
DA:534,0
DA:535,0
DA:536,0
DA:538,0
DA:539,0
DA:541,0
DA:542,0
DA:543,0
DA:546,0
DA:549,0
DA:550,0
DA:557,0
DA:562,0
DA:568,0
DA:570,0
DA:571,0
DA:572,0
DA:573,0
DA:574,0
DA:578,0
DA:579,0
DA:580,0
DA:581,0
DA:584,0
DA:585,0
DA:587,0
DA:588,0
DA:589,0
DA:594,0
DA:600,0
DA:602,0
DA:603,0
DA:608,0
DA:614,0
DA:616,0
DA:617,0
DA:622,0
DA:630,0
DA:631,0
DA:633,0
DA:638,0
DA:643,0
DA:657,0
DA:658,0
DA:660,0
DA:661,0
DA:665,0
DA:666,0
DA:667,0
DA:668,0
DA:669,0
DA:670,0
DA:671,0
DA:672,0
DA:673,0
DA:677,0
DA:678,0
DA:681,0
DA:682,0
DA:686,0
DA:687,0
DA:688,0
DA:689,0
DA:691,0
DA:692,0
DA:695,0
DA:700,0
DA:701,0
DA:702,0
DA:703,0
DA:704,0
DA:706,0
DA:709,0
DA:710,0
DA:711,0
DA:712,0
DA:714,0
DA:715,0
DA:716,0
DA:721,0
DA:722,0
DA:723,0
DA:724,0
DA:725,0
DA:727,0
DA:730,0
DA:731,0
DA:732,0
DA:733,0
DA:735,0
DA:736,0
DA:737,0
DA:742,0
DA:743,0
DA:744,0
DA:745,0
DA:747,0
DA:750,0
DA:751,0
DA:752,0
DA:756,0
DA:757,0
DA:759,0
DA:761,0
DA:762,0
DA:764,0
DA:765,0
DA:766,0
DA:769,0
DA:770,0
DA:774,0
DA:776,0
DA:777,0
DA:778,0
DA:780,0
DA:798,0
DA:800,0
DA:801,0
DA:802,0
DA:806,0
DA:807,0
DA:820,0
DA:821,0
DA:834,0
DA:835,0
DA:843,0
DA:845,0
DA:852,0
DA:853,0
DA:861,0
DA:862,0
DA:871,0
DA:872,0
DA:873,0
DA:874,0
DA:876,0
DA:877,0
DA:878,0
DA:880,0
DA:882,0
DA:883,0
DA:884,0
DA:887,0
DA:888,0
DA:892,0
DA:896,0
DA:901,0
DA:902,0
DA:916,0
DA:919,0
DA:926,0
DA:942,0
DA:946,0
DA:947,0
DA:948,0
DA:949,0
DA:950,0
DA:951,0
DA:954,0
DA:955,0
DA:960,0
DA:992,0
DA:1000,0
DA:1002,0
DA:1003,0
DA:1006,0
DA:1009,0
DA:1012,0
DA:1029,0
DA:1032,0
DA:1034,0
DA:1046,0
DA:1048,0
DA:1049,0
DA:1052,0
DA:1053,0
DA:1058,0
DA:1070,0
DA:1072,0
DA:1073,0
DA:1076,0
DA:1077,0
DA:1082,0
DA:1094,0
DA:1096,0
DA:1097,0
DA:1100,0
DA:1101,0
DA:1106,0
DA:1118,0
DA:1120,0
DA:1121,0
DA:1124,0
DA:1125,0
DA:1130,0
DA:1142,0
DA:1144,0
DA:1145,0
DA:1148,0
DA:1149,0
DA:1154,0
DA:1166,0
DA:1168,0
DA:1169,0
DA:1172,0
DA:1173,0
DA:1178,0
DA:1190,0
DA:1192,0
DA:1193,0
DA:1196,0
DA:1197,0
DA:1202,0
DA:1214,0
DA:1216,0
DA:1217,0
DA:1220,0
DA:1221,0
DA:1227,0
DA:1228,0
DA:1229,0
DA:1241,0
DA:1242,0
DA:1245,0
DA:1246,0
DA:1249,0
DA:1250,0
DA:1257,0
DA:1258,0
DA:1259,0
DA:1271,0
DA:1272,0
DA:1275,0
DA:1276,0
DA:1279,0
DA:1280,0
DA:1288,0
DA:1290,0
DA:1291,0
DA:1292,0
DA:1293,0
DA:1295,0
DA:1303,0
DA:1314,0
DA:1315,0
DA:1316,0
DA:1317,0
DA:1319,0
DA:1327,0
DA:1338,0
DA:1339,0
DA:1341,0
DA:1354,0
DA:1367,0
DA:1368,0
DA:1369,0
DA:1370,0
DA:1371,0
DA:1372,0
DA:1373,0
DA:1374,0
DA:1376,0
DA:1377,0
DA:1379,0
DA:1381,0
DA:1385,0
DA:1386,0
DA:1389,0
DA:1390,0
DA:1395,0
DA:1412,0
DA:1416,0
DA:1417,0
DA:1418,0
DA:1430,0
DA:1431,0
DA:1433,0
DA:1446,0
DA:1447,0
DA:1448,0
DA:1450,0
DA:1454,0
DA:1455,0
DA:1458,0
DA:1459,0
DA:1464,0
DA:1481,0
DA:1485,0
DA:1486,0
DA:1487,0
DA:1491,0
DA:1492,0
DA:1494,0
DA:1495,0
DA:1504,0
DA:1505,0
DA:1507,0
DA:1520,0
DA:1521,0
DA:1522,0
DA:1524,0
DA:1528,0
DA:1529,0
DA:1532,0
DA:1533,0
DA:1538,0
DA:1555,0
DA:1559,0
DA:1560,0
DA:1561,0
DA:1565,0
DA:1566,0
DA:1568,0
DA:1569,0
DA:1579,0
DA:1580,0
DA:1582,0
DA:1598,0
DA:1607,0
DA:1611,0
DA:1619,0
DA:1635,0
DA:1636,0
DA:1637,0
DA:1638,0
DA:1642,0
DA:1643,0
DA:1646,0
DA:1647,0
DA:1648,0
DA:1651,0
DA:1652,0
DA:1653,0
DA:1656,0
DA:1657,0
DA:1658,0
DA:1661,0
DA:1662,0
DA:1664,0
DA:1665,0
DA:1666,0
DA:1668,0
DA:1669,0
DA:1672,0
DA:1673,0
DA:1676,0
DA:1677,0
DA:1678,0
DA:1679,0
DA:1681,0
DA:1690,0
DA:1693,0
DA:1694,0
DA:1697,0
DA:1698,0
DA:1699,0
DA:1700,0
DA:1703,0
DA:1704,0
DA:1705,0
DA:1708,0
DA:1709,0
DA:1710,0
DA:1711,0
DA:1712,0
DA:1713,0
DA:1714,0
DA:1719,0
DA:1720,0
DA:1721,0
DA:1725,0
DA:1726,0
DA:1727,0
DA:1728,0
DA:1731,0
DA:1752,0
DA:1753,0
DA:1754,0
DA:1755,0
DA:1756,0
DA:1757,0
DA:1759,0
DA:1760,0
DA:1761,0
DA:1762,0
DA:1766,0
DA:1768,0
DA:1769,0
DA:1770,0
DA:1775,0
DA:1776,0
DA:1779,0
DA:1782,0
DA:1783,0
DA:1784,0
DA:1788,0
DA:1789,0
DA:1790,0
DA:1791,0
DA:1792,0
DA:1798,0
DA:1799,0
DA:1800,0
DA:1801,0
DA:1803,0
DA:1804,0
DA:1806,0
DA:1807,0
DA:1813,0
DA:1816,0
LF:668
LH:0
BRDA:26,0,0,0
BRDA:26,0,1,0
BRDA:30,1,0,0
BRDA:30,1,1,0
BRDA:51,2,0,0
BRDA:51,2,1,0
BRDA:53,3,0,0
BRDA:53,3,1,0
BRDA:59,4,0,0
BRDA:59,4,1,0
BRDA:59,4,2,0
BRDA:66,5,0,0
BRDA:66,5,1,0
BRDA:91,6,0,0
BRDA:91,6,1,0
BRDA:150,7,0,0
BRDA:150,7,1,0
BRDA:158,8,0,0
BRDA:158,8,1,0
BRDA:163,9,0,0
BRDA:163,9,1,0
BRDA:164,10,0,0
BRDA:164,10,1,0
BRDA:167,11,0,0
BRDA:167,11,1,0
BRDA:167,12,0,0
BRDA:167,12,1,0
BRDA:172,13,0,0
BRDA:172,13,1,0
BRDA:173,14,0,0
BRDA:173,14,1,0
BRDA:176,15,0,0
BRDA:176,15,1,0
BRDA:177,16,0,0
BRDA:177,16,1,0
BRDA:180,17,0,0
BRDA:180,17,1,0
BRDA:192,18,0,0
BRDA:192,18,1,0
BRDA:209,19,0,0
BRDA:209,19,1,0
BRDA:211,20,0,0
BRDA:211,20,1,0
BRDA:216,21,0,0
BRDA:216,21,1,0
BRDA:217,22,0,0
BRDA:217,22,1,0
BRDA:224,23,0,0
BRDA:224,23,1,0
BRDA:234,24,0,0
BRDA:234,24,1,0
BRDA:234,25,0,0
BRDA:234,25,1,0
BRDA:236,26,0,0
BRDA:236,26,1,0
BRDA:240,27,0,0
BRDA:240,27,1,0
BRDA:240,28,0,0
BRDA:240,28,1,0
BRDA:248,29,0,0
BRDA:248,29,1,0
BRDA:260,30,0,0
BRDA:260,30,1,0
BRDA:280,31,0,0
BRDA:284,32,0,0
BRDA:284,32,1,0
BRDA:286,33,0,0
BRDA:286,33,1,0
BRDA:288,34,0,0
BRDA:288,34,1,0
BRDA:296,35,0,0
BRDA:296,35,1,0
BRDA:298,36,0,0
BRDA:298,36,1,0
BRDA:314,37,0,0
BRDA:314,38,0,0
BRDA:315,39,0,0
BRDA:315,39,1,0
BRDA:331,40,0,0
BRDA:331,40,1,0
BRDA:367,41,0,0
BRDA:367,41,1,0
BRDA:369,42,0,0
BRDA:369,42,1,0
BRDA:395,43,0,0
BRDA:395,43,1,0
BRDA:395,44,0,0
BRDA:395,44,1,0
BRDA:397,45,0,0
BRDA:397,45,1,0
BRDA:423,46,0,0
BRDA:423,46,1,0
BRDA:423,47,0,0
BRDA:423,47,1,0
BRDA:425,48,0,0
BRDA:425,48,1,0
BRDA:473,49,0,0
BRDA:473,49,1,0
BRDA:482,50,0,0
BRDA:482,50,1,0
BRDA:485,51,0,0
BRDA:485,51,1,0
BRDA:496,52,0,0
BRDA:496,52,1,0
BRDA:496,53,0,0
BRDA:496,53,1,0
BRDA:498,54,0,0
BRDA:498,54,1,0
BRDA:500,55,0,0
BRDA:500,55,1,0
BRDA:500,56,0,0
BRDA:500,56,1,0
BRDA:502,57,0,0
BRDA:502,57,1,0
BRDA:509,58,0,0
BRDA:509,58,1,0
BRDA:509,59,0,0
BRDA:509,59,1,0
BRDA:509,59,2,0
BRDA:514,60,0,0
BRDA:514,60,1,0
BRDA:514,61,0,0
BRDA:514,61,1,0
BRDA:514,61,2,0
BRDA:519,62,0,0
BRDA:519,62,1,0
BRDA:519,63,0,0
BRDA:519,63,1,0
BRDA:519,63,2,0
BRDA:528,64,0,0
BRDA:528,64,1,0
BRDA:529,65,0,0
BRDA:529,65,1,0
BRDA:531,66,0,0
BRDA:531,66,1,0
BRDA:534,67,0,0
BRDA:534,67,1,0
BRDA:538,68,0,0
BRDA:538,68,1,0
BRDA:541,69,0,0
BRDA:541,69,1,0
BRDA:549,70,0,0
BRDA:549,70,1,0
BRDA:549,71,0,0
BRDA:549,71,1,0
BRDA:568,72,0,0
BRDA:568,72,1,0
BRDA:568,73,0,0
BRDA:568,73,1,0
BRDA:574,74,0,0
BRDA:574,74,1,0
BRDA:574,75,0,0
BRDA:574,75,1,0
BRDA:578,76,0,0
BRDA:578,76,1,0
BRDA:578,77,0,0
BRDA:578,77,1,0
BRDA:578,77,2,0
BRDA:580,78,0,0
BRDA:580,78,1,0
BRDA:581,79,0,0
BRDA:581,79,1,0
BRDA:584,80,0,0
BRDA:584,80,1,0
BRDA:585,81,0,0
BRDA:585,81,1,0
BRDA:587,82,0,0
BRDA:587,82,1,0
BRDA:587,83,0,0
BRDA:587,83,1,0
BRDA:587,83,2,0
BRDA:591,84,0,0
BRDA:591,84,1,0
BRDA:600,85,0,0
BRDA:600,85,1,0
BRDA:600,86,0,0
BRDA:600,86,1,0
BRDA:600,86,2,0
BRDA:605,87,0,0
BRDA:605,87,1,0
BRDA:614,88,0,0
BRDA:614,88,1,0
BRDA:614,89,0,0
BRDA:614,89,1,0
BRDA:614,89,2,0
BRDA:614,89,3,0
BRDA:619,90,0,0
BRDA:619,90,1,0
BRDA:635,91,0,0
BRDA:635,91,1,0
BRDA:640,92,0,0
BRDA:640,92,1,0
BRDA:657,93,0,0
BRDA:657,93,1,0
BRDA:660,94,0,0
BRDA:660,94,1,0
BRDA:688,95,0,0
BRDA:688,95,1,0
BRDA:702,96,0,0
BRDA:702,96,1,0
BRDA:711,97,0,0
BRDA:711,97,1,0
BRDA:723,98,0,0
BRDA:723,98,1,0
BRDA:732,99,0,0
BRDA:732,99,1,0
BRDA:743,100,0,0
BRDA:743,100,1,0
BRDA:766,101,0,0
BRDA:766,101,1,0
BRDA:769,102,0,0
BRDA:769,102,1,0
BRDA:769,103,0,0
BRDA:769,103,1,0
BRDA:769,103,2,0
BRDA:770,104,0,0
BRDA:770,104,1,0
BRDA:774,105,0,0
BRDA:774,105,1,0
BRDA:776,106,0,0
BRDA:776,106,1,0
BRDA:777,107,0,0
BRDA:777,107,1,0
BRDA:785,108,0,0
BRDA:785,108,1,0
BRDA:786,109,0,0
BRDA:786,109,1,0
BRDA:788,110,0,0
BRDA:788,110,1,0
BRDA:788,111,0,0
BRDA:788,111,1,0
BRDA:790,112,0,0
BRDA:790,112,1,0
BRDA:790,113,0,0
BRDA:790,113,1,0
BRDA:792,114,0,0
BRDA:792,114,1,0
BRDA:792,115,0,0
BRDA:792,115,1,0
BRDA:806,116,0,0
BRDA:806,116,1,0
BRDA:811,117,0,0
BRDA:811,117,1,0
BRDA:812,118,0,0
BRDA:812,118,1,0
BRDA:820,119,0,0
BRDA:820,119,1,0
BRDA:824,120,0,0
BRDA:824,120,1,0
BRDA:827,121,0,0
BRDA:827,121,1,0
BRDA:834,122,0,0
BRDA:834,122,1,0
BRDA:841,123,0,0
BRDA:841,123,1,0
BRDA:845,124,0,0
BRDA:845,124,1,0
BRDA:845,125,0,0
BRDA:845,125,1,0
BRDA:852,126,0,0
BRDA:852,126,1,0
BRDA:858,127,0,0
BRDA:858,127,1,0
BRDA:862,128,0,0
BRDA:862,128,1,0
BRDA:862,129,0,0
BRDA:862,129,1,0
BRDA:871,130,0,0
BRDA:871,130,1,0
BRDA:871,131,0,0
BRDA:871,131,1,0
BRDA:871,131,2,0
BRDA:874,132,0,0
BRDA:874,132,1,0
BRDA:876,133,0,0
BRDA:876,133,1,0
BRDA:880,134,0,0
BRDA:880,134,1,0
BRDA:882,135,0,0
BRDA:882,135,1,0
BRDA:883,136,0,0
BRDA:883,136,1,0
BRDA:884,137,0,0
BRDA:884,137,1,0
BRDA:887,138,0,0
BRDA:887,138,1,0
BRDA:888,139,0,0
BRDA:888,139,1,0
BRDA:889,140,0,0
BRDA:889,140,1,0
BRDA:889,140,2,0
BRDA:890,141,0,0
BRDA:890,141,1,0
BRDA:890,141,2,0
BRDA:892,142,0,0
BRDA:892,142,1,0
BRDA:892,143,0,0
BRDA:892,143,1,0
BRDA:896,144,0,0
BRDA:896,144,1,0
BRDA:898,145,0,0
BRDA:898,145,1,0
BRDA:898,145,2,0
BRDA:901,146,0,0
BRDA:901,146,1,0
BRDA:901,147,0,0
BRDA:901,147,1,0
BRDA:909,148,0,0
BRDA:909,148,1,0
BRDA:909,148,2,0
BRDA:922,149,0,0
BRDA:922,149,1,0
BRDA:922,149,2,0
BRDA:933,150,0,0
BRDA:933,150,1,0
BRDA:933,150,2,0
BRDA:936,151,0,0
BRDA:936,151,1,0
BRDA:948,152,0,0
BRDA:948,152,1,0
BRDA:950,153,0,0
BRDA:950,153,1,0
BRDA:955,154,0,0
BRDA:955,154,1,0
BRDA:965,155,0,0
BRDA:965,155,1,0
BRDA:966,156,0,0
BRDA:966,156,1,0
BRDA:969,157,0,0
BRDA:969,157,1,0
BRDA:969,158,0,0
BRDA:969,158,1,0
BRDA:970,159,0,0
BRDA:970,159,1,0
BRDA:970,160,0,0
BRDA:970,160,1,0
BRDA:971,161,0,0
BRDA:971,161,1,0
BRDA:971,162,0,0
BRDA:971,162,1,0
BRDA:973,163,0,0
BRDA:973,163,1,0
BRDA:973,164,0,0
BRDA:973,164,1,0
BRDA:975,165,0,0
BRDA:975,165,1,0
BRDA:975,166,0,0
BRDA:975,166,1,0
BRDA:977,167,0,0
BRDA:977,167,1,0
BRDA:977,168,0,0
BRDA:977,168,1,0
BRDA:980,169,0,0
BRDA:980,169,1,0
BRDA:980,170,0,0
BRDA:980,170,1,0
BRDA:982,171,0,0
BRDA:982,171,1,0
BRDA:982,172,0,0
BRDA:982,172,1,0
BRDA:984,173,0,0
BRDA:984,173,1,0
BRDA:984,174,0,0
BRDA:984,174,1,0
BRDA:1006,175,0,0
BRDA:1006,175,1,0
BRDA:1006,175,2,0
BRDA:1006,175,3,0
BRDA:1006,175,4,0
BRDA:1006,175,5,0
BRDA:1020,176,0,0
BRDA:1020,176,1,0
BRDA:1021,177,0,0
BRDA:1021,177,1,0
BRDA:1032,178,0,0
BRDA:1032,178,1,0
BRDA:1032,179,0,0
BRDA:1032,179,1,0
BRDA:1049,180,0,0
BRDA:1049,180,1,0
BRDA:1053,181,0,0
BRDA:1053,181,1,0
BRDA:1073,182,0,0
BRDA:1073,182,1,0
BRDA:1077,183,0,0
BRDA:1077,183,1,0
BRDA:1097,184,0,0
BRDA:1097,184,1,0
BRDA:1101,185,0,0
BRDA:1101,185,1,0
BRDA:1121,186,0,0
BRDA:1121,186,1,0
BRDA:1125,187,0,0
BRDA:1125,187,1,0
BRDA:1145,188,0,0
BRDA:1145,188,1,0
BRDA:1149,189,0,0
BRDA:1149,189,1,0
BRDA:1169,190,0,0
BRDA:1169,190,1,0
BRDA:1173,191,0,0
BRDA:1173,191,1,0
BRDA:1193,192,0,0
BRDA:1193,192,1,0
BRDA:1197,193,0,0
BRDA:1197,193,1,0
BRDA:1217,194,0,0
BRDA:1217,194,1,0
BRDA:1221,195,0,0
BRDA:1221,195,1,0
BRDA:1228,196,0,0
BRDA:1228,196,1,0
BRDA:1246,197,0,0
BRDA:1246,197,1,0
BRDA:1250,198,0,0
BRDA:1250,198,1,0
BRDA:1258,199,0,0
BRDA:1258,199,1,0
BRDA:1276,200,0,0
BRDA:1276,200,1,0
BRDA:1280,201,0,0
BRDA:1280,201,1,0
BRDA:1288,202,0,0
BRDA:1288,202,1,0
BRDA:1288,203,0,0
BRDA:1288,203,1,0
BRDA:1293,204,0,0
BRDA:1293,204,1,0
BRDA:1317,205,0,0
BRDA:1317,205,1,0
BRDA:1338,206,0,0
BRDA:1338,206,1,0
BRDA:1344,207,0,0
BRDA:1344,207,1,0
BRDA:1345,208,0,0
BRDA:1345,208,1,0
BRDA:1346,209,0,0
BRDA:1346,209,1,0
BRDA:1347,210,0,0
BRDA:1347,210,1,0
BRDA:1372,211,0,0
BRDA:1372,211,1,0
BRDA:1386,212,0,0
BRDA:1386,212,1,0
BRDA:1390,213,0,0
BRDA:1390,213,1,0
BRDA:1402,214,0,0
BRDA:1402,214,1,0
BRDA:1416,215,0,0
BRDA:1416,215,1,0
BRDA:1430,216,0,0
BRDA:1430,216,1,0
BRDA:1430,217,0,0
BRDA:1430,217,1,0
BRDA:1430,217,2,0
BRDA:1430,217,3,0
BRDA:1455,218,0,0
BRDA:1455,218,1,0
BRDA:1459,219,0,0
BRDA:1459,219,1,0
BRDA:1471,220,0,0
BRDA:1471,220,1,0
BRDA:1485,221,0,0
BRDA:1485,221,1,0
BRDA:1491,222,0,0
BRDA:1491,222,1,0
BRDA:1504,223,0,0
BRDA:1504,223,1,0
BRDA:1504,224,0,0
BRDA:1504,224,1,0
BRDA:1504,224,2,0
BRDA:1504,224,3,0
BRDA:1529,225,0,0
BRDA:1529,225,1,0
BRDA:1533,226,0,0
BRDA:1533,226,1,0
BRDA:1545,227,0,0
BRDA:1545,227,1,0
BRDA:1559,228,0,0
BRDA:1559,228,1,0
BRDA:1565,229,0,0
BRDA:1565,229,1,0
BRDA:1579,230,0,0
BRDA:1579,230,1,0
BRDA:1628,231,0,0
BRDA:1628,231,1,0
BRDA:1636,232,0,0
BRDA:1636,232,1,0
BRDA:1636,233,0,0
BRDA:1636,233,1,0
BRDA:1642,234,0,0
BRDA:1642,234,1,0
BRDA:1643,235,0,0
BRDA:1643,235,1,0
BRDA:1648,236,0,0
BRDA:1648,236,1,0
BRDA:1653,237,0,0
BRDA:1653,237,1,0
BRDA:1658,238,0,0
BRDA:1658,238,1,0
BRDA:1662,239,0,0
BRDA:1662,239,1,0
BRDA:1666,240,0,0
BRDA:1666,240,1,0
BRDA:1720,241,0,0
BRDA:1720,241,1,0
BRDA:1720,242,0,0
BRDA:1720,242,1,0
BRDA:1727,243,0,0
BRDA:1727,243,1,0
BRDA:1753,244,0,0
BRDA:1753,244,1,0
BRDA:1753,245,0,0
BRDA:1753,245,1,0
BRDA:1756,246,0,0
BRDA:1756,246,1,0
BRDA:1760,247,0,0
BRDA:1760,247,1,0
BRDA:1769,248,0,0
BRDA:1769,248,1,0
BRDA:1791,249,0,0
BRDA:1791,249,1,0
BRDA:1800,250,0,0
BRDA:1800,250,1,0
BRDA:1803,251,0,0
BRDA:1803,251,1,0
BRDA:1806,252,0,0
BRDA:1806,252,1,0
BRF:528
BRH:0
end_of_record
TN:
SF:src\features\canvas\components\FloatingTextToolbar.tsx
FN:14,(anonymous_0)
FN:35,(anonymous_1)
FN:52,(anonymous_2)
FN:87,(anonymous_3)
FN:90,(anonymous_4)
FN:116,(anonymous_5)
FN:143,(anonymous_6)
FN:164,(anonymous_7)
FN:182,(anonymous_8)
FN:185,(anonymous_9)
FN:236,(anonymous_10)
FN:246,(anonymous_11)
FN:247,(anonymous_12)
FN:260,(anonymous_13)
FN:267,(anonymous_14)
FN:296,(anonymous_15)
FN:297,(anonymous_16)
FN:303,(anonymous_17)
FN:312,(anonymous_18)
FN:321,(anonymous_19)
FN:330,(anonymous_20)
FN:340,(anonymous_21)
FN:342,(anonymous_22)
FN:351,(anonymous_23)
FN:359,(anonymous_24)
FN:361,(anonymous_25)
FNF:26
FNH:0
FNDA:0,(anonymous_0)
FNDA:0,(anonymous_1)
FNDA:0,(anonymous_2)
FNDA:0,(anonymous_3)
FNDA:0,(anonymous_4)
FNDA:0,(anonymous_5)
FNDA:0,(anonymous_6)
FNDA:0,(anonymous_7)
FNDA:0,(anonymous_8)
FNDA:0,(anonymous_9)
FNDA:0,(anonymous_10)
FNDA:0,(anonymous_11)
FNDA:0,(anonymous_12)
FNDA:0,(anonymous_13)
FNDA:0,(anonymous_14)
FNDA:0,(anonymous_15)
FNDA:0,(anonymous_16)
FNDA:0,(anonymous_17)
FNDA:0,(anonymous_18)
FNDA:0,(anonymous_19)
FNDA:0,(anonymous_20)
FNDA:0,(anonymous_21)
FNDA:0,(anonymous_22)
FNDA:0,(anonymous_23)
FNDA:0,(anonymous_24)
FNDA:0,(anonymous_25)
DA:14,0
DA:15,0
DA:35,0
DA:36,0
DA:52,0
DA:53,0
DA:55,0
DA:88,0
DA:90,0
DA:116,0
DA:117,0
DA:119,0
DA:143,0
DA:144,0
DA:150,0
DA:164,0
DA:183,0
DA:185,0
DA:236,0
DA:242,0
DA:243,0
DA:246,0
DA:247,0
DA:248,0
DA:249,0
DA:250,0
DA:252,0
DA:253,0
DA:254,0
DA:258,0
DA:259,0
DA:260,0
DA:263,0
DA:267,0
DA:268,0
DA:269,0
DA:270,0
DA:274,0
DA:275,0
DA:278,0
DA:296,0
DA:297,0
DA:303,0
DA:312,0
DA:321,0
DA:330,0
DA:340,0
DA:342,0
DA:351,0
DA:359,0
DA:361,0
LF:51
LH:0
BRDA:22,0,0,0
BRDA:22,0,1,0
BRDA:23,1,0,0
BRDA:23,1,1,0
BRDA:26,2,0,0
BRDA:26,2,1,0
BRDA:72,3,0,0
BRDA:72,3,1,0
BRDA:96,4,0,0
BRDA:96,4,1,0
BRDA:164,5,0,0
BRDA:164,5,1,0
BRDA:167,6,0,0
BRDA:167,6,1,0
BRDA:191,7,0,0
BRDA:191,7,1,0
BRDA:252,8,0,0
BRDA:252,8,1,0
BRDA:252,9,0,0
BRDA:252,9,1,0
BRDA:252,9,2,0
BRDA:258,10,0,0
BRDA:258,10,1,0
BRDA:274,11,0,0
BRDA:274,11,1,0
BRDA:339,12,0,0
BRDA:339,12,1,0
BRDA:342,13,0,0
BRDA:342,13,1,0
BRDA:350,14,0,0
BRDA:350,14,1,0
BRDA:358,15,0,0
BRDA:358,15,1,0
BRDA:361,16,0,0
BRDA:361,16,1,0
BRF:35
BRH:0
end_of_record
TN:
SF:src\features\canvas\components\GroupedSectionRenderer.tsx
FN:37,(anonymous_0)
FN:48,(anonymous_1)
FN:55,(anonymous_2)
FN:56,(anonymous_3)
FN:77,(anonymous_4)
FN:92,(anonymous_5)
FN:93,(anonymous_6)
FNF:7
FNH:0
FNDA:0,(anonymous_0)
FNDA:0,(anonymous_1)
FNDA:0,(anonymous_2)
FNDA:0,(anonymous_3)
FNDA:0,(anonymous_4)
FNDA:0,(anonymous_5)
FNDA:0,(anonymous_6)
DA:37,0
DA:48,0
DA:55,0
DA:56,0
DA:57,0
DA:58,0
DA:59,0
DA:62,0
DA:67,0
DA:72,0
DA:77,0
DA:78,0
DA:79,0
DA:85,0
DA:88,0
DA:92,0
DA:93,0
DA:99,0
DA:101,0
DA:122,0
LF:20
LH:0
BRDA:49,0,0,0
BRDA:49,0,1,0
BRDA:50,1,0,0
BRDA:50,1,1,0
BRDA:51,2,0,0
BRDA:51,2,1,0
BRDA:57,3,0,0
BRDA:57,3,1,0
BRDA:58,4,0,0
BRDA:58,4,1,0
BRDA:112,5,0,0
BRDA:112,5,1,0
BRDA:112,6,0,0
BRDA:112,6,1,0
BRDA:113,7,0,0
BRDA:113,7,1,0
BRDA:113,8,0,0
BRDA:113,8,1,0
BRDA:133,9,0,0
BRDA:133,9,1,0
BRF:20
BRH:0
end_of_record
TN:
SF:src\features\canvas\components\GroupedSectionRenderer2.tsx
FN:37,(anonymous_0)
FN:48,(anonymous_1)
FN:49,(anonymous_2)
FN:74,(anonymous_3)
FN:89,(anonymous_4)
FN:90,(anonymous_5)
FN:101,(anonymous_6)
FN:102,(anonymous_7)
FN:111,(anonymous_8)
FN:112,(anonymous_9)
FN:114,(anonymous_10)
FN:140,(anonymous_11)
FNF:12
FNH:0
FNDA:0,(anonymous_0)
FNDA:0,(anonymous_1)
FNDA:0,(anonymous_2)
FNDA:0,(anonymous_3)
FNDA:0,(anonymous_4)
FNDA:0,(anonymous_5)
FNDA:0,(anonymous_6)
FNDA:0,(anonymous_7)
FNDA:0,(anonymous_8)
FNDA:0,(anonymous_9)
FNDA:0,(anonymous_10)
FNDA:0,(anonymous_11)
DA:37,0
DA:48,0
DA:49,0
DA:50,0
DA:51,0
DA:53,0
DA:58,0
DA:65,0
DA:70,0
DA:74,0
DA:75,0
DA:76,0
DA:78,0
DA:83,0
DA:85,0
DA:86,0
DA:89,0
DA:90,0
DA:91,0
DA:92,0
DA:94,0
DA:101,0
DA:102,0
DA:114,0
DA:134,0
DA:141,0
DA:142,0
DA:146,0
DA:168,0
LF:29
LH:0
BRDA:50,0,0,0
BRDA:50,0,1,0
BRDA:51,1,0,0
BRDA:51,1,1,0
BRDA:79,2,0,0
BRDA:79,2,1,0
BRDA:80,3,0,0
BRDA:80,3,1,0
BRDA:91,4,0,0
BRDA:91,4,1,0
BRDA:92,5,0,0
BRDA:92,5,1,0
BRDA:137,6,0,0
BRDA:137,6,1,0
BRDA:138,7,0,0
BRDA:138,7,1,0
BRF:16
BRH:0
end_of_record
TN:
SF:src\features\canvas\components\ImageElement.tsx
FN:17,(anonymous_0)
FNF:1
FNH:0
FNDA:0,(anonymous_0)
DA:16,0
DA:18,0
DA:20,0
DA:22,0
DA:34,0
LF:5
LH:0
BRDA:18,0,0,0
BRDA:18,0,1,0
BRDA:20,1,0,0
BRDA:20,1,1,0
BRF:4
BRH:0
end_of_record
TN:
SF:src\features\canvas\components\KonvaApp.tsx
FN:14,(anonymous_0)
FN:31,(anonymous_1)
FN:32,(anonymous_2)
FN:45,(anonymous_3)
FN:56,(anonymous_4)
FN:57,(anonymous_5)
FN:58,(anonymous_6)
FN:59,(anonymous_7)
FN:61,(anonymous_8)
FN:66,(anonymous_9)
FN:82,(anonymous_10)
FN:90,(anonymous_11)
FNF:12
FNH:0
FNDA:0,(anonymous_0)
FNDA:0,(anonymous_1)
FNDA:0,(anonymous_2)
FNDA:0,(anonymous_3)
FNDA:0,(anonymous_4)
FNDA:0,(anonymous_5)
FNDA:0,(anonymous_6)
FNDA:0,(anonymous_7)
FNDA:0,(anonymous_8)
FNDA:0,(anonymous_9)
FNDA:0,(anonymous_10)
FNDA:0,(anonymous_11)
DA:14,0
DA:15,0
DA:23,0
DA:26,0
DA:27,0
DA:28,0
DA:29,0
DA:31,0
DA:32,0
DA:33,0
DA:34,0
DA:35,0
DA:36,0
DA:43,0
DA:44,0
DA:45,0
DA:48,0
DA:56,0
DA:57,0
DA:58,0
DA:59,0
DA:61,0
DA:66,0
DA:83,0
DA:92,0
LF:25
LH:0
BRDA:34,0,0,0
BRDA:34,0,1,0
BRDA:87,1,0,0
BRDA:87,1,1,0
BRDA:88,2,0,0
BRDA:88,2,1,0
BRDA:88,3,0,0
BRDA:88,3,1,0
BRF:8
BRH:0
end_of_record
TN:
SF:src\features\canvas\components\KonvaCanvas.tsx
FN:14,(anonymous_0)
FN:15,(anonymous_1)
FN:17,(anonymous_2)
FN:18,(anonymous_3)
FN:21,(anonymous_4)
FN:23,(anonymous_5)
FN:57,(anonymous_6)
FN:75,(anonymous_7)
FN:101,(anonymous_8)
FN:123,(anonymous_9)
FN:147,(anonymous_10)
FN:156,(anonymous_11)
FN:164,(anonymous_12)
FN:188,(anonymous_13)
FN:211,(anonymous_14)
FN:247,(anonymous_15)
FN:273,(anonymous_16)
FN:277,(anonymous_17)
FN:283,(anonymous_18)
FN:284,(anonymous_19)
FN:291,(anonymous_20)
FN:295,(anonymous_21)
FN:299,(anonymous_22)
FN:331,(anonymous_23)
FN:359,(anonymous_24)
FN:423,(anonymous_25)
FNF:26
FNH:0
FNDA:0,(anonymous_0)
FNDA:0,(anonymous_1)
FNDA:0,(anonymous_2)
FNDA:0,(anonymous_3)
FNDA:0,(anonymous_4)
FNDA:0,(anonymous_5)
FNDA:0,(anonymous_6)
FNDA:0,(anonymous_7)
FNDA:0,(anonymous_8)
FNDA:0,(anonymous_9)
FNDA:0,(anonymous_10)
FNDA:0,(anonymous_11)
FNDA:0,(anonymous_12)
FNDA:0,(anonymous_13)
FNDA:0,(anonymous_14)
FNDA:0,(anonymous_15)
FNDA:0,(anonymous_16)
FNDA:0,(anonymous_17)
FNDA:0,(anonymous_18)
FNDA:0,(anonymous_19)
FNDA:0,(anonymous_20)
FNDA:0,(anonymous_21)
FNDA:0,(anonymous_22)
FNDA:0,(anonymous_23)
FNDA:0,(anonymous_24)
FNDA:0,(anonymous_25)
DA:14,0
DA:15,0
DA:17,0
DA:18,0
DA:21,0
DA:22,0
DA:23,0
DA:25,0
DA:27,0
DA:57,0
DA:67,0
DA:68,0
DA:69,0
DA:70,0
DA:71,0
DA:72,0
DA:73,0
DA:75,0
DA:76,0
DA:77,0
DA:100,0
DA:101,0
DA:123,0
DA:124,0
DA:125,0
DA:140,0
DA:141,0
DA:142,0
DA:143,0
DA:144,0
DA:145,0
DA:147,0
DA:148,0
DA:149,0
DA:150,0
DA:151,0
DA:152,0
DA:156,0
DA:157,0
DA:158,0
DA:159,0
DA:161,0
DA:164,0
DA:165,0
DA:166,0
DA:168,0
DA:169,0
DA:172,0
DA:173,0
DA:176,0
DA:177,0
DA:178,0
DA:182,0
DA:183,0
DA:185,0
DA:186,0
DA:188,0
DA:189,0
DA:190,0
DA:191,0
DA:199,0
DA:206,0
DA:207,0
DA:211,0
DA:212,0
DA:213,0
DA:215,0
DA:216,0
DA:219,0
DA:220,0
DA:221,0
DA:223,0
DA:225,0
DA:226,0
DA:228,0
DA:230,0
DA:231,0
DA:235,0
DA:236,0
DA:237,0
DA:238,0
DA:240,0
DA:241,0
DA:242,0
DA:243,0
DA:246,0
DA:247,0
DA:248,0
DA:249,0
DA:250,0
DA:255,0
DA:256,0
DA:265,0
DA:266,0
DA:267,0
DA:268,0
DA:269,0
DA:273,0
DA:274,0
DA:275,0
DA:277,0
DA:279,0
DA:283,0
DA:284,0
DA:285,0
DA:286,0
DA:291,0
DA:292,0
DA:295,0
DA:296,0
DA:299,0
DA:300,0
DA:301,0
DA:303,0
DA:304,0
DA:305,0
DA:306,0
DA:307,0
DA:308,0
DA:309,0
DA:310,0
DA:313,0
DA:314,0
DA:316,0
DA:317,0
DA:323,0
DA:325,0
DA:326,0
DA:327,0
DA:331,0
DA:332,0
DA:333,0
DA:335,0
DA:336,0
DA:337,0
DA:338,0
DA:340,0
DA:341,0
DA:342,0
DA:343,0
DA:350,0
DA:351,0
DA:352,0
DA:353,0
DA:354,0
DA:355,0
DA:359,0
DA:360,0
DA:361,0
DA:362,0
DA:363,0
DA:364,0
DA:378,0
DA:379,0
DA:380,0
DA:381,0
DA:382,0
DA:383,0
DA:384,0
DA:385,0
DA:386,0
DA:390,0
DA:391,0
DA:393,0
DA:423,0
LF:165
LH:0
BRDA:76,0,0,0
BRDA:76,0,1,0
BRDA:76,1,0,0
BRDA:76,1,1,0
BRDA:124,2,0,0
BRDA:124,2,1,0
BRDA:124,3,0,0
BRDA:124,3,1,0
BRDA:148,4,0,0
BRDA:148,4,1,0
BRDA:151,5,0,0
BRDA:151,5,1,0
BRDA:158,6,0,0
BRDA:158,6,1,0
BRDA:166,7,0,0
BRDA:166,7,1,0
BRDA:168,8,0,0
BRDA:168,8,1,0
BRDA:173,9,0,0
BRDA:173,9,1,0
BRDA:176,10,0,0
BRDA:176,10,1,0
BRDA:176,11,0,0
BRDA:176,11,1,0
BRDA:183,12,0,0
BRDA:183,12,1,0
BRDA:186,13,0,0
BRDA:186,13,1,0
BRDA:190,14,0,0
BRDA:190,14,1,0
BRDA:193,15,0,0
BRDA:193,15,1,0
BRDA:206,16,0,0
BRDA:206,16,1,0
BRDA:213,17,0,0
BRDA:213,17,1,0
BRDA:216,18,0,0
BRDA:216,18,1,0
BRDA:219,19,0,0
BRDA:219,19,1,0
BRDA:219,20,0,0
BRDA:219,20,1,0
BRDA:223,21,0,0
BRDA:223,21,1,0
BRDA:223,22,0,0
BRDA:223,22,1,0
BRDA:223,22,2,0
BRDA:225,23,0,0
BRDA:225,23,1,0
BRDA:236,24,0,0
BRDA:236,24,1,0
BRDA:240,25,0,0
BRDA:240,25,1,0
BRDA:240,26,0,0
BRDA:240,26,1,0
BRDA:249,27,0,0
BRDA:249,27,1,0
BRDA:267,28,0,0
BRDA:267,28,1,0
BRDA:274,29,0,0
BRDA:274,29,1,0
BRDA:274,30,0,0
BRDA:274,30,1,0
BRDA:275,31,0,0
BRDA:275,31,1,0
BRDA:285,32,0,0
BRDA:285,32,1,0
BRDA:301,33,0,0
BRDA:301,33,1,0
BRDA:304,34,0,0
BRDA:304,34,1,0
BRDA:304,35,0,0
BRDA:304,35,1,0
BRDA:307,36,0,0
BRDA:307,36,1,0
BRDA:307,37,0,0
BRDA:307,37,1,0
BRDA:309,38,0,0
BRDA:309,38,1,0
BRDA:310,39,0,0
BRDA:310,39,1,0
BRDA:316,40,0,0
BRDA:316,40,1,0
BRDA:325,41,0,0
BRDA:325,41,1,0
BRDA:325,42,0,0
BRDA:325,42,1,0
BRDA:333,43,0,0
BRDA:333,43,1,0
BRDA:335,44,0,0
BRDA:335,44,1,0
BRDA:338,45,0,0
BRDA:338,45,1,0
BRDA:338,46,0,0
BRDA:338,46,1,0
BRDA:342,47,0,0
BRDA:342,47,1,0
BRDA:350,48,0,0
BRDA:350,48,1,0
BRDA:350,49,0,0
BRDA:350,49,1,0
BRDA:360,50,0,0
BRDA:360,50,1,0
BRDA:363,51,0,0
BRDA:363,51,1,0
BRDA:363,52,0,0
BRDA:363,52,1,0
BRDA:363,52,2,0
BRDA:382,53,0,0
BRDA:382,53,1,0
BRDA:382,54,0,0
BRDA:382,54,1,0
BRDA:382,54,2,0
BRDA:409,55,0,0
BRDA:409,55,1,0
BRDA:410,56,0,0
BRDA:410,56,1,0
BRF:117
BRH:0
end_of_record
TN:
SF:src\features\canvas\components\KonvaCanvasIntegration.example.tsx
FN:11,(anonymous_0)
FN:27,(anonymous_1)
FN:34,(anonymous_2)
FN:54,(anonymous_3)
FN:69,(anonymous_4)
FN:72,(anonymous_5)
FN:82,(anonymous_6)
FN:112,(anonymous_7)
FN:118,(anonymous_8)
FN:125,(anonymous_9)
FN:163,(anonymous_10)
FN:170,(anonymous_11)
FN:184,(anonymous_12)
FN:187,(anonymous_13)
FN:196,(anonymous_14)
FN:241,(anonymous_15)
FNF:16
FNH:0
FNDA:0,(anonymous_0)
FNDA:0,(anonymous_1)
FNDA:0,(anonymous_2)
FNDA:0,(anonymous_3)
FNDA:0,(anonymous_4)
FNDA:0,(anonymous_5)
FNDA:0,(anonymous_6)
FNDA:0,(anonymous_7)
FNDA:0,(anonymous_8)
FNDA:0,(anonymous_9)
FNDA:0,(anonymous_10)
FNDA:0,(anonymous_11)
FNDA:0,(anonymous_12)
FNDA:0,(anonymous_13)
FNDA:0,(anonymous_14)
FNDA:0,(anonymous_15)
DA:11,0
DA:12,0
DA:15,0
DA:24,0
DA:27,0
DA:28,0
DA:29,0
DA:34,0
DA:35,0
DA:36,0
DA:39,0
DA:43,0
DA:44,0
DA:46,0
DA:54,0
DA:55,0
DA:56,0
DA:59,0
DA:61,0
DA:64,0
DA:69,0
DA:71,0
DA:72,0
DA:75,0
DA:82,0
DA:112,0
DA:118,0
DA:120,0
DA:125,0
DA:128,0
DA:130,0
DA:143,0
DA:158,0
DA:163,0
DA:165,0
DA:172,0
DA:173,0
DA:174,0
DA:175,0
DA:177,0
DA:184,0
DA:187,0
DA:196,0
DA:197,0
DA:200,0
DA:203,0
DA:217,0
DA:218,0
DA:219,0
DA:221,0
DA:222,0
DA:223,0
DA:228,0
DA:231,0
DA:232,0
DA:235,0
DA:241,0
DA:242,0
DA:245,0
DA:248,0
DA:250,0
LF:61
LH:0
BRDA:28,0,0,0
BRDA:28,0,1,0
BRDA:28,1,0,0
BRDA:28,1,1,0
BRDA:44,2,0,0
BRDA:44,2,1,0
BRDA:61,3,0,0
BRDA:61,3,1,0
BRDA:118,4,0,0
BRDA:125,5,0,0
BRDA:125,5,1,0
BRDA:128,6,0,0
BRDA:128,6,1,0
BRDA:128,6,2,0
BRDA:173,7,0,0
BRDA:173,7,1,0
BRDA:173,8,0,0
BRDA:173,8,1,0
BRDA:175,9,0,0
BRDA:175,9,1,0
BRDA:217,10,0,0
BRDA:217,10,1,0
BRDA:219,11,0,0
BRDA:219,11,1,0
BRDA:231,12,0,0
BRDA:231,12,1,0
BRF:26
BRH:0
end_of_record
TN:
SF:src\features\canvas\components\KonvaCanvasRefactored.tsx
FN:35,(anonymous_0)
FN:56,(anonymous_1)
FN:70,(anonymous_2)
FN:71,(anonymous_3)
FN:72,(anonymous_4)
FN:73,(anonymous_5)
FN:76,(anonymous_6)
FN:83,(anonymous_7)
FN:98,(anonymous_8)
FN:103,(anonymous_9)
FN:143,(anonymous_10)
FN:146,(anonymous_11)
FN:150,(anonymous_12)
FN:154,(anonymous_13)
FN:188,(anonymous_14)
FN:200,(anonymous_15)
FNF:16
FNH:0
FNDA:0,(anonymous_0)
FNDA:0,(anonymous_1)
FNDA:0,(anonymous_2)
FNDA:0,(anonymous_3)
FNDA:0,(anonymous_4)
FNDA:0,(anonymous_5)
FNDA:0,(anonymous_6)
FNDA:0,(anonymous_7)
FNDA:0,(anonymous_8)
FNDA:0,(anonymous_9)
FNDA:0,(anonymous_10)
FNDA:0,(anonymous_11)
FNDA:0,(anonymous_12)
FNDA:0,(anonymous_13)
FNDA:0,(anonymous_14)
FNDA:0,(anonymous_15)
DA:35,0
DA:46,0
DA:50,0
DA:51,0
DA:56,0
DA:57,0
DA:58,0
DA:70,0
DA:71,0
DA:72,0
DA:73,0
DA:76,0
DA:77,0
DA:78,0
DA:83,0
DA:98,0
DA:99,0
DA:100,0
DA:103,0
DA:104,0
DA:106,0
DA:107,0
DA:109,0
DA:110,0
DA:115,0
DA:116,0
DA:123,0
DA:145,0
DA:148,0
DA:152,0
DA:156,0
DA:188,0
DA:191,0
DA:200,0
DA:203,0
DA:206,0
LF:36
LH:0
BRDA:52,0,0,0
BRDA:52,0,1,0
BRDA:53,1,0,0
BRDA:53,1,1,0
BRDA:77,2,0,0
BRDA:77,2,1,0
BRDA:94,3,0,0
BRDA:94,3,1,0
BRDA:104,4,0,0
BRDA:104,4,1,0
BRDA:115,5,0,0
BRDA:115,5,1,0
BRDA:171,6,0,0
BRDA:171,6,1,0
BRF:14
BRH:0
end_of_record
TN:
SF:src\features\canvas\components\KonvaDebugPanel.tsx
FN:8,(anonymous_0)
FN:16,(anonymous_1)
FN:27,(anonymous_2)
FNF:3
FNH:0
FNDA:0,(anonymous_0)
FNDA:0,(anonymous_1)
FNDA:0,(anonymous_2)
DA:8,0
DA:15,0
DA:16,0
DA:24,0
DA:25,0
DA:27,0
DA:28,0
DA:42,0
DA:43,0
DA:46,0
LF:10
LH:0
BRDA:25,0,0,0
BRDA:25,0,1,0
BRDA:52,1,0,0
BRDA:52,1,1,0
BRF:4
BRH:0
end_of_record
TN:
SF:src\features\canvas\components\KonvaErrorBoundary.tsx
FN:13,(anonymous_0)
FN:19,(anonymous_1)
FN:24,(anonymous_2)
FN:61,(anonymous_3)
FN:73,(anonymous_4)
FNF:5
FNH:0
FNDA:0,(anonymous_0)
FNDA:0,(anonymous_1)
FNDA:0,(anonymous_2)
FNDA:0,(anonymous_3)
FNDA:0,(anonymous_4)
DA:14,0
DA:21,0
DA:25,0
DA:28,0
DA:36,0
DA:41,0
DA:47,0
DA:49,0
DA:51,0
DA:52,0
DA:55,0
DA:56,0
DA:59,0
DA:61,0
DA:62,0
DA:63,0
DA:68,0
DA:74,0
DA:76,0
DA:79,0
LF:20
LH:0
BRDA:28,0,0,0
BRDA:28,0,1,0
BRDA:28,0,2,0
BRDA:28,0,3,0
BRDA:28,0,4,0
BRDA:28,0,5,0
BRDA:36,1,0,0
BRDA:36,1,1,0
BRDA:36,1,2,0
BRDA:36,1,3,0
BRDA:41,2,0,0
BRDA:41,2,1,0
BRDA:41,2,2,0
BRDA:41,2,3,0
BRDA:41,2,4,0
BRDA:41,2,5,0
BRDA:47,3,0,0
BRDA:47,3,1,0
BRDA:55,4,0,0
BRDA:55,4,1,0
BRDA:55,5,0,0
BRDA:55,5,1,0
BRDA:59,6,0,0
BRDA:59,6,1,0
BRDA:59,7,0,0
BRDA:59,7,1,0
BRDA:59,7,2,0
BRDA:62,8,0,0
BRDA:62,8,1,0
BRDA:74,9,0,0
BRDA:74,9,1,0
BRDA:76,10,0,0
BRDA:76,10,1,0
BRF:33
BRH:0
end_of_record
TN:
SF:src\features\canvas\components\RichTextCellEditor.tsx
FN:11,(anonymous_0)
FN:37,(anonymous_1)
FN:52,(anonymous_2)
FN:82,(anonymous_3)
FN:90,(anonymous_4)
FN:98,(anonymous_5)
FN:99,(anonymous_6)
FN:113,(anonymous_7)
FN:138,(anonymous_8)
FN:161,(anonymous_9)
FN:172,(anonymous_10)
FN:179,(anonymous_11)
FN:183,(anonymous_12)
FN:198,(anonymous_13)
FN:214,(anonymous_14)
FN:222,(anonymous_15)
FN:230,(anonymous_16)
FN:233,(anonymous_17)
FN:252,(anonymous_18)
FN:256,(anonymous_19)
FN:267,(anonymous_20)
FN:279,(anonymous_21)
FN:325,(anonymous_22)
FN:357,(anonymous_23)
FNF:24
FNH:0
FNDA:0,(anonymous_0)
FNDA:0,(anonymous_1)
FNDA:0,(anonymous_2)
FNDA:0,(anonymous_3)
FNDA:0,(anonymous_4)
FNDA:0,(anonymous_5)
FNDA:0,(anonymous_6)
FNDA:0,(anonymous_7)
FNDA:0,(anonymous_8)
FNDA:0,(anonymous_9)
FNDA:0,(anonymous_10)
FNDA:0,(anonymous_11)
FNDA:0,(anonymous_12)
FNDA:0,(anonymous_13)
FNDA:0,(anonymous_14)
FNDA:0,(anonymous_15)
FNDA:0,(anonymous_16)
FNDA:0,(anonymous_17)
FNDA:0,(anonymous_18)
FNDA:0,(anonymous_19)
FNDA:0,(anonymous_20)
FNDA:0,(anonymous_21)
FNDA:0,(anonymous_22)
FNDA:0,(anonymous_23)
DA:11,0
DA:12,0
DA:13,0
DA:37,0
DA:38,0
DA:39,0
DA:42,0
DA:44,0
DA:49,0
DA:52,0
DA:74,0
DA:75,0
DA:78,0
DA:81,0
DA:82,0
DA:83,0
DA:86,0
DA:87,0
DA:90,0
DA:91,0
DA:92,0
DA:94,0
DA:96,0
DA:98,0
DA:99,0
DA:100,0
DA:101,0
DA:102,0
DA:103,0
DA:105,0
DA:109,0
DA:110,0
DA:113,0
DA:114,0
DA:115,0
DA:119,0
DA:121,0
DA:124,0
DA:127,0
DA:128,0
DA:129,0
DA:130,0
DA:131,0
DA:133,0
DA:134,0
DA:138,0
DA:139,0
DA:140,0
DA:141,0
DA:142,0
DA:143,0
DA:145,0
DA:146,0
DA:149,0
DA:150,0
DA:154,0
DA:155,0
DA:156,0
DA:161,0
DA:162,0
DA:163,0
DA:164,0
DA:167,0
DA:172,0
DA:173,0
DA:175,0
DA:179,0
DA:180,0
DA:181,0
DA:183,0
DA:185,0
DA:186,0
DA:187,0
DA:190,0
DA:191,0
DA:193,0
DA:194,0
DA:198,0
DA:200,0
DA:201,0
DA:202,0
DA:205,0
DA:206,0
DA:208,0
DA:209,0
DA:214,0
DA:216,0
DA:217,0
DA:219,0
DA:220,0
DA:222,0
DA:223,0
DA:226,0
DA:230,0
DA:231,0
DA:233,0
DA:234,0
DA:235,0
DA:236,0
DA:238,0
DA:239,0
DA:242,0
DA:243,0
DA:247,0
DA:248,0
DA:252,0
DA:253,0
DA:256,0
DA:257,0
DA:258,0
DA:260,0
DA:261,0
DA:267,0
DA:268,0
DA:270,0
DA:273,0
DA:274,0
DA:276,0
DA:279,0
DA:280,0
DA:281,0
DA:283,0
DA:286,0
DA:288,0
DA:289,0
DA:291,0
DA:292,0
DA:294,0
DA:295,0
DA:297,0
DA:298,0
DA:301,0
DA:302,0
DA:305,0
DA:306,0
DA:313,0
DA:314,0
DA:316,0
DA:317,0
DA:321,0
DA:325,0
DA:327,0
DA:329,0
DA:330,0
DA:331,0
DA:332,0
DA:333,0
DA:334,0
DA:338,0
DA:340,0
DA:355,0
DA:357,0
DA:358,0
DA:361,0
DA:364,0
DA:365,0
DA:368,0
DA:369,0
DA:372,0
DA:374,0
DA:378,0
LF:161
LH:0
BRDA:12,0,0,0
BRDA:12,0,1,0
BRDA:13,1,0,0
BRDA:13,1,1,0
BRDA:38,2,0,0
BRDA:38,2,1,0
BRDA:38,3,0,0
BRDA:38,3,1,0
BRDA:44,4,0,0
BRDA:44,4,1,0
BRDA:44,4,2,0
BRDA:44,4,3,0
BRDA:44,4,4,0
BRDA:44,4,5,0
BRDA:44,4,6,0
BRDA:44,4,7,0
BRDA:44,4,8,0
BRDA:44,4,9,0
BRDA:59,5,0,0
BRDA:91,6,0,0
BRDA:91,6,1,0
BRDA:100,7,0,0
BRDA:100,7,1,0
BRDA:100,8,0,0
BRDA:100,8,1,0
BRDA:114,9,0,0
BRDA:114,9,1,0
BRDA:114,10,0,0
BRDA:114,10,1,0
BRDA:114,10,2,0
BRDA:115,11,0,0
BRDA:115,11,1,0
BRDA:115,12,0,0
BRDA:115,12,1,0
BRDA:121,13,0,0
BRDA:121,13,1,0
BRDA:127,14,0,0
BRDA:127,14,1,0
BRDA:139,15,0,0
BRDA:139,15,1,0
BRDA:154,16,0,0
BRDA:154,16,1,0
BRDA:162,17,0,0
BRDA:162,17,1,0
BRDA:164,18,0,0
BRDA:164,18,1,0
BRDA:185,19,0,0
BRDA:185,19,1,0
BRDA:200,20,0,0
BRDA:200,20,1,0
BRDA:217,21,0,0
BRDA:217,21,1,0
BRDA:219,22,0,0
BRDA:219,22,1,0
BRDA:231,23,0,0
BRDA:231,23,1,0
BRDA:238,24,0,0
BRDA:238,24,1,0
BRDA:238,25,0,0
BRDA:238,25,1,0
BRDA:242,26,0,0
BRDA:242,26,1,0
BRDA:260,27,0,0
BRDA:260,27,1,0
BRDA:270,28,0,0
BRDA:270,28,1,0
BRDA:274,29,0,0
BRDA:274,29,1,0
BRDA:280,30,0,0
BRDA:280,30,1,0
BRDA:281,31,0,0
BRDA:281,31,1,0
BRDA:286,32,0,0
BRDA:286,32,1,0
BRDA:286,32,2,0
BRDA:286,32,3,0
BRDA:286,32,4,0
BRDA:286,32,5,0
BRDA:286,32,6,0
BRDA:286,32,7,0
BRDA:286,32,8,0
BRDA:286,32,9,0
BRDA:286,32,10,0
BRDA:286,32,11,0
BRDA:286,32,12,0
BRDA:286,32,13,0
BRDA:286,32,14,0
BRDA:329,33,0,0
BRDA:329,33,1,0
BRDA:329,34,0,0
BRDA:329,34,1,0
BRDA:332,35,0,0
BRDA:332,35,1,0
BRDA:338,36,0,0
BRDA:338,36,1,0
BRDA:358,37,0,0
BRDA:358,37,1,0
BRDA:358,38,0,0
BRDA:358,38,1,0
BRDA:358,38,2,0
BRDA:368,39,0,0
BRDA:368,39,1,0
BRDA:380,40,0,0
BRDA:380,40,1,0
BRDA:380,41,0,0
BRDA:380,41,1,0
BRDA:388,42,0,0
BRDA:388,42,1,0
BRDA:388,42,2,0
BRF:109
BRH:0
end_of_record
TN:
SF:src\features\canvas\components\RichTextRenderer.tsx
FN:17,(anonymous_0)
FN:27,(anonymous_1)
FN:37,(anonymous_2)
FN:64,(anonymous_3)
FN:73,(anonymous_4)
FN:79,(anonymous_5)
FN:88,(anonymous_6)
FN:93,(anonymous_7)
FN:105,(anonymous_8)
FN:130,(anonymous_9)
FN:148,(anonymous_10)
FN:153,(anonymous_11)
FN:154,(anonymous_12)
FNF:13
FNH:0
FNDA:0,(anonymous_0)
FNDA:0,(anonymous_1)
FNDA:0,(anonymous_2)
FNDA:0,(anonymous_3)
FNDA:0,(anonymous_4)
FNDA:0,(anonymous_5)
FNDA:0,(anonymous_6)
FNDA:0,(anonymous_7)
FNDA:0,(anonymous_8)
FNDA:0,(anonymous_9)
FNDA:0,(anonymous_10)
FNDA:0,(anonymous_11)
FNDA:0,(anonymous_12)
DA:17,0
DA:25,0
DA:27,0
DA:28,0
DA:30,0
DA:31,0
DA:33,0
DA:34,0
DA:35,0
DA:37,0
DA:38,0
DA:39,0
DA:42,0
DA:43,0
DA:44,0
DA:47,0
DA:60,0
DA:61,0
DA:64,0
DA:66,0
DA:67,0
DA:68,0
DA:69,0
DA:73,0
DA:74,0
DA:75,0
DA:79,0
DA:81,0
DA:82,0
DA:83,0
DA:88,0
DA:89,0
DA:90,0
DA:93,0
DA:94,0
DA:95,0
DA:99,0
DA:100,0
DA:101,0
DA:102,0
DA:105,0
DA:106,0
DA:107,0
DA:108,0
DA:109,0
DA:110,0
DA:114,0
DA:115,0
DA:117,0
DA:118,0
DA:119,0
DA:120,0
DA:121,0
DA:122,0
DA:126,0
DA:129,0
DA:130,0
DA:131,0
DA:141,0
DA:149,0
DA:150,0
DA:160,0
LF:62
LH:0
BRDA:28,0,0,0
BRDA:28,0,1,0
BRDA:28,1,0,0
BRDA:28,1,1,0
BRDA:28,1,2,0
BRDA:35,2,0,0
BRDA:35,2,1,0
BRDA:38,3,0,0
BRDA:38,3,1,0
BRDA:38,3,2,0
BRDA:42,4,0,0
BRDA:42,4,1,0
BRDA:43,5,0,0
BRDA:43,5,1,0
BRDA:44,6,0,0
BRDA:44,6,1,0
BRDA:52,7,0,0
BRDA:52,7,1,0
BRDA:52,7,2,0
BRDA:54,8,0,0
BRDA:54,8,1,0
BRDA:55,9,0,0
BRDA:55,9,1,0
BRDA:55,9,2,0
BRDA:56,10,0,0
BRDA:56,10,1,0
BRDA:57,11,0,0
BRDA:57,11,1,0
BRDA:60,12,0,0
BRDA:60,12,1,0
BRDA:66,13,0,0
BRDA:66,13,1,0
BRDA:74,14,0,0
BRDA:74,14,1,0
BRDA:81,15,0,0
BRDA:81,15,1,0
BRDA:90,16,0,0
BRDA:90,16,1,0
BRDA:95,17,0,0
BRDA:95,17,1,0
BRDA:106,18,0,0
BRDA:106,18,1,0
BRDA:117,19,0,0
BRDA:117,19,1,0
BRDA:117,20,0,0
BRDA:117,20,1,0
BRDA:129,21,0,0
BRDA:129,21,1,0
BRDA:135,22,0,0
BRDA:135,22,1,0
BRDA:136,23,0,0
BRDA:136,23,1,0
BRDA:137,24,0,0
BRDA:137,24,1,0
BRDA:138,25,0,0
BRDA:138,25,1,0
BRDA:149,26,0,0
BRDA:149,26,1,0
BRDA:149,27,0,0
BRDA:149,27,1,0
BRF:60
BRH:0
end_of_record
TN:
SF:src\features\canvas\components\SectionElement.tsx
FN:20,(anonymous_0)
FN:30,(anonymous_1)
FN:36,(anonymous_2)
FN:44,(anonymous_3)
FN:73,(anonymous_4)
FN:88,(anonymous_5)
FN:94,(anonymous_6)
FN:104,(anonymous_7)
FN:115,(anonymous_8)
FN:121,(anonymous_9)
FN:130,(anonymous_10)
FN:252,(anonymous_11)
FN:281,(anonymous_12)
FN:310,(anonymous_13)
FNF:14
FNH:0
FNDA:0,(anonymous_0)
FNDA:0,(anonymous_1)
FNDA:0,(anonymous_2)
FNDA:0,(anonymous_3)
FNDA:0,(anonymous_4)
FNDA:0,(anonymous_5)
FNDA:0,(anonymous_6)
FNDA:0,(anonymous_7)
FNDA:0,(anonymous_8)
FNDA:0,(anonymous_9)
FNDA:0,(anonymous_10)
FNDA:0,(anonymous_11)
FNDA:0,(anonymous_12)
FNDA:0,(anonymous_13)
DA:19,0
DA:21,0
DA:22,0
DA:23,0
DA:25,0
DA:26,0
DA:27,0
DA:30,0
DA:31,0
DA:32,0
DA:36,0
DA:37,0
DA:38,0
DA:40,0
DA:44,0
DA:45,0
DA:46,0
DA:47,0
DA:48,0
DA:50,0
DA:51,0
DA:52,0
DA:55,0
DA:56,0
DA:57,0
DA:58,0
DA:59,0
DA:60,0
DA:61,0
DA:62,0
DA:63,0
DA:64,0
DA:65,0
DA:66,0
DA:67,0
DA:68,0
DA:69,0
DA:70,0
DA:73,0
DA:74,0
DA:75,0
DA:76,0
DA:77,0
DA:78,0
DA:79,0
DA:81,0
DA:82,0
DA:83,0
DA:84,0
DA:88,0
DA:89,0
DA:92,0
DA:93,0
DA:94,0
DA:95,0
DA:96,0
DA:99,0
DA:100,0
DA:101,0
DA:104,0
DA:105,0
DA:106,0
DA:107,0
DA:111,0
DA:115,0
DA:117,0
DA:118,0
DA:121,0
DA:122,0
DA:123,0
DA:126,0
DA:130,0
DA:132,0
DA:133,0
DA:136,0
DA:139,0
DA:141,0
DA:142,0
DA:143,0
DA:146,0
DA:150,0
DA:151,0
DA:155,0
DA:156,0
DA:159,0
DA:253,0
DA:254,0
DA:282,0
DA:283,0
DA:311,0
DA:312,0
DA:313,0
DA:314,0
DA:315,0
DA:318,0
DA:328,0
DA:329,0
DA:337,0
DA:338,0
DA:340,0
DA:341,0
DA:348,0
LF:102
LH:0
BRDA:22,0,0,0
BRDA:22,0,1,0
BRDA:25,1,0,0
BRDA:25,1,1,0
BRDA:26,2,0,0
BRDA:26,2,1,0
BRDA:27,3,0,0
BRDA:27,3,1,0
BRDA:32,4,0,0
BRDA:32,4,1,0
BRDA:37,5,0,0
BRDA:37,5,1,0
BRDA:45,6,0,0
BRDA:45,6,1,0
BRDA:45,7,0,0
BRDA:45,7,1,0
BRDA:48,8,0,0
BRDA:48,8,1,0
BRDA:74,9,0,0
BRDA:74,9,1,0
BRDA:78,10,0,0
BRDA:78,10,1,0
BRDA:82,11,0,0
BRDA:82,11,1,0
BRDA:83,12,0,0
BRDA:83,12,1,0
BRDA:123,13,0,0
BRDA:123,13,1,0
BRDA:133,14,0,0
BRDA:133,14,1,0
BRDA:136,15,0,0
BRDA:136,15,1,0
BRDA:139,16,0,0
BRDA:139,16,1,0
BRDA:141,17,0,0
BRDA:141,17,1,0
BRDA:141,18,0,0
BRDA:141,18,1,0
BRDA:155,19,0,0
BRDA:155,19,1,0
BRDA:165,20,0,0
BRDA:165,20,1,0
BRDA:168,21,0,0
BRDA:168,21,1,0
BRDA:203,22,0,0
BRDA:203,22,1,0
BRDA:204,23,0,0
BRDA:204,23,1,0
BRDA:233,24,0,0
BRDA:233,24,1,0
BRDA:242,25,0,0
BRDA:242,25,1,0
BRDA:246,26,0,0
BRDA:246,26,1,0
BRDA:270,27,0,0
BRDA:270,27,1,0
BRDA:312,28,0,0
BRDA:312,28,1,0
BRDA:328,29,0,0
BRDA:328,29,1,0
BRF:60
BRH:0
end_of_record
TN:
SF:src\features\canvas\components\StickyNoteElement.tsx
FN:21,(anonymous_0)
FN:29,(anonymous_1)
FN:61,(anonymous_2)
FN:68,(anonymous_3)
FN:78,(anonymous_4)
FN:85,(anonymous_5)
FN:91,(anonymous_6)
FN:102,(anonymous_7)
FN:163,(anonymous_8)
FN:202,(anonymous_9)
FNF:10
FNH:0
FNDA:0,(anonymous_0)
FNDA:0,(anonymous_1)
FNDA:0,(anonymous_2)
FNDA:0,(anonymous_3)
FNDA:0,(anonymous_4)
FNDA:0,(anonymous_5)
FNDA:0,(anonymous_6)
FNDA:0,(anonymous_7)
FNDA:0,(anonymous_8)
FNDA:0,(anonymous_9)
DA:21,0
DA:24,0
DA:25,0
DA:26,0
DA:29,0
DA:30,0
DA:32,0
DA:33,0
DA:34,0
DA:35,0
DA:36,0
DA:37,0
DA:38,0
DA:39,0
DA:40,0
DA:41,0
DA:42,0
DA:45,0
DA:53,0
DA:59,0
DA:61,0
DA:62,0
DA:63,0
DA:64,0
DA:65,0
DA:66,0
DA:68,0
DA:70,0
DA:72,0
DA:75,0
DA:78,0
DA:79,0
DA:81,0
DA:85,0
DA:86,0
DA:87,0
DA:91,0
DA:92,0
DA:93,0
DA:97,0
DA:98,0
DA:99,0
DA:102,0
DA:103,0
DA:104,0
DA:106,0
DA:108,0
DA:110,0
DA:111,0
DA:113,0
DA:167,0
DA:170,0
DA:171,0
DA:172,0
DA:173,0
DA:175,0
DA:178,0
DA:204,0
DA:205,0
DA:207,0
DA:267,0
LF:61
LH:0
BRDA:21,0,0,0
BRDA:21,1,0,0
BRDA:25,2,0,0
BRDA:25,2,1,0
BRDA:26,3,0,0
BRDA:26,3,1,0
BRDA:30,4,0,0
BRDA:30,4,1,0
BRDA:33,5,0,0
BRDA:33,5,1,0
BRDA:35,6,0,0
BRDA:35,6,1,0
BRDA:37,7,0,0
BRDA:37,7,1,0
BRDA:39,8,0,0
BRDA:39,8,1,0
BRDA:41,9,0,0
BRDA:41,9,1,0
BRDA:61,10,0,0
BRDA:62,11,0,0
BRDA:62,11,1,0
BRDA:81,12,0,0
BRDA:81,12,1,0
BRDA:97,13,0,0
BRDA:97,13,1,0
BRDA:98,14,0,0
BRDA:98,14,1,0
BRDA:99,15,0,0
BRDA:99,15,1,0
BRDA:103,16,0,0
BRDA:103,16,1,0
BRDA:106,17,0,0
BRDA:106,17,1,0
BRDA:110,18,0,0
BRDA:110,18,1,0
BRDA:143,19,0,0
BRDA:143,19,1,0
BRDA:144,20,0,0
BRDA:144,20,1,0
BRDA:162,21,0,0
BRDA:162,21,1,0
BRDA:162,21,2,0
BRDA:167,22,0,0
BRDA:167,22,1,0
BRDA:170,23,0,0
BRDA:170,23,1,0
BRDA:171,24,0,0
BRDA:171,24,1,0
BRDA:172,25,0,0
BRDA:172,25,1,0
BRDA:173,26,0,0
BRDA:173,26,1,0
BRDA:173,27,0,0
BRDA:173,27,1,0
BRDA:186,28,0,0
BRDA:186,28,1,0
BRDA:186,28,2,0
BRDA:187,29,0,0
BRDA:187,29,1,0
BRDA:187,29,2,0
BRDA:188,30,0,0
BRDA:188,30,1,0
BRDA:188,30,2,0
BRDA:190,31,0,0
BRDA:190,31,1,0
BRDA:190,31,2,0
BRDA:191,32,0,0
BRDA:191,32,1,0
BRDA:202,33,0,0
BRDA:202,33,1,0
BRDA:202,33,2,0
BRDA:204,34,0,0
BRDA:204,34,1,0
BRDA:211,35,0,0
BRDA:211,35,1,0
BRDA:211,35,2,0
BRDA:218,36,0,0
BRDA:218,36,1,0
BRDA:219,37,0,0
BRDA:219,37,1,0
BRDA:220,38,0,0
BRDA:220,38,1,0
BRDA:221,39,0,0
BRDA:221,39,1,0
BRDA:222,40,0,0
BRDA:222,40,1,0
BRDA:223,41,0,0
BRDA:223,41,1,0
BRDA:232,42,0,0
BRDA:232,42,1,0
BRDA:252,43,0,0
BRDA:252,43,1,0
BRF:92
BRH:0
end_of_record
TN:
SF:src\features\canvas\components\TableCellEditor.tsx
FN:19,(anonymous_0)
FN:30,(anonymous_1)
FN:38,(anonymous_2)
FN:48,(anonymous_3)
FN:76,(anonymous_4)
FNF:5
FNH:0
FNDA:0,(anonymous_0)
FNDA:0,(anonymous_1)
FNDA:0,(anonymous_2)
FNDA:0,(anonymous_3)
FNDA:0,(anonymous_4)
DA:19,0
DA:27,0
DA:28,0
DA:30,0
DA:31,0
DA:32,0
DA:33,0
DA:34,0
DA:38,0
DA:39,0
DA:40,0
DA:41,0
DA:42,0
DA:43,0
DA:44,0
DA:48,0
DA:49,0
DA:52,0
DA:54,0
DA:72,0
DA:76,0
LF:21
LH:0
BRDA:31,0,0,0
BRDA:31,0,1,0
BRDA:31,1,0,0
BRDA:31,1,1,0
BRDA:39,2,0,0
BRDA:39,2,1,0
BRDA:39,3,0,0
BRDA:39,3,1,0
BRDA:42,4,0,0
BRDA:42,4,1,0
BRDA:52,5,0,0
BRDA:52,5,1,0
BRF:12
BRH:0
end_of_record
TN:
SF:src\features\canvas\components\TextEditingOverlay.tsx
FN:17,(anonymous_0)
FN:36,(anonymous_1)
FN:50,(anonymous_2)
FN:66,(anonymous_3)
FN:70,(anonymous_4)
FN:73,(anonymous_5)
FN:77,(anonymous_6)
FN:85,(anonymous_7)
FN:102,(anonymous_8)
FN:115,(anonymous_9)
FN:126,(anonymous_10)
FN:163,(anonymous_11)
FN:164,(anonymous_12)
FN:183,(anonymous_13)
FN:199,(anonymous_14)
FN:230,(anonymous_15)
FNF:16
FNH:0
FNDA:0,(anonymous_0)
FNDA:0,(anonymous_1)
FNDA:0,(anonymous_2)
FNDA:0,(anonymous_3)
FNDA:0,(anonymous_4)
FNDA:0,(anonymous_5)
FNDA:0,(anonymous_6)
FNDA:0,(anonymous_7)
FNDA:0,(anonymous_8)
FNDA:0,(anonymous_9)
FNDA:0,(anonymous_10)
FNDA:0,(anonymous_11)
FNDA:0,(anonymous_12)
FNDA:0,(anonymous_13)
FNDA:0,(anonymous_14)
FNDA:0,(anonymous_15)
DA:17,0
DA:28,0
DA:29,0
DA:30,0
DA:31,0
DA:32,0
DA:33,0
DA:36,0
DA:37,0
DA:38,0
DA:46,0
DA:47,0
DA:50,0
DA:51,0
DA:52,0
DA:55,0
DA:57,0
DA:59,0
DA:62,0
DA:66,0
DA:67,0
DA:70,0
DA:73,0
DA:74,0
DA:77,0
DA:78,0
DA:79,0
DA:81,0
DA:82,0
DA:85,0
DA:86,0
DA:89,0
DA:91,0
DA:92,0
DA:93,0
DA:95,0
DA:96,0
DA:99,0
DA:102,0
DA:104,0
DA:105,0
DA:106,0
DA:111,0
DA:112,0
DA:115,0
DA:117,0
DA:118,0
DA:121,0
DA:126,0
DA:128,0
DA:131,0
DA:132,0
DA:134,0
DA:136,0
DA:138,0
DA:143,0
DA:144,0
DA:146,0
DA:147,0
DA:148,0
DA:150,0
DA:151,0
DA:152,0
DA:154,0
DA:155,0
DA:156,0
DA:158,0
DA:163,0
DA:164,0
DA:165,0
DA:166,0
DA:171,0
DA:184,0
DA:199,0
DA:230,0
LF:75
LH:0
BRDA:37,0,0,0
BRDA:37,0,1,0
BRDA:47,1,0,0
BRDA:47,1,1,0
BRDA:51,2,0,0
BRDA:51,2,1,0
BRDA:55,3,0,0
BRDA:55,3,1,0
BRDA:79,4,0,0
BRDA:79,4,1,0
BRDA:89,5,0,0
BRDA:89,5,1,0
BRDA:89,6,0,0
BRDA:89,6,1,0
BRDA:104,7,0,0
BRDA:104,7,1,0
BRDA:111,8,0,0
BRDA:111,8,1,0
BRDA:117,9,0,0
BRDA:117,9,1,0
BRDA:117,10,0,0
BRDA:117,10,1,0
BRDA:131,11,0,0
BRDA:131,11,1,0
BRDA:131,12,0,0
BRDA:131,12,1,0
BRDA:134,13,0,0
BRDA:134,13,1,0
BRDA:134,13,2,0
BRDA:136,14,0,0
BRDA:136,14,1,0
BRDA:136,15,0,0
BRDA:136,15,1,0
BRDA:143,16,0,0
BRDA:143,16,1,0
BRDA:146,17,0,0
BRDA:146,17,1,0
BRDA:151,18,0,0
BRDA:151,18,1,0
BRDA:151,19,0,0
BRDA:151,19,1,0
BRDA:154,20,0,0
BRDA:154,20,1,0
BRDA:165,21,0,0
BRDA:165,21,1,0
BRDA:178,22,0,0
BRDA:178,22,1,0
BRDA:179,23,0,0
BRDA:179,23,1,0
BRDA:226,24,0,0
BRDA:226,24,1,0
BRF:51
BRH:0
end_of_record
TN:
SF:src\features\canvas\components\TransformerManager.tsx
FN:24,(anonymous_0)
FN:39,(anonymous_1)
FN:57,(anonymous_2)
FN:81,(anonymous_3)
FN:90,(anonymous_4)
FN:157,(anonymous_5)
FNF:6
FNH:0
FNDA:0,(anonymous_0)
FNDA:0,(anonymous_1)
FNDA:0,(anonymous_2)
FNDA:0,(anonymous_3)
FNDA:0,(anonymous_4)
FNDA:0,(anonymous_5)
DA:24,0
DA:25,0
DA:33,0
DA:36,0
DA:39,0
DA:40,0
DA:41,0
DA:43,0
DA:46,0
DA:48,0
DA:50,0
DA:51,0
DA:55,0
DA:57,0
DA:59,0
DA:60,0
DA:61,0
DA:64,0
DA:65,0
DA:66,0
DA:71,0
DA:72,0
DA:73,0
DA:74,0
DA:76,0
DA:81,0
DA:82,0
DA:83,0
DA:85,0
DA:86,0
DA:88,0
DA:90,0
DA:91,0
DA:92,0
DA:93,0
DA:95,0
DA:96,0
DA:98,0
DA:104,0
DA:111,0
DA:116,0
DA:118,0
DA:119,0
DA:123,0
DA:126,0
DA:127,0
DA:132,0
DA:135,0
DA:136,0
DA:139,0
DA:140,0
DA:143,0
DA:144,0
DA:145,0
DA:153,0
DA:159,0
DA:160,0
DA:162,0
LF:58
LH:0
BRDA:43,0,0,0
BRDA:43,0,1,0
BRDA:43,1,0,0
BRDA:43,1,1,0
BRDA:48,2,0,0
BRDA:48,2,1,0
BRDA:60,3,0,0
BRDA:60,3,1,0
BRDA:65,4,0,0
BRDA:65,4,1,0
BRDA:71,5,0,0
BRDA:71,5,1,0
BRDA:83,6,0,0
BRDA:83,6,1,0
BRDA:86,7,0,0
BRDA:86,7,1,0
BRDA:93,8,0,0
BRDA:93,8,1,0
BRDA:104,9,0,0
BRDA:104,9,1,0
BRDA:104,9,2,0
BRDA:104,9,3,0
BRDA:104,9,4,0
BRDA:104,9,5,0
BRDA:104,9,6,0
BRDA:104,9,7,0
BRDA:104,9,8,0
BRDA:113,10,0,0
BRDA:113,10,1,0
BRDA:114,11,0,0
BRDA:114,11,1,0
BRDA:121,12,0,0
BRDA:121,12,1,0
BRDA:129,13,0,0
BRDA:129,13,1,0
BRDA:130,14,0,0
BRDA:130,14,1,0
BRDA:143,15,0,0
BRDA:143,15,1,0
BRDA:159,16,0,0
BRDA:159,16,1,0
BRDA:159,17,0,0
BRDA:159,17,1,0
BRF:43
BRH:0
end_of_record
TN:
SF:src\features\canvas\components\UnifiedTextEditor.tsx
FN:30,(anonymous_0)
FN:45,(anonymous_1)
FN:57,(anonymous_2)
FN:59,(anonymous_3)
FN:74,(anonymous_4)
FN:82,(anonymous_5)
FN:95,(anonymous_6)
FN:96,(anonymous_7)
FN:131,(anonymous_8)
FN:136,(anonymous_9)
FN:137,(anonymous_10)
FN:152,(anonymous_11)
FN:185,(anonymous_12)
FN:209,(anonymous_13)
FNF:14
FNH:0
FNDA:0,(anonymous_0)
FNDA:0,(anonymous_1)
FNDA:0,(anonymous_2)
FNDA:0,(anonymous_3)
FNDA:0,(anonymous_4)
FNDA:0,(anonymous_5)
FNDA:0,(anonymous_6)
FNDA:0,(anonymous_7)
FNDA:0,(anonymous_8)
FNDA:0,(anonymous_9)
FNDA:0,(anonymous_10)
FNDA:0,(anonymous_11)
FNDA:0,(anonymous_12)
FNDA:0,(anonymous_13)
DA:30,0
DA:40,0
DA:41,0
DA:42,0
DA:45,0
DA:46,0
DA:47,0
DA:54,0
DA:57,0
DA:58,0
DA:59,0
DA:60,0
DA:61,0
DA:64,0
DA:65,0
DA:67,0
DA:70,0
DA:74,0
DA:75,0
DA:76,0
DA:77,0
DA:82,0
DA:83,0
DA:85,0
DA:86,0
DA:88,0
DA:89,0
DA:91,0
DA:95,0
DA:96,0
DA:97,0
DA:100,0
DA:101,0
DA:103,0
DA:105,0
DA:107,0
DA:111,0
DA:113,0
DA:114,0
DA:115,0
DA:117,0
DA:119,0
DA:120,0
DA:121,0
DA:123,0
DA:124,0
DA:125,0
DA:129,0
DA:130,0
DA:131,0
DA:136,0
DA:137,0
DA:138,0
DA:140,0
DA:141,0
DA:143,0
DA:144,0
DA:145,0
DA:150,0
DA:151,0
DA:152,0
DA:156,0
DA:158,0
DA:185,0
DA:186,0
DA:188,0
DA:189,0
DA:190,0
DA:191,0
DA:192,0
DA:193,0
DA:194,0
DA:195,0
DA:196,0
DA:198,0
DA:201,0
DA:202,0
DA:203,0
DA:210,0
DA:213,0
DA:215,0
DA:216,0
DA:218,0
LF:83
LH:0
BRDA:46,0,0,0
BRDA:46,0,1,0
BRDA:58,1,0,0
BRDA:58,1,1,0
BRDA:58,2,0,0
BRDA:58,2,1,0
BRDA:58,2,2,0
BRDA:60,3,0,0
BRDA:60,3,1,0
BRDA:64,4,0,0
BRDA:64,4,1,0
BRDA:75,5,0,0
BRDA:75,5,1,0
BRDA:83,6,0,0
BRDA:83,6,1,0
BRDA:88,7,0,0
BRDA:88,7,1,0
BRDA:97,8,0,0
BRDA:97,8,1,0
BRDA:100,9,0,0
BRDA:100,9,1,0
BRDA:100,10,0,0
BRDA:100,10,1,0
BRDA:103,11,0,0
BRDA:103,11,1,0
BRDA:103,11,2,0
BRDA:105,12,0,0
BRDA:105,12,1,0
BRDA:105,13,0,0
BRDA:105,13,1,0
BRDA:111,14,0,0
BRDA:111,14,1,0
BRDA:111,14,2,0
BRDA:113,15,0,0
BRDA:113,15,1,0
BRDA:129,16,0,0
BRDA:129,16,1,0
BRDA:138,17,0,0
BRDA:138,17,1,0
BRDA:138,18,0,0
BRDA:138,18,1,0
BRDA:141,19,0,0
BRDA:141,19,1,0
BRDA:141,20,0,0
BRDA:141,20,1,0
BRDA:144,21,0,0
BRDA:144,21,1,0
BRDA:150,22,0,0
BRDA:150,22,1,0
BRDA:156,23,0,0
BRDA:156,23,1,0
BRDA:167,24,0,0
BRDA:167,24,1,0
BRDA:168,25,0,0
BRDA:168,25,1,0
BRDA:169,26,0,0
BRDA:169,26,1,0
BRDA:169,26,2,0
BRDA:170,27,0,0
BRDA:170,27,1,0
BRDA:171,28,0,0
BRDA:171,28,1,0
BRDA:188,29,0,0
BRDA:188,29,1,0
BRDA:202,30,0,0
BRDA:202,30,1,0
BRDA:213,31,0,0
BRDA:213,31,1,0
BRDA:213,32,0,0
BRDA:213,32,1,0
BRF:70
BRH:0
end_of_record
TN:
SF:src\features\canvas\components\UnifiedTextElement.tsx
FN:45,(anonymous_0)
FN:50,(anonymous_1)
FN:58,(anonymous_2)
FN:70,(anonymous_3)
FN:87,(anonymous_4)
FN:97,(anonymous_5)
FN:113,(anonymous_6)
FN:121,(anonymous_7)
FN:127,(anonymous_8)
FN:131,(anonymous_9)
FN:155,(anonymous_10)
FN:244,(anonymous_11)
FN:250,(anonymous_12)
FN:254,(anonymous_13)
FN:264,(anonymous_14)
FN:338,(anonymous_15)
FNF:16
FNH:0
FNDA:0,(anonymous_0)
FNDA:0,(anonymous_1)
FNDA:0,(anonymous_2)
FNDA:0,(anonymous_3)
FNDA:0,(anonymous_4)
FNDA:0,(anonymous_5)
FNDA:0,(anonymous_6)
FNDA:0,(anonymous_7)
FNDA:0,(anonymous_8)
FNDA:0,(anonymous_9)
FNDA:0,(anonymous_10)
FNDA:0,(anonymous_11)
FNDA:0,(anonymous_12)
FNDA:0,(anonymous_13)
FNDA:0,(anonymous_14)
FNDA:0,(anonymous_15)
DA:44,0
DA:46,0
DA:50,0
DA:51,0
DA:53,0
DA:54,0
DA:58,0
DA:60,0
DA:61,0
DA:62,0
DA:66,0
DA:67,0
DA:70,0
DA:72,0
DA:73,0
DA:74,0
DA:76,0
DA:82,0
DA:83,0
DA:84,0
DA:87,0
DA:88,0
DA:89,0
DA:91,0
DA:93,0
DA:94,0
DA:96,0
DA:97,0
DA:98,0
DA:99,0
DA:100,0
DA:103,0
DA:106,0
DA:109,0
DA:110,0
DA:113,0
DA:114,0
DA:115,0
DA:122,0
DA:128,0
DA:129,0
DA:132,0
DA:133,0
DA:157,0
DA:160,0
DA:161,0
DA:162,0
DA:165,0
DA:173,0
DA:238,0
DA:245,0
DA:251,0
DA:252,0
DA:255,0
DA:256,0
DA:266,0
DA:269,0
DA:270,0
DA:271,0
DA:274,0
DA:282,0
DA:340,0
DA:341,0
DA:342,0
DA:343,0
DA:346,0
DA:354,0
DA:357,0
LF:68
LH:0
BRDA:45,0,0,0
BRDA:60,1,0,0
BRDA:60,1,1,0
BRDA:66,2,0,0
BRDA:66,2,1,0
BRDA:66,3,0,0
BRDA:66,3,1,0
BRDA:66,3,2,0
BRDA:73,4,0,0
BRDA:73,4,1,0
BRDA:73,5,0,0
BRDA:73,5,1,0
BRDA:82,6,0,0
BRDA:82,6,1,0
BRDA:83,7,0,0
BRDA:83,7,1,0
BRDA:84,8,0,0
BRDA:84,8,1,0
BRDA:88,9,0,0
BRDA:88,9,1,0
BRDA:91,10,0,0
BRDA:91,10,1,0
BRDA:94,11,0,0
BRDA:94,11,1,0
BRDA:94,12,0,0
BRDA:94,12,1,0
BRDA:98,13,0,0
BRDA:98,13,1,0
BRDA:99,14,0,0
BRDA:99,14,1,0
BRDA:110,15,0,0
BRDA:110,15,1,0
BRDA:114,16,0,0
BRDA:114,16,1,0
BRDA:141,17,0,0
BRDA:141,17,1,0
BRDA:142,18,0,0
BRDA:142,18,1,0
BRDA:143,19,0,0
BRDA:143,19,1,0
BRDA:144,20,0,0
BRDA:144,20,1,0
BRDA:145,21,0,0
BRDA:145,21,1,0
BRDA:154,22,0,0
BRDA:154,22,1,0
BRDA:154,22,2,0
BRDA:157,23,0,0
BRDA:157,23,1,0
BRDA:160,24,0,0
BRDA:160,24,1,0
BRDA:161,25,0,0
BRDA:161,25,1,0
BRDA:162,26,0,0
BRDA:162,26,1,0
BRDA:167,27,0,0
BRDA:167,27,1,0
BRDA:167,27,2,0
BRDA:169,28,0,0
BRDA:169,28,1,0
BRDA:169,28,2,0
BRDA:170,29,0,0
BRDA:170,29,1,0
BRDA:170,29,2,0
BRDA:178,30,0,0
BRDA:178,30,1,0
BRDA:179,31,0,0
BRDA:179,31,1,0
BRDA:181,32,0,0
BRDA:181,32,1,0
BRDA:181,32,2,0
BRDA:182,33,0,0
BRDA:182,33,1,0
BRDA:182,33,2,0
BRDA:183,34,0,0
BRDA:183,34,1,0
BRDA:183,34,2,0
BRDA:185,35,0,0
BRDA:185,35,1,0
BRDA:185,35,2,0
BRDA:186,36,0,0
BRDA:186,36,1,0
BRDA:197,37,0,0
BRDA:197,37,1,0
BRDA:197,37,2,0
BRDA:201,38,0,0
BRDA:201,38,1,0
BRDA:202,39,0,0
BRDA:202,39,1,0
BRDA:204,40,0,0
BRDA:204,40,1,0
BRDA:205,41,0,0
BRDA:205,41,1,0
BRDA:206,42,0,0
BRDA:206,42,1,0
BRDA:207,43,0,0
BRDA:207,43,1,0
BRDA:208,44,0,0
BRDA:208,44,1,0
BRDA:209,45,0,0
BRDA:209,45,1,0
BRDA:218,46,0,0
BRDA:218,46,1,0
BRDA:222,47,0,0
BRDA:222,47,1,0
BRDA:223,48,0,0
BRDA:223,48,1,0
BRDA:228,49,0,0
BRDA:228,49,1,0
BRDA:263,50,0,0
BRDA:263,50,1,0
BRDA:263,50,2,0
BRDA:266,51,0,0
BRDA:266,51,1,0
BRDA:269,52,0,0
BRDA:269,52,1,0
BRDA:270,53,0,0
BRDA:270,53,1,0
BRDA:271,54,0,0
BRDA:271,54,1,0
BRDA:276,55,0,0
BRDA:276,55,1,0
BRDA:276,55,2,0
BRDA:278,56,0,0
BRDA:278,56,1,0
BRDA:278,56,2,0
BRDA:278,56,3,0
BRDA:279,57,0,0
BRDA:279,57,1,0
BRDA:279,57,2,0
BRDA:285,58,0,0
BRDA:285,58,1,0
BRDA:286,59,0,0
BRDA:286,59,1,0
BRDA:287,60,0,0
BRDA:287,60,1,0
BRDA:289,61,0,0
BRDA:289,61,1,0
BRDA:289,61,2,0
BRDA:290,62,0,0
BRDA:290,62,1,0
BRDA:290,62,2,0
BRDA:291,63,0,0
BRDA:291,63,1,0
BRDA:291,63,2,0
BRDA:291,63,3,0
BRDA:293,64,0,0
BRDA:293,64,1,0
BRDA:293,64,2,0
BRDA:294,65,0,0
BRDA:294,65,1,0
BRDA:305,66,0,0
BRDA:305,66,1,0
BRDA:305,66,2,0
BRDA:307,67,0,0
BRDA:307,67,1,0
BRDA:308,68,0,0
BRDA:308,68,1,0
BRDA:310,69,0,0
BRDA:310,69,1,0
BRDA:311,70,0,0
BRDA:311,70,1,0
BRDA:312,71,0,0
BRDA:312,71,1,0
BRDA:312,72,0,0
BRDA:312,72,1,0
BRDA:312,72,2,0
BRDA:313,73,0,0
BRDA:313,73,1,0
BRDA:314,74,0,0
BRDA:314,74,1,0
BRDA:314,75,0,0
BRDA:314,75,1,0
BRDA:315,76,0,0
[...]
BRDA:217,23,4,0
BRDA:217,23,5,0
BRDA:217,23,6,0
BRDA:217,23,7,0
BRDA:217,23,8,0
BRDA:217,23,9,0
BRDA:217,23,10,0
BRDA:217,23,11,0
BRDA:217,23,12,0
BRDA:217,23,13,0
BRDA:217,23,14,0
BRDA:217,23,15,0
BRDA:220,24,0,0
BRDA:220,24,1,0
BRDA:228,25,0,0
BRDA:228,25,1,0
BRDA:228,26,0,0
BRDA:228,26,1,0
BRDA:236,27,0,0
BRDA:236,27,1,0
BRDA:236,28,0,0
BRDA:236,28,1,0
BRDA:237,29,0,0
BRDA:237,29,1,0
BRDA:248,30,0,0
BRDA:248,30,1,0
BRDA:248,31,0,0
BRDA:248,31,1,0
BRDA:256,32,0,0
BRDA:256,32,1,0
BRDA:256,33,0,0
BRDA:256,33,1,0
BRDA:256,33,2,0
BRDA:264,34,0,0
BRDA:264,34,1,0
BRDA:264,35,0,0
BRDA:264,35,1,0
BRDA:272,36,0,0
BRDA:272,36,1,0
BRDA:272,37,0,0
BRDA:272,37,1,0
BRDA:272,37,2,0
BRDA:280,38,0,0
BRDA:280,38,1,0
BRDA:308,39,0,0
BRDA:308,39,1,0
BRDA:308,40,0,0
BRDA:308,40,1,0
BRDA:308,40,2,0
BRDA:309,41,0,0
BRDA:309,41,1,0
BRDA:309,41,2,0
BRDA:309,41,3,0
BRDA:309,41,4,0
BRDA:309,41,5,0
BRDA:309,41,6,0
BRDA:309,41,7,0
BRDA:309,41,8,0
BRDA:309,41,9,0
BRDA:309,41,10,0
BRDA:309,41,11,0
BRDA:337,42,0,0
BRDA:337,42,1,0
BRDA:337,43,0,0
BRDA:337,43,1,0
BRDA:347,44,0,0
BRDA:347,44,1,0
BRDA:353,45,0,0
BRDA:353,45,1,0
BRDA:355,46,0,0
BRDA:355,46,1,0
BRDA:381,47,0,0
BRDA:381,47,1,0
BRDA:402,48,0,0
BRDA:402,48,1,0
BRDA:412,49,0,0
BRDA:412,49,1,0
BRF:142
BRH:0
end_of_record
TN:
SF:src\features\canvas\utils\performance\konvaOptimizer.ts
FN:26,(anonymous_0)
FN:42,(anonymous_1)
FN:52,(anonymous_2)
FN:75,(anonymous_3)
FN:92,(anonymous_4)
FN:100,(anonymous_5)
FN:104,(anonymous_6)
FN:114,(anonymous_7)
FN:119,(anonymous_8)
FN:127,(anonymous_9)
FN:136,(anonymous_10)
FN:145,(anonymous_11)
FN:169,(anonymous_12)
FN:179,(anonymous_13)
FN:185,(anonymous_14)
FN:198,(anonymous_15)
FN:209,(anonymous_16)
FN:220,(anonymous_17)
FN:230,(anonymous_18)
FN:242,(anonymous_19)
FN:260,(anonymous_20)
FN:278,(anonymous_21)
FN:282,(anonymous_22)
FN:287,(anonymous_23)
FN:296,(anonymous_24)
FN:315,(anonymous_25)
FN:328,(anonymous_26)
FN:350,useKonvaOptimization
FN:351,(anonymous_28)
FN:356,(anonymous_29)
FNF:30
FNH:0
FNDA:0,(anonymous_0)
FNDA:0,(anonymous_1)
FNDA:0,(anonymous_2)
FNDA:0,(anonymous_3)
FNDA:0,(anonymous_4)
FNDA:0,(anonymous_5)
FNDA:0,(anonymous_6)
FNDA:0,(anonymous_7)
FNDA:0,(anonymous_8)
FNDA:0,(anonymous_9)
FNDA:0,(anonymous_10)
FNDA:0,(anonymous_11)
FNDA:0,(anonymous_12)
FNDA:0,(anonymous_13)
FNDA:0,(anonymous_14)
FNDA:0,(anonymous_15)
FNDA:0,(anonymous_16)
FNDA:0,(anonymous_17)
FNDA:0,(anonymous_18)
FNDA:0,(anonymous_19)
FNDA:0,(anonymous_20)
FNDA:0,(anonymous_21)
FNDA:0,(anonymous_22)
FNDA:0,(anonymous_23)
FNDA:0,(anonymous_24)
FNDA:0,(anonymous_25)
FNDA:0,(anonymous_26)
FNDA:0,useKonvaOptimization
FNDA:0,(anonymous_28)
FNDA:0,(anonymous_29)
DA:21,0
DA:22,0
DA:23,0
DA:24,0
DA:27,0
DA:43,0
DA:44,0
DA:45,0
DA:46,0
DA:53,0
DA:56,0
DA:57,0
DA:58,0
DA:64,0
DA:67,0
DA:68,0
DA:76,0
DA:79,0
DA:80,0
DA:81,0
DA:82,0
DA:86,0
DA:87,0
DA:93,0
DA:95,0
DA:96,0
DA:97,0
DA:100,0
DA:101,0
DA:103,0
DA:104,0
DA:105,0
DA:106,0
DA:115,0
DA:118,0
DA:119,0
DA:120,0
DA:121,0
DA:122,0
DA:127,0
DA:128,0
DA:129,0
DA:138,0
DA:147,0
DA:148,0
DA:152,0
DA:154,0
DA:155,0
DA:156,0
DA:161,0
DA:162,0
DA:171,0
DA:180,0
DA:183,0
DA:185,0
DA:186,0
DA:189,0
DA:190,0
DA:191,0
DA:194,0
DA:195,0
DA:198,0
DA:199,0
DA:202,0
DA:210,0
DA:211,0
DA:214,0
DA:215,0
DA:216,0
DA:221,0
DA:222,0
DA:225,0
DA:226,0
DA:231,0
DA:232,0
DA:234,0
DA:235,0
DA:247,0
DA:248,0
DA:250,0
DA:253,0
DA:262,0
DA:264,0
DA:265,0
DA:266,0
DA:268,0
DA:272,0
DA:279,0
DA:282,0
DA:283,0
DA:287,0
DA:288,0
DA:289,0
DA:298,0
DA:301,0
DA:302,0
DA:303,0
DA:307,0
DA:308,0
DA:316,0
DA:317,0
DA:319,0
DA:320,0
DA:321,0
DA:333,0
DA:345,0
DA:351,0
DA:352,0
DA:353,0
DA:356,0
DA:357,0
DA:361,0
LF:112
LH:0
BRDA:26,0,0,0
BRDA:53,1,0,0
BRDA:53,1,1,0
BRDA:56,2,0,0
BRDA:56,2,1,0
BRDA:57,3,0,0
BRDA:57,3,1,0
BRDA:67,4,0,0
BRDA:67,4,1,0
BRDA:76,5,0,0
BRDA:76,5,1,0
BRDA:79,6,0,0
BRDA:79,6,1,0
BRDA:86,7,0,0
BRDA:86,7,1,0
BRDA:93,8,0,0
BRDA:93,8,1,0
BRDA:101,9,0,0
BRDA:101,9,1,0
BRDA:115,10,0,0
BRDA:115,10,1,0
BRDA:118,11,0,0
BRDA:118,11,1,0
BRDA:120,12,0,0
BRDA:120,12,1,0
BRDA:128,13,0,0
BRDA:128,13,1,0
BRDA:138,14,0,0
BRDA:138,14,1,0
BRDA:138,14,2,0
BRDA:147,15,0,0
BRDA:147,15,1,0
BRDA:147,16,0,0
BRDA:147,16,1,0
BRDA:152,17,0,0
BRDA:152,17,1,0
BRDA:152,18,0,0
BRDA:152,18,1,0
BRDA:155,19,0,0
BRDA:155,19,1,0
BRDA:155,20,0,0
BRDA:155,20,1,0
BRDA:161,21,0,0
BRDA:161,21,1,0
BRDA:171,22,0,0
BRDA:171,22,1,0
BRDA:171,22,2,0
BRDA:180,23,0,0
BRDA:180,23,1,0
BRDA:189,24,0,0
BRDA:189,24,1,0
BRDA:191,25,0,0
BRDA:191,25,1,0
BRDA:211,26,0,0
BRDA:211,26,1,0
BRDA:215,27,0,0
BRDA:215,27,1,0
BRDA:222,28,0,0
BRDA:222,28,1,0
BRDA:225,29,0,0
BRDA:225,29,1,0
BRDA:232,30,0,0
BRDA:232,30,1,0
BRDA:234,31,0,0
BRDA:234,31,1,0
BRDA:248,32,0,0
BRDA:248,32,1,0
BRDA:262,33,0,0
BRDA:262,33,1,0
BRDA:264,34,0,0
BRDA:264,34,1,0
BRDA:279,35,0,0
BRDA:279,35,1,0
BRDA:279,36,0,0
BRDA:279,36,1,0
BRDA:301,37,0,0
BRDA:301,37,1,0
BRDA:307,38,0,0
BRDA:307,38,1,0
BRDA:307,39,0,0
BRDA:307,39,1,0
BRDA:319,40,0,0
BRDA:319,40,1,0
BRDA:334,41,0,0
BRDA:334,41,1,0
BRDA:337,42,0,0
BRDA:337,42,1,0
BRDA:352,43,0,0
BRDA:352,43,1,0
BRF:89
BRH:0
end_of_record
TN:
SF:src\features\canvas\utils\performance\operationQueue.ts
FN:27,(anonymous_0)
FN:32,(anonymous_1)
FN:33,(anonymous_2)
FN:41,(anonymous_3)
FN:62,(anonymous_4)
FN:83,(anonymous_5)
FN:91,(anonymous_6)
FN:92,(anonymous_7)
FN:93,(anonymous_8)
FN:98,(anonymous_9)
FN:102,(anonymous_10)
FN:112,(anonymous_11)
FN:118,(anonymous_12)
FN:129,(anonymous_13)
FN:145,(anonymous_14)
FN:152,(anonymous_15)
FN:167,(anonymous_16)
FN:169,(anonymous_17)
FN:181,(anonymous_18)
FN:190,(anonymous_19)
FN:203,(anonymous_20)
FN:216,(anonymous_21)
FNF:22
FNH:0
FNDA:0,(anonymous_0)
FNDA:0,(anonymous_1)
FNDA:0,(anonymous_2)
FNDA:0,(anonymous_3)
FNDA:0,(anonymous_4)
FNDA:0,(anonymous_5)
FNDA:0,(anonymous_6)
FNDA:0,(anonymous_7)
FNDA:0,(anonymous_8)
FNDA:0,(anonymous_9)
FNDA:0,(anonymous_10)
FNDA:0,(anonymous_11)
FNDA:0,(anonymous_12)
FNDA:0,(anonymous_13)
FNDA:0,(anonymous_14)
FNDA:0,(anonymous_15)
FNDA:0,(anonymous_16)
FNDA:0,(anonymous_17)
FNDA:0,(anonymous_18)
FNDA:0,(anonymous_19)
FNDA:0,(anonymous_20)
FNDA:0,(anonymous_21)
DA:23,0
DA:24,0
DA:25,0
DA:28,0
DA:32,0
DA:33,0
DA:42,0
DA:50,0
DA:51,0
DA:54,0
DA:55,0
DA:63,0
DA:64,0
DA:67,0
DA:68,0
DA:70,0
DA:72,0
DA:74,0
DA:75,0
DA:77,0
DA:79,0
DA:82,0
DA:83,0
DA:92,0
DA:93,0
DA:94,0
DA:97,0
DA:99,0
DA:100,0
DA:103,0
DA:104,0
DA:113,0
DA:115,0
DA:117,0
DA:118,0
DA:119,0
DA:120,0
DA:123,0
DA:130,0
DA:131,0
DA:132,0
DA:133,0
DA:134,0
DA:135,0
DA:136,0
DA:139,0
DA:146,0
DA:157,0
DA:168,0
DA:169,0
DA:177,0
DA:182,0
DA:190,0
DA:194,0
DA:203,0
DA:207,0
DA:216,0
DA:220,0
LF:58
LH:0
BRDA:27,0,0,0
BRDA:54,1,0,0
BRDA:54,1,1,0
BRDA:63,2,0,0
BRDA:63,2,1,0
BRDA:63,3,0,0
BRDA:63,3,1,0
BRDA:68,4,0,0
BRDA:68,4,1,0
BRDA:82,5,0,0
BRDA:82,5,1,0
BRDA:113,6,0,0
BRDA:113,6,1,0
BRDA:115,7,0,0
BRDA:115,7,1,0
BRDA:133,8,0,0
BRDA:133,8,1,0
BRDA:134,9,0,0
BRDA:134,9,1,0
BRDA:135,10,0,0
BRDA:135,10,1,0
BRDA:168,11,0,0
BRDA:168,11,1,0
BRDA:192,12,0,0
BRF:24
BRH:0
end_of_record
TN:
SF:src\features\canvas\utils\performance\pathOptimization.ts
FN:27,douglasPeucker
FN:65,pointToLineDistance
FN:102,pointsArrayToPoints
FN:119,pointsToPointsArray
FN:131,optimizePenPath
FN:179,completePenStroke
FN:196,calculateAdaptiveTolerance
FN:230,smartOptimizePenPath
FNF:8
FNH:0
FNDA:0,douglasPeucker
FNDA:0,pointToLineDistance
FNDA:0,pointsArrayToPoints
FNDA:0,pointsToPointsArray
FNDA:0,optimizePenPath
FNDA:0,completePenStroke
FNDA:0,calculateAdaptiveTolerance
FNDA:0,smartOptimizePenPath
DA:17,0
DA:28,0
DA:31,0
DA:32,0
DA:33,0
DA:34,0
DA:36,0
DA:38,0
DA:39,0
DA:40,0
DA:42,0
DA:43,0
DA:44,0
DA:45,0
DA:50,0
DA:51,0
DA:52,0
DA:55,0
DA:58,0
DA:66,0
DA:67,0
DA:68,0
DA:69,0
DA:71,0
DA:72,0
DA:74,0
DA:76,0
DA:79,0
DA:83,0
DA:84,0
DA:85,0
DA:86,0
DA:87,0
DA:88,0
DA:90,0
DA:91,0
DA:94,0
DA:95,0
DA:96,0
DA:103,0
DA:104,0
DA:105,0
DA:106,0
DA:107,0
DA:108,0
DA:109,0
DA:113,0
DA:120,0
DA:121,0
DA:122,0
DA:124,0
DA:135,0
DA:137,0
DA:140,0
DA:143,0
DA:145,0
DA:146,0
DA:148,0
DA:149,0
DA:154,0
DA:158,0
DA:161,0
DA:162,0
DA:163,0
DA:164,0
DA:166,0
DA:167,0
DA:173,0
DA:183,0
DA:190,0
DA:202,0
DA:205,0
DA:208,0
DA:209,0
DA:210,0
DA:211,0
DA:212,0
DA:213,0
DA:218,0
DA:219,0
DA:220,0
DA:221,0
DA:224,0
DA:238,0
DA:241,0
DA:244,0
DA:246,0
LF:87
LH:0
BRDA:28,0,0,0
BRDA:28,0,1,0
BRDA:36,1,0,0
BRDA:36,1,1,0
BRDA:36,2,0,0
BRDA:36,2,1,0
BRDA:40,3,0,0
BRDA:40,3,1,0
BRDA:43,4,0,0
BRDA:43,4,1,0
BRDA:50,5,0,0
BRDA:50,5,1,0
BRDA:74,6,0,0
BRDA:74,6,1,0
BRDA:83,7,0,0
BRDA:83,7,1,0
BRDA:86,8,0,0
BRDA:86,8,1,0
BRDA:105,9,0,0
BRDA:105,9,1,0
BRDA:108,10,0,0
BRDA:108,10,1,0
BRDA:108,11,0,0
BRDA:108,11,1,0
BRDA:133,12,0,0
BRDA:137,13,0,0
BRDA:137,13,1,0
BRDA:143,14,0,0
BRDA:143,14,1,0
BRDA:148,15,0,0
BRDA:148,15,1,0
BRDA:161,16,0,0
BRDA:161,16,1,0
BRDA:166,17,0,0
BRDA:166,17,1,0
BRDA:166,18,0,0
BRDA:166,18,1,0
BRDA:181,19,0,0
BRDA:198,20,0,0
BRDA:208,21,0,0
BRDA:208,21,1,0
BRDA:210,22,0,0
BRDA:210,22,1,0
BRDA:212,23,0,0
BRDA:212,23,1,0
BRDA:218,24,0,0
BRDA:218,24,1,0
BRDA:220,25,0,0
BRDA:220,25,1,0
BRDA:232,26,0,0
BRDA:238,27,0,0
BRDA:238,28,0,0
BRDA:244,29,0,0
BRDA:244,29,1,0
BRF:54
BRH:0
end_of_record
TN:
SF:src\features\canvas\utils\performance\performanceMonitoring.ts
FN:37,(anonymous_0)
FN:44,(anonymous_1)
FN:66,(anonymous_2)
FN:67,(anonymous_3)
FN:96,(anonymous_4)
FN:125,(anonymous_5)
FN:131,(anonymous_6)
FN:163,(anonymous_7)
FN:171,(anonymous_8)
FN:189,(anonymous_9)
FN:190,(anonymous_10)
FN:191,(anonymous_11)
FN:192,(anonymous_12)
FN:193,(anonymous_13)
FN:207,(anonymous_14)
FN:218,(anonymous_15)
FN:228,(anonymous_16)
FN:248,(anonymous_17)
FN:264,(anonymous_18)
FN:274,(anonymous_19)
FN:293,(anonymous_20)
FN:300,(anonymous_21)
FN:305,(anonymous_22)
FN:310,(anonymous_23)
FN:315,(anonymous_24)
FN:323,(anonymous_25)
FN:337,(anonymous_26)
FNF:27
FNH:0
FNDA:0,(anonymous_0)
FNDA:0,(anonymous_1)
FNDA:0,(anonymous_2)
FNDA:0,(anonymous_3)
FNDA:0,(anonymous_4)
FNDA:0,(anonymous_5)
FNDA:0,(anonymous_6)
FNDA:0,(anonymous_7)
FNDA:0,(anonymous_8)
FNDA:0,(anonymous_9)
FNDA:0,(anonymous_10)
FNDA:0,(anonymous_11)
FNDA:0,(anonymous_12)
FNDA:0,(anonymous_13)
FNDA:0,(anonymous_14)
FNDA:0,(anonymous_15)
FNDA:0,(anonymous_16)
FNDA:0,(anonymous_17)
FNDA:0,(anonymous_18)
FNDA:0,(anonymous_19)
FNDA:0,(anonymous_20)
FNDA:0,(anonymous_21)
FNDA:0,(anonymous_22)
FNDA:0,(anonymous_23)
FNDA:0,(anonymous_24)
FNDA:0,(anonymous_25)
FNDA:0,(anonymous_26)
DA:38,0
DA:39,0
DA:40,0
DA:45,0
DA:46,0
DA:47,0
DA:48,0
DA:51,0
DA:52,0
DA:53,0
DA:54,0
DA:57,0
DA:58,0
DA:59,0
DA:60,0
DA:62,0
DA:66,0
DA:67,0
DA:71,0
DA:72,0
DA:73,0
DA:74,0
DA:75,0
DA:76,0
DA:77,0
DA:80,0
DA:81,0
DA:83,0
DA:84,0
DA:86,0
DA:87,0
DA:90,0
DA:91,0
DA:97,0
DA:98,0
DA:99,0
DA:100,0
DA:103,0
DA:104,0
DA:105,0
DA:106,0
DA:109,0
DA:110,0
DA:111,0
DA:113,0
DA:115,0
DA:116,0
DA:119,0
DA:126,0
DA:128,0
DA:129,0
DA:131,0
DA:132,0
DA:134,0
DA:135,0
DA:137,0
DA:138,0
DA:145,0
DA:148,0
DA:149,0
DA:154,0
DA:157,0
DA:164,0
DA:165,0
DA:178,0
DA:179,0
DA:188,0
DA:189,0
DA:190,0
DA:191,0
DA:192,0
DA:193,0
DA:195,0
DA:208,0
DA:219,0
DA:220,0
DA:222,0
DA:229,0
DA:232,0
DA:233,0
DA:249,0
DA:250,0
DA:265,0
DA:275,0
DA:276,0
DA:277,0
DA:289,0
DA:294,0
DA:296,0
DA:301,0
DA:306,0
DA:311,0
DA:316,0
DA:317,0
DA:319,0
DA:320,0
DA:323,0
DA:324,0
DA:325,0
DA:327,0
DA:331,0
DA:338,0
DA:339,0
DA:345,0
DA:346,0
DA:349,0
DA:350,0
LF:107
LH:0
BRDA:46,0,0,0
BRDA:46,0,1,0
BRDA:52,1,0,0
BRDA:52,1,1,0
BRDA:80,2,0,0
BRDA:80,2,1,0
BRDA:83,3,0,0
BRDA:83,3,1,0
BRDA:86,4,0,0
BRDA:86,4,1,0
BRDA:86,5,0,0
BRDA:86,5,1,0
BRDA:98,6,0,0
BRDA:98,6,1,0
BRDA:104,7,0,0
BRDA:104,7,1,0
BRDA:115,8,0,0
BRDA:115,8,1,0
BRDA:126,9,0,0
BRDA:126,9,1,0
BRDA:132,10,0,0
BRDA:132,10,1,0
BRDA:137,11,0,0
BRDA:137,11,1,0
BRDA:148,12,0,0
BRDA:148,12,1,0
BRDA:178,13,0,0
BRDA:178,13,1,0
BRDA:219,14,0,0
BRDA:219,14,1,0
BRDA:232,15,0,0
BRDA:232,15,1,0
BRDA:249,16,0,0
BRDA:249,16,1,0
BRDA:275,17,0,0
BRDA:275,17,1,0
BRDA:294,18,0,0
BRDA:294,18,1,0
BRDA:310,19,0,0
BRDA:315,20,0,0
BRDA:338,21,0,0
BRDA:338,21,1,0
BRDA:349,22,0,0
BRDA:349,22,1,0
BRF:44
BRH:0
end_of_record
TN:
SF:src\features\canvas\utils\performance\sectionDepthManager.ts
FN:17,memoize
FN:22,(anonymous_1)
FN:24,(anonymous_2)
FN:50,getSectionDepth
FN:84,wouldExceedDepthLimit
FN:101,wouldCreateCircularReference
FN:142,(anonymous_6)
FN:165,(anonymous_7)
FN:172,validateSectionHierarchy
FN:218,repairSectionHierarchy
FN:273,getDescendantSections
FN:301,(anonymous_11)
FN:305,(anonymous_12)
FN:309,(anonymous_13)
FN:313,(anonymous_14)
FN:326,(anonymous_15)
FNF:16
FNH:0
FNDA:0,memoize
FNDA:0,(anonymous_1)
FNDA:0,(anonymous_2)
FNDA:0,getSectionDepth
FNDA:0,wouldExceedDepthLimit
FNDA:0,wouldCreateCircularReference
FNDA:0,(anonymous_6)
FNDA:0,(anonymous_7)
FNDA:0,validateSectionHierarchy
FNDA:0,repairSectionHierarchy
FNDA:0,getDescendantSections
FNDA:0,(anonymous_11)
FNDA:0,(anonymous_12)
FNDA:0,(anonymous_13)
FNDA:0,(anonymous_14)
FNDA:0,(anonymous_15)
DA:8,0
DA:9,0
DA:21,0
DA:22,0
DA:24,0
DA:26,0
DA:27,0
DA:28,0
DA:33,0
DA:36,0
DA:38,0
DA:39,0
DA:42,0
DA:43,0
DA:54,0
DA:55,0
DA:56,0
DA:58,0
DA:60,0
DA:61,0
DA:62,0
DA:65,0
DA:67,0
DA:68,0
DA:70,0
DA:71,0
DA:74,0
DA:75,0
DA:78,0
DA:89,0
DA:90,0
DA:93,0
DA:95,0
DA:107,0
DA:108,0
DA:109,0
DA:113,0
DA:114,0
DA:116,0
DA:117,0
DA:119,0
DA:122,0
DA:124,0
DA:127,0
DA:129,0
DA:130,0
DA:132,0
DA:135,0
DA:141,0
DA:143,0
DA:144,0
DA:146,0
DA:147,0
DA:148,0
DA:151,0
DA:152,0
DA:153,0
DA:155,0
DA:156,0
DA:158,0
DA:161,0
DA:165,0
DA:179,0
DA:180,0
DA:182,0
DA:184,0
DA:185,0
DA:186,0
DA:190,0
DA:191,0
DA:195,0
DA:196,0
DA:197,0
DA:198,0
DA:199,0
DA:203,0
DA:204,0
DA:208,0
DA:224,0
DA:225,0
DA:227,0
DA:228,0
DA:229,0
DA:232,0
DA:233,0
DA:234,0
DA:235,0
DA:239,0
DA:240,0
DA:241,0
DA:242,0
DA:246,0
DA:247,0
DA:248,0
DA:249,0
DA:253,0
DA:254,0
DA:255,0
DA:256,0
DA:259,0
DA:260,0
DA:264,0
DA:277,0
DA:279,0
DA:280,0
DA:281,0
DA:283,0
DA:287,0
DA:294,0
DA:302,0
DA:306,0
DA:310,0
DA:314,0
DA:315,0
DA:317,0
DA:327,0
LF:116
LH:0
BRDA:19,0,0,0
BRDA:22,1,0,0
BRDA:27,2,0,0
BRDA:27,2,1,0
BRDA:36,3,0,0
BRDA:36,3,1,0
BRDA:58,4,0,0
BRDA:58,4,1,0
BRDA:60,5,0,0
BRDA:60,5,1,0
BRDA:68,6,0,0
BRDA:68,6,1,0
BRDA:74,7,0,0
BRDA:74,7,1,0
BRDA:108,8,0,0
BRDA:108,8,1,0
BRDA:108,9,0,0
BRDA:108,9,1,0
BRDA:117,10,0,0
BRDA:117,10,1,0
BRDA:122,11,0,0
BRDA:122,11,1,0
BRDA:130,12,0,0
BRDA:130,12,1,0
BRDA:144,13,0,0
BRDA:144,13,1,0
BRDA:146,14,0,0
BRDA:146,14,1,0
BRDA:147,15,0,0
BRDA:147,15,1,0
BRDA:153,16,0,0
BRDA:153,16,1,0
BRDA:155,17,0,0
BRDA:155,17,1,0
BRDA:156,18,0,0
BRDA:156,18,1,0
BRDA:184,19,0,0
BRDA:184,19,1,0
BRDA:190,20,0,0
BRDA:190,20,1,0
BRDA:190,21,0,0
BRDA:190,21,1,0
BRDA:196,22,0,0
BRDA:196,22,1,0
BRDA:198,23,0,0
BRDA:198,23,1,0
BRDA:203,24,0,0
BRDA:203,24,1,0
BRDA:203,25,0,0
BRDA:203,25,1,0
BRDA:232,26,0,0
BRDA:232,26,1,0
BRDA:239,27,0,0
BRDA:239,27,1,0
BRDA:239,28,0,0
BRDA:239,28,1,0
BRDA:246,29,0,0
BRDA:246,29,1,0
BRDA:246,30,0,0
BRDA:246,30,1,0
BRDA:253,31,0,0
BRDA:253,31,1,0
BRDA:259,32,0,0
BRDA:259,32,1,0
BRDA:280,33,0,0
BRDA:280,33,1,0
BRF:66
BRH:0
end_of_record
TN:
SF:src\features\canvas\utils\spatial\Quadtree.ts
FN:15,getElementBounds
FN:95,boundsIntersect
FN:115,boundsContains
FN:132,(anonymous_3)
FN:139,(anonymous_4)
FN:146,(anonymous_5)
FN:172,(anonymous_6)
FN:184,(anonymous_7)
FN:192,(anonymous_8)
FN:201,(anonymous_9)
FN:212,(anonymous_10)
FN:220,(anonymous_11)
FN:238,(anonymous_12)
FN:242,(anonymous_13)
FN:247,(anonymous_14)
FN:263,(anonymous_15)
FN:286,(anonymous_16)
FN:297,(anonymous_17)
FN:314,(anonymous_18)
FN:323,(anonymous_19)
FN:334,(anonymous_20)
FN:341,(anonymous_21)
FN:350,(anonymous_22)
FN:360,createCanvasQuadtree
FN:367,batchInsertElements
FN:368,(anonymous_25)
FN:376,getVisibleElements
FN:384,(anonymous_27)
FNF:28
FNH:0
FNDA:0,getElementBounds
FNDA:0,boundsIntersect
FNDA:0,boundsContains
FNDA:0,(anonymous_3)
FNDA:0,(anonymous_4)
FNDA:0,(anonymous_5)
FNDA:0,(anonymous_6)
FNDA:0,(anonymous_7)
FNDA:0,(anonymous_8)
FNDA:0,(anonymous_9)
FNDA:0,(anonymous_10)
FNDA:0,(anonymous_11)
FNDA:0,(anonymous_12)
FNDA:0,(anonymous_13)
FNDA:0,(anonymous_14)
FNDA:0,(anonymous_15)
FNDA:0,(anonymous_16)
FNDA:0,(anonymous_17)
FNDA:0,(anonymous_18)
FNDA:0,(anonymous_19)
FNDA:0,(anonymous_20)
FNDA:0,(anonymous_21)
FNDA:0,(anonymous_22)
FNDA:0,createCanvasQuadtree
FNDA:0,batchInsertElements
FNDA:0,(anonymous_25)
FNDA:0,getVisibleElements
FNDA:0,(anonymous_27)
DA:16,0
DA:17,0
DA:23,0
DA:24,0
DA:30,0
DA:32,0
DA:33,0
DA:39,0
DA:41,0
DA:42,0
DA:43,0
DA:45,0
DA:46,0
DA:47,0
DA:48,0
DA:49,0
DA:50,0
DA:51,0
DA:54,0
DA:61,0
DA:63,0
DA:64,0
DA:66,0
DA:67,0
DA:68,0
DA:69,0
DA:70,0
DA:71,0
DA:72,0
DA:75,0
DA:84,0
DA:97,0
DA:104,0
DA:116,0
DA:128,0
DA:129,0
DA:130,0
DA:133,0
DA:140,0
DA:147,0
DA:148,0
DA:149,0
DA:151,0
DA:168,0
DA:169,0
DA:170,0
DA:173,0
DA:174,0
DA:185,0
DA:186,0
DA:193,0
DA:194,0
DA:195,0
DA:202,0
DA:203,0
DA:205,0
DA:206,0
DA:213,0
DA:214,0
DA:221,0
DA:228,0
DA:229,0
DA:232,0
DA:239,0
DA:240,0
DA:242,0
DA:243,0
DA:244,0
DA:246,0
DA:247,0
DA:251,0
DA:253,0
DA:265,0
DA:266,0
DA:270,0
DA:271,0
DA:274,0
DA:280,0
DA:283,0
DA:284,0
DA:286,0
DA:287,0
DA:288,0
DA:289,0
DA:295,0
DA:297,0
DA:298,0
DA:299,0
DA:300,0
DA:305,0
DA:306,0
DA:316,0
DA:317,0
DA:318,0
DA:322,0
DA:323,0
DA:324,0
DA:325,0
DA:336,0
DA:337,0
DA:341,0
DA:342,0
DA:343,0
DA:344,0
DA:349,0
DA:350,0
DA:351,0
DA:361,0
DA:368,0
DA:369,0
DA:381,0
DA:382,0
DA:384,0
DA:385,0
DA:386,0
DA:387,0
DA:391,0
LF:117
LH:0
BRDA:16,0,0,0
BRDA:16,0,1,0
BRDA:23,1,0,0
BRDA:23,1,1,0
BRDA:30,2,0,0
BRDA:30,2,1,0
BRDA:32,3,0,0
BRDA:32,3,1,0
BRDA:39,4,0,0
BRDA:39,4,1,0
BRDA:39,5,0,0
BRDA:39,5,1,0
BRDA:41,6,0,0
BRDA:41,6,1,0
BRDA:41,7,0,0
BRDA:41,7,1,0
BRDA:61,8,0,0
BRDA:61,8,1,0
BRDA:61,9,0,0
BRDA:61,9,1,0
BRDA:97,10,0,0
BRDA:97,10,1,0
BRDA:105,11,0,0
BRDA:105,11,1,0
BRDA:105,11,2,0
BRDA:105,11,3,0
BRDA:117,12,0,0
BRDA:117,12,1,0
BRDA:117,12,2,0
BRDA:117,12,3,0
BRDA:175,13,0,0
BRDA:175,13,1,0
BRDA:176,14,0,0
BRDA:176,14,1,0
BRDA:177,15,0,0
BRDA:177,15,1,0
BRDA:203,16,0,0
BRDA:203,16,1,0
BRDA:246,17,0,0
BRDA:246,17,1,0
BRDA:265,18,0,0
BRDA:265,18,1,0
BRDA:270,19,0,0
BRDA:270,19,1,0
BRDA:274,20,0,0
BRDA:274,20,1,0
BRDA:275,21,0,0
BRDA:275,21,1,0
BRDA:275,21,2,0
BRDA:275,21,3,0
BRDA:288,22,0,0
BRDA:288,22,1,0
BRDA:298,23,0,0
BRDA:298,23,1,0
BRDA:305,24,0,0
BRDA:305,24,1,0
BRDA:317,25,0,0
BRDA:317,25,1,0
BRDA:322,26,0,0
BRDA:322,26,1,0
BRDA:324,27,0,0
BRDA:324,27,1,0
BRDA:336,28,0,0
BRDA:336,28,1,0
BRDA:343,29,0,0
BRDA:343,29,1,0
BRDA:343,30,0,0
BRDA:343,30,1,0
BRDA:349,31,0,0
BRDA:349,31,1,0
BRDA:386,32,0,0
BRDA:386,32,1,0
BRDA:386,33,0,0
BRDA:386,33,1,0
BRF:74
BRH:0
end_of_record
TN:
SF:src\features\canvas\utils\viewport\quadtree.ts
FN:14,(anonymous_0)
FN:19,(anonymous_1)
FN:41,(anonymous_2)
FN:61,(anonymous_3)
FNF:4
FNH:0
FNDA:0,(anonymous_0)
FNDA:0,(anonymous_1)
FNDA:0,(anonymous_2)
FNDA:0,(anonymous_3)
DA:4,0
DA:5,0
DA:6,0
DA:7,0
DA:9,0
DA:10,0
DA:11,0
DA:12,0
DA:15,0
DA:16,0
DA:20,0
DA:21,0
DA:24,0
DA:25,0
DA:26,0
DA:29,0
DA:30,0
DA:33,0
DA:34,0
DA:35,0
DA:36,0
DA:38,0
DA:42,0
DA:43,0
DA:44,0
DA:46,0
DA:47,0
DA:49,0
DA:50,0
DA:52,0
DA:53,0
DA:55,0
DA:56,0
DA:58,0
DA:62,0
DA:63,0
DA:66,0
DA:67,0
DA:68,0
DA:72,0
DA:73,0
DA:74,0
DA:75,0
DA:76,0
DA:79,0
LF:45
LH:0
BRDA:20,0,0,0
BRDA:20,0,1,0
BRDA:24,1,0,0
BRDA:24,1,1,0
BRDA:29,2,0,0
BRDA:29,2,1,0
BRDA:33,3,0,0
BRDA:33,3,1,0
BRDA:34,4,0,0
BRDA:34,4,1,0
BRDA:35,5,0,0
BRDA:35,5,1,0
BRDA:36,6,0,0
BRDA:36,6,1,0
BRDA:61,7,0,0
BRDA:62,8,0,0
BRDA:62,8,1,0
BRDA:67,9,0,0
BRDA:67,9,1,0
BRDA:72,10,0,0
BRDA:72,10,1,0
BRF:21
BRH:0
end_of_record
TN:
SF:src\features\canvas\utils\viewport\types.ts
FN:7,(anonymous_0)
FN:14,(anonymous_1)
FN:23,(anonymous_2)
FNF:3
FNH:0
FNDA:0,(anonymous_0)
FNDA:0,(anonymous_1)
FNDA:0,(anonymous_2)
DA:2,0
DA:3,0
DA:4,0
DA:5,0
DA:8,0
DA:9,0
DA:10,0
DA:11,0
DA:15,0
DA:24,0
LF:10
LH:0
BRDA:16,0,0,0
BRDA:16,0,1,0
BRDA:16,0,2,0
BRDA:16,0,3,0
BRDA:25,1,0,0
BRDA:25,1,1,0
BRDA:25,1,2,0
BRDA:25,1,3,0
BRF:8
BRH:0
end_of_record
TN:
SF:src\features\canvas\utils\viewport\viewportCuller.ts
FN:8,(anonymous_0)
FN:12,(anonymous_1)
FN:19,(anonymous_2)
FNF:3
FNH:0
FNDA:0,(anonymous_0)
FNDA:0,(anonymous_1)
FNDA:0,(anonymous_2)
DA:6,0
DA:9,0
DA:13,0
DA:14,0
DA:15,0
DA:20,0
LF:6
LH:0
BRF:0
BRH:0
end_of_record
